{"/Users/nikitagorokhov/cometa-bots/euphoria/src/config.ts": {"path":"/Users/nikitagorokhov/cometa-bots/euphoria/src/config.ts","statementMap":{"0":{"start":{"line":1,"column":0},"end":{"line":1,"column":33}},"1":{"start":{"line":2,"column":0},"end":{"line":2,"column":42}},"2":{"start":{"line":4,"column":0},"end":{"line":4,"column":16}},"3":{"start":{"line":6,"column":13},"end":{"line":6,"column":75}},"4":{"start":{"line":7,"column":13},"end":{"line":7,"column":67}},"5":{"start":{"line":8,"column":13},"end":{"line":8,"column":61}},"6":{"start":{"line":9,"column":21},"end":{"line":9,"column":45}},"7":{"start":{"line":10,"column":21},"end":{"line":10,"column":45}},"8":{"start":{"line":11,"column":21},"end":{"line":11,"column":45}},"9":{"start":{"line":12,"column":25},"end":{"line":12,"column":53}},"10":{"start":{"line":13,"column":25},"end":{"line":13,"column":53}},"11":{"start":{"line":14,"column":27},"end":{"line":14,"column":57}},"12":{"start":{"line":16,"column":13},"end":{"line":18,"column":68}},"13":{"start":{"line":20,"column":13},"end":{"line":22,"column":18}},"14":{"start":{"line":23,"column":13},"end":{"line":24,"column":65}},"15":{"start":{"line":27,"column":13},"end":{"line":27,"column":65}},"16":{"start":{"line":28,"column":13},"end":{"line":28,"column":97}},"17":{"start":{"line":28,"column":76},"end":{"line":28,"column":95}},"18":{"start":{"line":31,"column":13},"end":{"line":32,"column":59}},"19":{"start":{"line":33,"column":13},"end":{"line":34,"column":55}}},"fnMap":{"0":{"name":"(anonymous_9)","decl":{"start":{"line":28,"column":70},"end":{"line":28,"column":72}},"loc":{"start":{"line":28,"column":76},"end":{"line":28,"column":95}}}},"branchMap":{"0":{"loc":{"start":{"line":16,"column":27},"end":{"line":18,"column":67}},"type":"cond-expr","locations":[{"start":{"line":17,"column":4},"end":{"line":17,"column":120}},{"start":{"line":18,"column":4},"end":{"line":18,"column":67}}]},"1":{"loc":{"start":{"line":20,"column":25},"end":{"line":22,"column":17}},"type":"cond-expr","locations":[{"start":{"line":21,"column":4},"end":{"line":21,"column":47}},{"start":{"line":22,"column":4},"end":{"line":22,"column":17}}]},"2":{"loc":{"start":{"line":23,"column":48},"end":{"line":24,"column":64}},"type":"cond-expr","locations":[{"start":{"line":24,"column":4},"end":{"line":24,"column":58}},{"start":{"line":24,"column":61},"end":{"line":24,"column":64}}]},"3":{"loc":{"start":{"line":27,"column":31},"end":{"line":27,"column":64}},"type":"binary-expr","locations":[{"start":{"line":27,"column":31},"end":{"line":27,"column":58}},{"start":{"line":27,"column":62},"end":{"line":27,"column":64}}]},"4":{"loc":{"start":{"line":28,"column":26},"end":{"line":28,"column":53}},"type":"binary-expr","locations":[{"start":{"line":28,"column":26},"end":{"line":28,"column":47}},{"start":{"line":28,"column":51},"end":{"line":28,"column":53}}]},"5":{"loc":{"start":{"line":31,"column":44},"end":{"line":32,"column":58}},"type":"cond-expr","locations":[{"start":{"line":32,"column":4},"end":{"line":32,"column":54}},{"start":{"line":32,"column":57},"end":{"line":32,"column":58}}]},"6":{"loc":{"start":{"line":33,"column":40},"end":{"line":34,"column":54}},"type":"cond-expr","locations":[{"start":{"line":34,"column":4},"end":{"line":34,"column":50}},{"start":{"line":34,"column":53},"end":{"line":34,"column":54}}]}},"s":{"0":1,"1":1,"2":1,"3":1,"4":1,"5":1,"6":1,"7":1,"8":1,"9":1,"10":1,"11":1,"12":1,"13":1,"14":1,"15":1,"16":1,"17":1,"18":1,"19":1},"f":{"0":1},"b":{"0":[0,1],"1":[1,0],"2":[1,0],"3":[1,0],"4":[1,0],"5":[0,1],"6":[0,1]}}
,"/Users/nikitagorokhov/cometa-bots/euphoria/src/index.ts": {"path":"/Users/nikitagorokhov/cometa-bots/euphoria/src/index.ts","statementMap":{"0":{"start":{"line":1,"column":0},"end":{"line":1,"column":33}},"1":{"start":{"line":2,"column":0},"end":{"line":2,"column":56}},"2":{"start":{"line":5,"column":19},"end":{"line":5,"column":54}},"3":{"start":{"line":8,"column":0},"end":{"line":8,"column":60}},"4":{"start":{"line":9,"column":0},"end":{"line":16,"column":5}},"5":{"start":{"line":11,"column":4},"end":{"line":11,"column":48}},"6":{"start":{"line":14,"column":4},"end":{"line":14,"column":61}},"7":{"start":{"line":15,"column":4},"end":{"line":15,"column":20}}},"fnMap":{"0":{"name":"(anonymous_0)","decl":{"start":{"line":10,"column":8},"end":{"line":10,"column":11}},"loc":{"start":{"line":10,"column":13},"end":{"line":12,"column":3}}},"1":{"name":"(anonymous_1)","decl":{"start":{"line":13,"column":9},"end":{"line":13,"column":14}},"loc":{"start":{"line":13,"column":17},"end":{"line":16,"column":3}}}},"branchMap":{},"s":{"0":0,"1":0,"2":0,"3":0,"4":0,"5":0,"6":0,"7":0},"f":{"0":0,"1":0},"b":{}}
,"/Users/nikitagorokhov/cometa-bots/euphoria/src/app/bot.ts": {"path":"/Users/nikitagorokhov/cometa-bots/euphoria/src/app/bot.ts","statementMap":{"0":{"start":{"line":9,"column":0},"end":{"line":9,"column":16}},"1":{"start":{"line":1,"column":0},"end":{"line":1,"column":38}},"2":{"start":{"line":2,"column":0},"end":{"line":2,"column":47}},"3":{"start":{"line":4,"column":0},"end":{"line":4,"column":57}},"4":{"start":{"line":5,"column":0},"end":{"line":5,"column":43}},"5":{"start":{"line":6,"column":0},"end":{"line":6,"column":69}},"6":{"start":{"line":11,"column":16},"end":{"line":11,"column":62}},"7":{"start":{"line":14,"column":4},"end":{"line":19,"column":8}},"8":{"start":{"line":15,"column":43},"end":{"line":18,"column":10}},"9":{"start":{"line":22,"column":4},"end":{"line":22,"column":35}},"10":{"start":{"line":25,"column":4},"end":{"line":36,"column":7}},"11":{"start":{"line":27,"column":8},"end":{"line":35,"column":9}},"12":{"start":{"line":28,"column":12},"end":{"line":28,"column":60}},"13":{"start":{"line":31,"column":12},"end":{"line":34,"column":15}},"14":{"start":{"line":38,"column":4},"end":{"line":38,"column":15}}},"fnMap":{"0":{"name":"createBot","decl":{"start":{"line":9,"column":16},"end":{"line":9,"column":25}},"loc":{"start":{"line":9,"column":25},"end":{"line":39,"column":1}}},"1":{"name":"(anonymous_1)","decl":{"start":{"line":15,"column":17},"end":{"line":15,"column":39}},"loc":{"start":{"line":15,"column":43},"end":{"line":18,"column":10}}},"2":{"name":"(anonymous_2)","decl":{"start":{"line":25,"column":14},"end":{"line":25,"column":15}},"loc":{"start":{"line":25,"column":22},"end":{"line":36,"column":5}}}},"branchMap":{"0":{"loc":{"start":{"line":27,"column":8},"end":{"line":35,"column":9}},"type":"if","locations":[{"start":{"line":27,"column":8},"end":{"line":35,"column":9}},{"start":{"line":29,"column":15},"end":{"line":35,"column":9}}]}},"s":{"0":0,"1":0,"2":0,"3":0,"4":0,"5":0,"6":0,"7":0,"8":0,"9":0,"10":0,"11":0,"12":0,"13":0,"14":0},"f":{"0":0,"1":0,"2":0},"b":{"0":[0,0]}}
,"/Users/nikitagorokhov/cometa-bots/euphoria/src/app/feature-registry.ts": {"path":"/Users/nikitagorokhov/cometa-bots/euphoria/src/app/feature-registry.ts","statementMap":{"0":{"start":{"line":14,"column":0},"end":{"line":14,"column":16}},"1":{"start":{"line":3,"column":0},"end":{"line":3,"column":56}},"2":{"start":{"line":4,"column":0},"end":{"line":4,"column":73}},"3":{"start":{"line":5,"column":0},"end":{"line":5,"column":77}},"4":{"start":{"line":6,"column":0},"end":{"line":6,"column":71}},"5":{"start":{"line":7,"column":0},"end":{"line":7,"column":64}},"6":{"start":{"line":8,"column":0},"end":{"line":8,"column":68}},"7":{"start":{"line":9,"column":0},"end":{"line":9,"column":41}},"8":{"start":{"line":16,"column":4},"end":{"line":16,"column":55}},"9":{"start":{"line":19,"column":4},"end":{"line":19,"column":30}},"10":{"start":{"line":22,"column":4},"end":{"line":22,"column":36}},"11":{"start":{"line":23,"column":4},"end":{"line":23,"column":38}},"12":{"start":{"line":24,"column":4},"end":{"line":24,"column":40}},"13":{"start":{"line":25,"column":4},"end":{"line":25,"column":37}},"14":{"start":{"line":26,"column":4},"end":{"line":26,"column":34}},"15":{"start":{"line":28,"column":4},"end":{"line":28,"column":64}}},"fnMap":{"0":{"name":"registerFeatures","decl":{"start":{"line":14,"column":16},"end":{"line":14,"column":32}},"loc":{"start":{"line":14,"column":60},"end":{"line":30,"column":1}}}},"branchMap":{},"s":{"0":0,"1":0,"2":0,"3":0,"4":0,"5":0,"6":0,"7":0,"8":0,"9":0,"10":0,"11":0,"12":0,"13":0,"14":0,"15":0},"f":{"0":0},"b":{}}
,"/Users/nikitagorokhov/cometa-bots/euphoria/src/app/index.ts": {"path":"/Users/nikitagorokhov/cometa-bots/euphoria/src/app/index.ts","statementMap":{"0":{"start":{"line":20,"column":0},"end":{"line":20,"column":7}},"1":{"start":{"line":2,"column":0},"end":{"line":2,"column":34}},"2":{"start":{"line":3,"column":0},"end":{"line":3,"column":54}},"3":{"start":{"line":4,"column":0},"end":{"line":4,"column":48}},"4":{"start":{"line":5,"column":0},"end":{"line":5,"column":71}},"5":{"start":{"line":6,"column":0},"end":{"line":6,"column":55}},"6":{"start":{"line":7,"column":0},"end":{"line":7,"column":38}},"7":{"start":{"line":11,"column":18},"end":{"line":11,"column":48}},"8":{"start":{"line":14,"column":13},"end":{"line":14,"column":31}},"9":{"start":{"line":21,"column":4},"end":{"line":21,"column":59}},"10":{"start":{"line":23,"column":4},"end":{"line":62,"column":5}},"11":{"start":{"line":25,"column":8},"end":{"line":25,"column":52}},"12":{"start":{"line":26,"column":8},"end":{"line":26,"column":34}},"13":{"start":{"line":27,"column":8},"end":{"line":27,"column":58}},"14":{"start":{"line":30,"column":8},"end":{"line":30,"column":30}},"15":{"start":{"line":33,"column":8},"end":{"line":33,"column":42}},"16":{"start":{"line":34,"column":8},"end":{"line":34,"column":26}},"17":{"start":{"line":35,"column":8},"end":{"line":35,"column":51}},"18":{"start":{"line":38,"column":8},"end":{"line":38,"column":59}},"19":{"start":{"line":39,"column":8},"end":{"line":39,"column":36}},"20":{"start":{"line":42,"column":8},"end":{"line":42,"column":78}},"21":{"start":{"line":43,"column":8},"end":{"line":53,"column":15}},"22":{"start":{"line":45,"column":16},"end":{"line":49,"column":17}},"23":{"start":{"line":46,"column":20},"end":{"line":46,"column":78}},"24":{"start":{"line":48,"column":20},"end":{"line":48,"column":103}},"25":{"start":{"line":52,"column":16},"end":{"line":52,"column":89}},"26":{"start":{"line":55,"column":8},"end":{"line":55,"column":55}},"27":{"start":{"line":58,"column":8},"end":{"line":58,"column":19}},"28":{"start":{"line":60,"column":8},"end":{"line":60,"column":63}},"29":{"start":{"line":61,"column":8},"end":{"line":61,"column":20}},"30":{"start":{"line":66,"column":0},"end":{"line":71,"column":1}},"31":{"start":{"line":67,"column":4},"end":{"line":70,"column":7}},"32":{"start":{"line":68,"column":8},"end":{"line":68,"column":66}},"33":{"start":{"line":69,"column":8},"end":{"line":69,"column":24}}},"fnMap":{"0":{"name":"startApp","decl":{"start":{"line":20,"column":22},"end":{"line":20,"column":30}},"loc":{"start":{"line":20,"column":30},"end":{"line":63,"column":1}}},"1":{"name":"(anonymous_1)","decl":{"start":{"line":44,"column":18},"end":{"line":44,"column":27}},"loc":{"start":{"line":44,"column":30},"end":{"line":50,"column":13}}},"2":{"name":"(anonymous_2)","decl":{"start":{"line":51,"column":19},"end":{"line":51,"column":24}},"loc":{"start":{"line":51,"column":27},"end":{"line":53,"column":13}}},"3":{"name":"(anonymous_3)","decl":{"start":{"line":67,"column":21},"end":{"line":67,"column":26}},"loc":{"start":{"line":67,"column":29},"end":{"line":70,"column":5}}}},"branchMap":{"0":{"loc":{"start":{"line":45,"column":16},"end":{"line":49,"column":17}},"type":"if","locations":[{"start":{"line":45,"column":16},"end":{"line":49,"column":17}},{"start":{"line":47,"column":23},"end":{"line":49,"column":17}}]},"1":{"loc":{"start":{"line":66,"column":0},"end":{"line":71,"column":1}},"type":"if","locations":[{"start":{"line":66,"column":0},"end":{"line":71,"column":1}}]}},"s":{"0":0,"1":0,"2":0,"3":0,"4":0,"5":0,"6":0,"7":0,"8":0,"9":0,"10":0,"11":0,"12":0,"13":0,"14":0,"15":0,"16":0,"17":0,"18":0,"19":0,"20":0,"21":0,"22":0,"23":0,"24":0,"25":0,"26":0,"27":0,"28":0,"29":0,"30":0,"31":0,"32":0,"33":0},"f":{"0":0,"1":0,"2":0,"3":0},"b":{"0":[0,0],"1":[0]}}
,"/Users/nikitagorokhov/cometa-bots/euphoria/src/config/ai-prompts.ts": {"path":"/Users/nikitagorokhov/cometa-bots/euphoria/src/config/ai-prompts.ts","statementMap":{"0":{"start":{"line":7,"column":13},"end":{"line":83,"column":2}},"1":{"start":{"line":86,"column":13},"end":{"line":111,"column":2}}},"fnMap":{},"branchMap":{},"s":{"0":0,"1":0},"f":{},"b":{}}
,"/Users/nikitagorokhov/cometa-bots/euphoria/src/config/index.ts": {"path":"/Users/nikitagorokhov/cometa-bots/euphoria/src/config/index.ts","statementMap":{"0":{"start":{"line":1,"column":0},"end":{"line":1,"column":33}},"1":{"start":{"line":2,"column":0},"end":{"line":2,"column":24}},"2":{"start":{"line":3,"column":0},"end":{"line":3,"column":43}},"3":{"start":{"line":6,"column":0},"end":{"line":10,"column":3}},"4":{"start":{"line":108,"column":18},"end":{"line":108,"column":50}},"5":{"start":{"line":110,"column":4},"end":{"line":112,"column":5}},"6":{"start":{"line":111,"column":8},"end":{"line":111,"column":67}},"7":{"start":{"line":114,"column":4},"end":{"line":114,"column":23}},"8":{"start":{"line":120,"column":13},"end":{"line":120,"column":92}},"9":{"start":{"line":125,"column":13},"end":{"line":158,"column":2}},"10":{"start":{"line":147,"column":12},"end":{"line":149,"column":69}},"11":{"start":{"line":164,"column":13},"end":{"line":164,"column":59}},"12":{"start":{"line":165,"column":13},"end":{"line":165,"column":100}},"13":{"start":{"line":166,"column":13},"end":{"line":166,"column":51}},"14":{"start":{"line":167,"column":13},"end":{"line":167,"column":52}},"15":{"start":{"line":168,"column":13},"end":{"line":168,"column":49}},"16":{"start":{"line":169,"column":13},"end":{"line":169,"column":49}},"17":{"start":{"line":170,"column":13},"end":{"line":170,"column":49}},"18":{"start":{"line":171,"column":13},"end":{"line":171,"column":57}},"19":{"start":{"line":172,"column":13},"end":{"line":172,"column":53}},"20":{"start":{"line":173,"column":13},"end":{"line":173,"column":62}},"21":{"start":{"line":174,"column":13},"end":{"line":174,"column":47}},"22":{"start":{"line":175,"column":13},"end":{"line":175,"column":46}}},"fnMap":{"0":{"name":"getEnv","decl":{"start":{"line":107,"column":9},"end":{"line":107,"column":15}},"loc":{"start":{"line":107,"column":67},"end":{"line":115,"column":1}}},"1":{"name":"(anonymous_11)","decl":{"start":{"line":146,"column":8},"end":{"line":146,"column":12}},"loc":{"start":{"line":146,"column":15},"end":{"line":150,"column":9}}}},"branchMap":{"0":{"loc":{"start":{"line":7,"column":10},"end":{"line":9,"column":45}},"type":"cond-expr","locations":[{"start":{"line":8,"column":10},"end":{"line":8,"column":50}},{"start":{"line":9,"column":10},"end":{"line":9,"column":45}}]},"1":{"loc":{"start":{"line":107,"column":52},"end":{"line":107,"column":67}},"type":"default-arg","locations":[{"start":{"line":107,"column":63},"end":{"line":107,"column":67}}]},"2":{"loc":{"start":{"line":108,"column":18},"end":{"line":108,"column":50}},"type":"binary-expr","locations":[{"start":{"line":108,"column":18},"end":{"line":108,"column":34}},{"start":{"line":108,"column":38},"end":{"line":108,"column":50}}]},"3":{"loc":{"start":{"line":110,"column":4},"end":{"line":112,"column":5}},"type":"if","locations":[{"start":{"line":110,"column":4},"end":{"line":112,"column":5}}]},"4":{"loc":{"start":{"line":110,"column":8},"end":{"line":110,"column":26}},"type":"binary-expr","locations":[{"start":{"line":110,"column":8},"end":{"line":110,"column":16}},{"start":{"line":110,"column":20},"end":{"line":110,"column":26}}]},"5":{"loc":{"start":{"line":114,"column":11},"end":{"line":114,"column":22}},"type":"binary-expr","locations":[{"start":{"line":114,"column":11},"end":{"line":114,"column":16}},{"start":{"line":114,"column":20},"end":{"line":114,"column":22}}]},"6":{"loc":{"start":{"line":120,"column":38},"end":{"line":120,"column":91}},"type":"binary-expr","locations":[{"start":{"line":120,"column":38},"end":{"line":120,"column":74}},{"start":{"line":120,"column":78},"end":{"line":120,"column":91}}]},"7":{"loc":{"start":{"line":147,"column":19},"end":{"line":149,"column":68}},"type":"cond-expr","locations":[{"start":{"line":148,"column":16},"end":{"line":148,"column":113}},{"start":{"line":149,"column":18},"end":{"line":149,"column":68}}]},"8":{"loc":{"start":{"line":154,"column":15},"end":{"line":156,"column":25}},"type":"cond-expr","locations":[{"start":{"line":155,"column":12},"end":{"line":155,"column":55}},{"start":{"line":156,"column":12},"end":{"line":156,"column":25}}]},"9":{"loc":{"start":{"line":165,"column":48},"end":{"line":165,"column":99}},"type":"binary-expr","locations":[{"start":{"line":165,"column":48},"end":{"line":165,"column":92}},{"start":{"line":165,"column":96},"end":{"line":165,"column":99}}]}},"s":{"0":0,"1":0,"2":0,"3":0,"4":0,"5":0,"6":0,"7":0,"8":0,"9":0,"10":0,"11":0,"12":0,"13":0,"14":0,"15":0,"16":0,"17":0,"18":0,"19":0,"20":0,"21":0,"22":0},"f":{"0":0,"1":0},"b":{"0":[0,0],"1":[0],"2":[0,0],"3":[0],"4":[0,0],"5":[0,0],"6":[0,0],"7":[0,0],"8":[0,0],"9":[0,0]}}
,"/Users/nikitagorokhov/cometa-bots/euphoria/src/database/connection.ts": {"path":"/Users/nikitagorokhov/cometa-bots/euphoria/src/database/connection.ts","statementMap":{"0":{"start":{"line":5,"column":0},"end":{"line":5,"column":7}},"1":{"start":{"line":16,"column":0},"end":{"line":16,"column":7}},"2":{"start":{"line":1,"column":0},"end":{"line":1,"column":32}},"3":{"start":{"line":2,"column":0},"end":{"line":2,"column":40}},"4":{"start":{"line":6,"column":4},"end":{"line":12,"column":5}},"5":{"start":{"line":7,"column":8},"end":{"line":7,"column":44}},"6":{"start":{"line":8,"column":8},"end":{"line":8,"column":57}},"7":{"start":{"line":10,"column":8},"end":{"line":10,"column":62}},"8":{"start":{"line":11,"column":8},"end":{"line":11,"column":24}},"9":{"start":{"line":17,"column":4},"end":{"line":22,"column":5}},"10":{"start":{"line":18,"column":8},"end":{"line":18,"column":36}},"11":{"start":{"line":19,"column":8},"end":{"line":19,"column":62}},"12":{"start":{"line":21,"column":8},"end":{"line":21,"column":67}},"13":{"start":{"line":26,"column":0},"end":{"line":29,"column":3}},"14":{"start":{"line":27,"column":4},"end":{"line":27,"column":35}},"15":{"start":{"line":28,"column":4},"end":{"line":28,"column":20}},"16":{"start":{"line":31,"column":0},"end":{"line":34,"column":3}},"17":{"start":{"line":32,"column":4},"end":{"line":32,"column":35}},"18":{"start":{"line":33,"column":4},"end":{"line":33,"column":20}}},"fnMap":{"0":{"name":"connectToDatabase","decl":{"start":{"line":5,"column":22},"end":{"line":5,"column":39}},"loc":{"start":{"line":5,"column":39},"end":{"line":13,"column":1}}},"1":{"name":"disconnectFromDatabase","decl":{"start":{"line":16,"column":22},"end":{"line":16,"column":44}},"loc":{"start":{"line":16,"column":44},"end":{"line":23,"column":1}}},"2":{"name":"(anonymous_3)","decl":{"start":{"line":26,"column":21},"end":{"line":26,"column":26}},"loc":{"start":{"line":26,"column":32},"end":{"line":29,"column":1}}},"3":{"name":"(anonymous_4)","decl":{"start":{"line":31,"column":22},"end":{"line":31,"column":27}},"loc":{"start":{"line":31,"column":33},"end":{"line":34,"column":1}}}},"branchMap":{},"s":{"0":0,"1":0,"2":0,"3":0,"4":0,"5":0,"6":0,"7":0,"8":0,"9":0,"10":0,"11":0,"12":0,"13":0,"14":0,"15":0,"16":0,"17":0,"18":0},"f":{"0":0,"1":0,"2":0,"3":0},"b":{}}
,"/Users/nikitagorokhov/cometa-bots/euphoria/src/database/index.ts": {"path":"/Users/nikitagorokhov/cometa-bots/euphoria/src/database/index.ts","statementMap":{"0":{"start":{"line":2,"column":0},"end":{"line":2,"column":29}},"1":{"start":{"line":5,"column":0},"end":{"line":5,"column":36}},"2":{"start":{"line":6,"column":0},"end":{"line":6,"column":39}},"3":{"start":{"line":7,"column":0},"end":{"line":7,"column":44}},"4":{"start":{"line":8,"column":0},"end":{"line":8,"column":39}}},"fnMap":{},"branchMap":{},"s":{"0":0,"1":0,"2":0,"3":0,"4":0},"f":{},"b":{}}
,"/Users/nikitagorokhov/cometa-bots/euphoria/src/database/models/conversation.model.ts": {"path":"/Users/nikitagorokhov/cometa-bots/euphoria/src/database/models/conversation.model.ts","statementMap":{"0":{"start":{"line":31,"column":0},"end":{"line":31,"column":7}},"1":{"start":{"line":38,"column":0},"end":{"line":38,"column":7}},"2":{"start":{"line":42,"column":0},"end":{"line":42,"column":7}},"3":{"start":{"line":50,"column":0},"end":{"line":50,"column":7}},"4":{"start":{"line":57,"column":0},"end":{"line":57,"column":7}},"5":{"start":{"line":1,"column":0},"end":{"line":1,"column":61}},"6":{"start":{"line":9,"column":27},"end":{"line":24,"column":null}},"7":{"start":{"line":28,"column":13},"end":{"line":28,"column":94}},"8":{"start":{"line":32,"column":4},"end":{"line":35,"column":7}},"9":{"start":{"line":39,"column":4},"end":{"line":39,"column":90}},"10":{"start":{"line":43,"column":4},"end":{"line":47,"column":6}},"11":{"start":{"line":51,"column":4},"end":{"line":54,"column":6}},"12":{"start":{"line":58,"column":4},"end":{"line":58,"column":71}}},"fnMap":{"0":{"name":"createConversation","decl":{"start":{"line":31,"column":22},"end":{"line":31,"column":40}},"loc":{"start":{"line":31,"column":63},"end":{"line":36,"column":1}}},"1":{"name":"getActiveConversation","decl":{"start":{"line":38,"column":22},"end":{"line":38,"column":43}},"loc":{"start":{"line":38,"column":66},"end":{"line":40,"column":1}}},"2":{"name":"endConversation","decl":{"start":{"line":42,"column":22},"end":{"line":42,"column":37}},"loc":{"start":{"line":42,"column":68},"end":{"line":48,"column":1}}},"3":{"name":"endAllUserConversations","decl":{"start":{"line":50,"column":22},"end":{"line":50,"column":45}},"loc":{"start":{"line":50,"column":68},"end":{"line":55,"column":1}}},"4":{"name":"getConversationsByUser","decl":{"start":{"line":57,"column":22},"end":{"line":57,"column":44}},"loc":{"start":{"line":57,"column":67},"end":{"line":59,"column":1}}}},"branchMap":{},"s":{"0":0,"1":0,"2":0,"3":0,"4":0,"5":0,"6":0,"7":0,"8":0,"9":0,"10":0,"11":0,"12":0},"f":{"0":0,"1":0,"2":0,"3":0,"4":0},"b":{}}
,"/Users/nikitagorokhov/cometa-bots/euphoria/src/database/models/journal.model.ts": {"path":"/Users/nikitagorokhov/cometa-bots/euphoria/src/database/models/journal.model.ts","statementMap":{"0":{"start":{"line":64,"column":0},"end":{"line":64,"column":7}},"1":{"start":{"line":72,"column":0},"end":{"line":72,"column":7}},"2":{"start":{"line":76,"column":0},"end":{"line":76,"column":7}},"3":{"start":{"line":83,"column":0},"end":{"line":83,"column":7}},"4":{"start":{"line":94,"column":0},"end":{"line":94,"column":7}},"5":{"start":{"line":105,"column":0},"end":{"line":105,"column":7}},"6":{"start":{"line":116,"column":0},"end":{"line":116,"column":7}},"7":{"start":{"line":127,"column":0},"end":{"line":127,"column":7}},"8":{"start":{"line":138,"column":0},"end":{"line":138,"column":7}},"9":{"start":{"line":156,"column":0},"end":{"line":156,"column":7}},"10":{"start":{"line":163,"column":0},"end":{"line":163,"column":7}},"11":{"start":{"line":167,"column":0},"end":{"line":167,"column":7}},"12":{"start":{"line":1,"column":0},"end":{"line":1,"column":61}},"13":{"start":{"line":2,"column":0},"end":{"line":2,"column":null}},"14":{"start":{"line":16,"column":27},"end":{"line":57,"column":null}},"15":{"start":{"line":61,"column":13},"end":{"line":61,"column":94}},"16":{"start":{"line":65,"column":4},"end":{"line":69,"column":7}},"17":{"start":{"line":73,"column":4},"end":{"line":73,"column":80}},"18":{"start":{"line":77,"column":4},"end":{"line":80,"column":52}},"19":{"start":{"line":87,"column":4},"end":{"line":91,"column":6}},"20":{"start":{"line":98,"column":4},"end":{"line":102,"column":6}},"21":{"start":{"line":109,"column":4},"end":{"line":113,"column":6}},"22":{"start":{"line":120,"column":4},"end":{"line":124,"column":6}},"23":{"start":{"line":131,"column":4},"end":{"line":135,"column":6}},"24":{"start":{"line":143,"column":4},"end":{"line":153,"column":6}},"25":{"start":{"line":157,"column":4},"end":{"line":160,"column":31}},"26":{"start":{"line":164,"column":4},"end":{"line":164,"column":72}},"27":{"start":{"line":171,"column":4},"end":{"line":175,"column":6}}},"fnMap":{"0":{"name":"createJournalEntry","decl":{"start":{"line":64,"column":22},"end":{"line":64,"column":40}},"loc":{"start":{"line":64,"column":63},"end":{"line":70,"column":1}}},"1":{"name":"getJournalEntryById","decl":{"start":{"line":72,"column":22},"end":{"line":72,"column":41}},"loc":{"start":{"line":72,"column":65},"end":{"line":74,"column":1}}},"2":{"name":"getActiveJournalEntry","decl":{"start":{"line":76,"column":22},"end":{"line":76,"column":43}},"loc":{"start":{"line":76,"column":66},"end":{"line":81,"column":1}}},"3":{"name":"addMessageToJournalEntry","decl":{"start":{"line":83,"column":22},"end":{"line":83,"column":46}},"loc":{"start":{"line":85,"column":29},"end":{"line":92,"column":1}}},"4":{"name":"updateJournalEntryStatus","decl":{"start":{"line":94,"column":22},"end":{"line":94,"column":46}},"loc":{"start":{"line":96,"column":30},"end":{"line":103,"column":1}}},"5":{"name":"updateJournalEntryAnalysis","decl":{"start":{"line":105,"column":22},"end":{"line":105,"column":48}},"loc":{"start":{"line":107,"column":20},"end":{"line":114,"column":1}}},"6":{"name":"updateJournalEntryQuestions","decl":{"start":{"line":116,"column":22},"end":{"line":116,"column":49}},"loc":{"start":{"line":118,"column":23},"end":{"line":125,"column":1}}},"7":{"name":"updateJournalEntryInsights","decl":{"start":{"line":127,"column":22},"end":{"line":127,"column":48}},"loc":{"start":{"line":129,"column":20},"end":{"line":136,"column":1}}},"8":{"name":"completeJournalEntry","decl":{"start":{"line":138,"column":22},"end":{"line":138,"column":42}},"loc":{"start":{"line":141,"column":20},"end":{"line":154,"column":1}}},"9":{"name":"getUserJournalEntries","decl":{"start":{"line":156,"column":22},"end":{"line":156,"column":43}},"loc":{"start":{"line":156,"column":66},"end":{"line":161,"column":1}}},"10":{"name":"getAllJournalEntries","decl":{"start":{"line":163,"column":22},"end":{"line":163,"column":42}},"loc":{"start":{"line":163,"column":42},"end":{"line":165,"column":1}}},"11":{"name":"updateJournalEntryFullText","decl":{"start":{"line":167,"column":22},"end":{"line":167,"column":48}},"loc":{"start":{"line":169,"column":20},"end":{"line":176,"column":1}}}},"branchMap":{},"s":{"0":0,"1":0,"2":0,"3":0,"4":0,"5":0,"6":0,"7":0,"8":0,"9":0,"10":0,"11":0,"12":0,"13":0,"14":0,"15":0,"16":0,"17":0,"18":0,"19":0,"20":0,"21":0,"22":0,"23":0,"24":0,"25":0,"26":0,"27":0},"f":{"0":0,"1":0,"2":0,"3":0,"4":0,"5":0,"6":0,"7":0,"8":0,"9":0,"10":0,"11":0},"b":{}}
,"/Users/nikitagorokhov/cometa-bots/euphoria/src/database/models/message.model.ts": {"path":"/Users/nikitagorokhov/cometa-bots/euphoria/src/database/models/message.model.ts","statementMap":{"0":{"start":{"line":85,"column":0},"end":{"line":85,"column":7}},"1":{"start":{"line":102,"column":0},"end":{"line":102,"column":7}},"2":{"start":{"line":123,"column":0},"end":{"line":123,"column":7}},"3":{"start":{"line":142,"column":0},"end":{"line":142,"column":7}},"4":{"start":{"line":163,"column":0},"end":{"line":163,"column":7}},"5":{"start":{"line":167,"column":0},"end":{"line":167,"column":7}},"6":{"start":{"line":171,"column":0},"end":{"line":171,"column":7}},"7":{"start":{"line":178,"column":0},"end":{"line":178,"column":7}},"8":{"start":{"line":182,"column":0},"end":{"line":182,"column":7}},"9":{"start":{"line":1,"column":0},"end":{"line":1,"column":61}},"10":{"start":{"line":3,"column":0},"end":{"line":3,"column":null}},"11":{"start":{"line":20,"column":22},"end":{"line":75,"column":null}},"12":{"start":{"line":79,"column":0},"end":{"line":79,"column":73}},"13":{"start":{"line":82,"column":13},"end":{"line":82,"column":74}},"14":{"start":{"line":92,"column":4},"end":{"line":99,"column":7}},"15":{"start":{"line":111,"column":4},"end":{"line":120,"column":7}},"16":{"start":{"line":131,"column":4},"end":{"line":139,"column":7}},"17":{"start":{"line":151,"column":4},"end":{"line":160,"column":7}},"18":{"start":{"line":164,"column":4},"end":{"line":164,"column":83}},"19":{"start":{"line":168,"column":4},"end":{"line":168,"column":81}},"20":{"start":{"line":172,"column":4},"end":{"line":175,"column":31}},"21":{"start":{"line":179,"column":4},"end":{"line":179,"column":56}},"22":{"start":{"line":183,"column":4},"end":{"line":183,"column":67}}},"fnMap":{"0":{"name":"saveTextMessage","decl":{"start":{"line":85,"column":22},"end":{"line":85,"column":37}},"loc":{"start":{"line":90,"column":40},"end":{"line":100,"column":1}}},"1":{"name":"saveVoiceMessage","decl":{"start":{"line":102,"column":22},"end":{"line":102,"column":38}},"loc":{"start":{"line":109,"column":40},"end":{"line":121,"column":1}}},"2":{"name":"saveImageMessage","decl":{"start":{"line":123,"column":22},"end":{"line":123,"column":38}},"loc":{"start":{"line":129,"column":45},"end":{"line":140,"column":1}}},"3":{"name":"saveVideoMessage","decl":{"start":{"line":142,"column":22},"end":{"line":142,"column":38}},"loc":{"start":{"line":149,"column":40},"end":{"line":161,"column":1}}},"4":{"name":"getMessagesByUser","decl":{"start":{"line":163,"column":22},"end":{"line":163,"column":39}},"loc":{"start":{"line":163,"column":62},"end":{"line":165,"column":1}}},"5":{"name":"getMessagesByConversation","decl":{"start":{"line":167,"column":22},"end":{"line":167,"column":47}},"loc":{"start":{"line":167,"column":78},"end":{"line":169,"column":1}}},"6":{"name":"getLastImageMessageByConversation","decl":{"start":{"line":171,"column":22},"end":{"line":171,"column":55}},"loc":{"start":{"line":171,"column":86},"end":{"line":176,"column":1}}},"7":{"name":"getMessageById","decl":{"start":{"line":178,"column":22},"end":{"line":178,"column":36}},"loc":{"start":{"line":178,"column":54},"end":{"line":180,"column":1}}},"8":{"name":"getAllMessages","decl":{"start":{"line":182,"column":22},"end":{"line":182,"column":36}},"loc":{"start":{"line":182,"column":36},"end":{"line":184,"column":1}}}},"branchMap":{"0":{"loc":{"start":{"line":90,"column":4},"end":{"line":90,"column":40}},"type":"default-arg","locations":[{"start":{"line":90,"column":24},"end":{"line":90,"column":40}}]},"1":{"loc":{"start":{"line":109,"column":4},"end":{"line":109,"column":40}},"type":"default-arg","locations":[{"start":{"line":109,"column":24},"end":{"line":109,"column":40}}]},"2":{"loc":{"start":{"line":129,"column":4},"end":{"line":129,"column":45}},"type":"default-arg","locations":[{"start":{"line":129,"column":24},"end":{"line":129,"column":45}}]},"3":{"loc":{"start":{"line":149,"column":4},"end":{"line":149,"column":40}},"type":"default-arg","locations":[{"start":{"line":149,"column":24},"end":{"line":149,"column":40}}]}},"s":{"0":0,"1":0,"2":0,"3":0,"4":0,"5":0,"6":0,"7":0,"8":0,"9":0,"10":0,"11":0,"12":0,"13":0,"14":0,"15":0,"16":0,"17":0,"18":0,"19":0,"20":0,"21":0,"22":0},"f":{"0":0,"1":0,"2":0,"3":0,"4":0,"5":0,"6":0,"7":0,"8":0},"b":{"0":[0],"1":[0],"2":[0],"3":[0]}}
,"/Users/nikitagorokhov/cometa-bots/euphoria/src/database/models/user.model.ts": {"path":"/Users/nikitagorokhov/cometa-bots/euphoria/src/database/models/user.model.ts","statementMap":{"0":{"start":{"line":109,"column":0},"end":{"line":109,"column":7}},"1":{"start":{"line":130,"column":0},"end":{"line":130,"column":7}},"2":{"start":{"line":134,"column":0},"end":{"line":134,"column":7}},"3":{"start":{"line":139,"column":0},"end":{"line":139,"column":7}},"4":{"start":{"line":150,"column":0},"end":{"line":150,"column":7}},"5":{"start":{"line":1,"column":0},"end":{"line":1,"column":54}},"6":{"start":{"line":8,"column":19},"end":{"line":102,"column":null}},"7":{"start":{"line":64,"column":20},"end":{"line":64,"column":40}},"8":{"start":{"line":64,"column":28},"end":{"line":64,"column":40}},"9":{"start":{"line":65,"column":20},"end":{"line":65,"column":71}},"10":{"start":{"line":67,"column":34},"end":{"line":67,"column":114}},"11":{"start":{"line":106,"column":13},"end":{"line":106,"column":62}},"12":{"start":{"line":115,"column":15},"end":{"line":115,"column":49}},"13":{"start":{"line":117,"column":4},"end":{"line":125,"column":5}},"14":{"start":{"line":118,"column":8},"end":{"line":124,"column":11}},"15":{"start":{"line":127,"column":4},"end":{"line":127,"column":16}},"16":{"start":{"line":131,"column":4},"end":{"line":131,"column":40}},"17":{"start":{"line":135,"column":4},"end":{"line":135,"column":23}},"18":{"start":{"line":143,"column":4},"end":{"line":147,"column":6}},"19":{"start":{"line":153,"column":4},"end":{"line":157,"column":6}}},"fnMap":{"0":{"name":"(anonymous_9)","decl":{"start":{"line":63,"column":27},"end":{"line":63,"column":36}},"loc":{"start":{"line":63,"column":45},"end":{"line":66,"column":17}}},"1":{"name":"(anonymous_10)","decl":{"start":{"line":67,"column":25},"end":{"line":67,"column":30}},"loc":{"start":{"line":67,"column":34},"end":{"line":67,"column":114}}},"2":{"name":"findOrCreateUser","decl":{"start":{"line":109,"column":22},"end":{"line":109,"column":38}},"loc":{"start":{"line":113,"column":21},"end":{"line":128,"column":1}}},"3":{"name":"getUserById","decl":{"start":{"line":130,"column":22},"end":{"line":130,"column":33}},"loc":{"start":{"line":130,"column":52},"end":{"line":132,"column":1}}},"4":{"name":"getAllUsers","decl":{"start":{"line":134,"column":22},"end":{"line":134,"column":33}},"loc":{"start":{"line":134,"column":33},"end":{"line":136,"column":1}}},"5":{"name":"completeUserOnboarding","decl":{"start":{"line":150,"column":22},"end":{"line":150,"column":44}},"loc":{"start":{"line":151,"column":22},"end":{"line":158,"column":1}}}},"branchMap":{"0":{"loc":{"start":{"line":64,"column":20},"end":{"line":64,"column":40}},"type":"if","locations":[{"start":{"line":64,"column":20},"end":{"line":64,"column":40}}]},"1":{"loc":{"start":{"line":117,"column":4},"end":{"line":125,"column":5}},"type":"if","locations":[{"start":{"line":117,"column":4},"end":{"line":125,"column":5}}]}},"s":{"0":0,"1":0,"2":0,"3":0,"4":0,"5":0,"6":0,"7":0,"8":0,"9":0,"10":0,"11":0,"12":0,"13":0,"14":0,"15":0,"16":0,"17":0,"18":0,"19":0},"f":{"0":0,"1":0,"2":0,"3":0,"4":0,"5":0},"b":{"0":[0],"1":[0]}}
,"/Users/nikitagorokhov/cometa-bots/euphoria/src/features/core/handlers.ts": {"path":"/Users/nikitagorokhov/cometa-bots/euphoria/src/features/core/handlers.ts","statementMap":{"0":{"start":{"line":16,"column":0},"end":{"line":16,"column":16}},"1":{"start":{"line":46,"column":0},"end":{"line":46,"column":7}},"2":{"start":{"line":227,"column":0},"end":{"line":227,"column":16}},"3":{"start":{"line":3,"column":0},"end":{"line":3,"column":49}},"4":{"start":{"line":4,"column":0},"end":{"line":4,"column":50}},"5":{"start":{"line":5,"column":0},"end":{"line":5,"column":64}},"6":{"start":{"line":6,"column":0},"end":{"line":6,"column":57}},"7":{"start":{"line":7,"column":0},"end":{"line":7,"column":44}},"8":{"start":{"line":9,"column":0},"end":{"line":9,"column":74}},"9":{"start":{"line":10,"column":0},"end":{"line":10,"column":56}},"10":{"start":{"line":11,"column":0},"end":{"line":11,"column":41}},"11":{"start":{"line":17,"column":20},"end":{"line":38,"column":4}},"12":{"start":{"line":40,"column":2},"end":{"line":40,"column":65}},"13":{"start":{"line":48,"column":27},"end":{"line":48,"column":54}},"14":{"start":{"line":49,"column":4},"end":{"line":52,"column":7}},"15":{"start":{"line":58,"column":13},"end":{"line":68,"column":3}},"16":{"start":{"line":59,"column":4},"end":{"line":59,"column":26}},"17":{"start":{"line":59,"column":19},"end":{"line":59,"column":26}},"18":{"start":{"line":61,"column":17},"end":{"line":61,"column":112}},"19":{"start":{"line":63,"column":4},"end":{"line":67,"column":5}},"20":{"start":{"line":64,"column":8},"end":{"line":64,"column":38}},"21":{"start":{"line":66,"column":8},"end":{"line":66,"column":35}},"22":{"start":{"line":73,"column":13},"end":{"line":102,"column":3}},"23":{"start":{"line":74,"column":4},"end":{"line":74,"column":26}},"24":{"start":{"line":74,"column":19},"end":{"line":74,"column":26}},"25":{"start":{"line":76,"column":17},"end":{"line":76,"column":112}},"26":{"start":{"line":79,"column":4},"end":{"line":82,"column":5}},"27":{"start":{"line":80,"column":8},"end":{"line":80,"column":98}},"28":{"start":{"line":81,"column":8},"end":{"line":81,"column":47}},"29":{"start":{"line":84,"column":4},"end":{"line":88,"column":5}},"30":{"start":{"line":85,"column":8},"end":{"line":85,"column":69}},"31":{"start":{"line":86,"column":8},"end":{"line":86,"column":44}},"32":{"start":{"line":87,"column":8},"end":{"line":87,"column":54}},"33":{"start":{"line":90,"column":4},"end":{"line":93,"column":5}},"34":{"start":{"line":91,"column":8},"end":{"line":91,"column":80}},"35":{"start":{"line":92,"column":8},"end":{"line":92,"column":55}},"36":{"start":{"line":95,"column":4},"end":{"line":98,"column":5}},"37":{"start":{"line":96,"column":8},"end":{"line":96,"column":100}},"38":{"start":{"line":97,"column":8},"end":{"line":97,"column":47}},"39":{"start":{"line":100,"column":4},"end":{"line":100,"column":86}},"40":{"start":{"line":101,"column":4},"end":{"line":101,"column":34}},"41":{"start":{"line":107,"column":13},"end":{"line":134,"column":3}},"42":{"start":{"line":108,"column":4},"end":{"line":108,"column":26}},"43":{"start":{"line":108,"column":19},"end":{"line":108,"column":26}},"44":{"start":{"line":110,"column":21},"end":{"line":129,"column":2}},"45":{"start":{"line":131,"column":4},"end":{"line":133,"column":7}},"46":{"start":{"line":139,"column":13},"end":{"line":147,"column":3}},"47":{"start":{"line":140,"column":4},"end":{"line":140,"column":26}},"48":{"start":{"line":140,"column":19},"end":{"line":140,"column":26}},"49":{"start":{"line":142,"column":17},"end":{"line":142,"column":112}},"50":{"start":{"line":145,"column":32},"end":{"line":145,"column":76}},"51":{"start":{"line":146,"column":4},"end":{"line":146,"column":37}},"52":{"start":{"line":152,"column":13},"end":{"line":160,"column":3}},"53":{"start":{"line":153,"column":4},"end":{"line":153,"column":26}},"54":{"start":{"line":153,"column":19},"end":{"line":153,"column":26}},"55":{"start":{"line":155,"column":17},"end":{"line":155,"column":112}},"56":{"start":{"line":158,"column":42},"end":{"line":158,"column":88}},"57":{"start":{"line":159,"column":4},"end":{"line":159,"column":47}},"58":{"start":{"line":165,"column":13},"end":{"line":173,"column":3}},"59":{"start":{"line":166,"column":4},"end":{"line":166,"column":26}},"60":{"start":{"line":166,"column":19},"end":{"line":166,"column":26}},"61":{"start":{"line":168,"column":17},"end":{"line":168,"column":112}},"62":{"start":{"line":171,"column":36},"end":{"line":171,"column":75}},"63":{"start":{"line":172,"column":4},"end":{"line":172,"column":41}},"64":{"start":{"line":179,"column":13},"end":{"line":222,"column":3}},"65":{"start":{"line":181,"column":4},"end":{"line":183,"column":5}},"66":{"start":{"line":182,"column":8},"end":{"line":182,"column":91}},"67":{"start":{"line":185,"column":4},"end":{"line":221,"column":5}},"68":{"start":{"line":186,"column":8},"end":{"line":186,"column":68}},"69":{"start":{"line":189,"column":26},"end":{"line":189,"column":65}},"70":{"start":{"line":192,"column":26},"end":{"line":192,"column":83}},"71":{"start":{"line":195,"column":32},"end":{"line":197,"column":19}},"72":{"start":{"line":200,"column":21},"end":{"line":200,"column":58}},"73":{"start":{"line":201,"column":8},"end":{"line":201,"column":81}},"74":{"start":{"line":202,"column":8},"end":{"line":202,"column":64}},"75":{"start":{"line":204,"column":8},"end":{"line":214,"column":9}},"76":{"start":{"line":205,"column":12},"end":{"line":205,"column":72}},"77":{"start":{"line":206,"column":12},"end":{"line":211,"column":13}},"78":{"start":{"line":207,"column":36},"end":{"line":209,"column":31}},"79":{"start":{"line":210,"column":16},"end":{"line":210,"column":104}},"80":{"start":{"line":213,"column":12},"end":{"line":213,"column":60}},"81":{"start":{"line":216,"column":8},"end":{"line":216,"column":60}},"82":{"start":{"line":219,"column":8},"end":{"line":219,"column":69}},"83":{"start":{"line":220,"column":8},"end":{"line":220,"column":96}},"84":{"start":{"line":229,"column":4},"end":{"line":229,"column":45}},"85":{"start":{"line":230,"column":4},"end":{"line":230,"column":66}},"86":{"start":{"line":231,"column":4},"end":{"line":231,"column":43}},"87":{"start":{"line":234,"column":4},"end":{"line":234,"column":52}},"88":{"start":{"line":235,"column":4},"end":{"line":235,"column":49}},"89":{"start":{"line":236,"column":4},"end":{"line":236,"column":51}},"90":{"start":{"line":240,"column":4},"end":{"line":240,"column":66}}},"fnMap":{"0":{"name":"getRandomGreetingQuestion","decl":{"start":{"line":16,"column":16},"end":{"line":16,"column":41}},"loc":{"start":{"line":16,"column":41},"end":{"line":41,"column":1}}},"1":{"name":"showMainMenu","decl":{"start":{"line":46,"column":22},"end":{"line":46,"column":34}},"loc":{"start":{"line":46,"column":70},"end":{"line":53,"column":1}}},"2":{"name":"(anonymous_11)","decl":{"start":{"line":58,"column":62},"end":{"line":58,"column":67}},"loc":{"start":{"line":58,"column":95},"end":{"line":68,"column":1}}},"3":{"name":"(anonymous_12)","decl":{"start":{"line":73,"column":64},"end":{"line":73,"column":69}},"loc":{"start":{"line":73,"column":97},"end":{"line":102,"column":1}}},"4":{"name":"(anonymous_13)","decl":{"start":{"line":107,"column":60},"end":{"line":107,"column":65}},"loc":{"start":{"line":107,"column":93},"end":{"line":134,"column":1}}},"5":{"name":"(anonymous_14)","decl":{"start":{"line":139,"column":69},"end":{"line":139,"column":74}},"loc":{"start":{"line":139,"column":102},"end":{"line":147,"column":1}}},"6":{"name":"(anonymous_15)","decl":{"start":{"line":145,"column":32},"end":{"line":145,"column":45}},"loc":{"start":{"line":145,"column":32},"end":{"line":145,"column":76}}},"7":{"name":"(anonymous_16)","decl":{"start":{"line":152,"column":66},"end":{"line":152,"column":71}},"loc":{"start":{"line":152,"column":99},"end":{"line":160,"column":1}}},"8":{"name":"(anonymous_17)","decl":{"start":{"line":158,"column":42},"end":{"line":158,"column":55}},"loc":{"start":{"line":158,"column":42},"end":{"line":158,"column":88}}},"9":{"name":"(anonymous_18)","decl":{"start":{"line":165,"column":68},"end":{"line":165,"column":73}},"loc":{"start":{"line":165,"column":101},"end":{"line":173,"column":1}}},"10":{"name":"(anonymous_19)","decl":{"start":{"line":171,"column":36},"end":{"line":171,"column":49}},"loc":{"start":{"line":171,"column":36},"end":{"line":171,"column":75}}},"11":{"name":"(anonymous_20)","decl":{"start":{"line":179,"column":83},"end":{"line":179,"column":88}},"loc":{"start":{"line":179,"column":116},"end":{"line":222,"column":1}}},"12":{"name":"registerCommandHandlers","decl":{"start":{"line":227,"column":16},"end":{"line":227,"column":39}},"loc":{"start":{"line":227,"column":67},"end":{"line":241,"column":1}}}},"branchMap":{"0":{"loc":{"start":{"line":49,"column":32},"end":{"line":49,"column":59}},"type":"binary-expr","locations":[{"start":{"line":49,"column":32},"end":{"line":49,"column":41}},{"start":{"line":49,"column":45},"end":{"line":49,"column":59}}]},"1":{"loc":{"start":{"line":59,"column":4},"end":{"line":59,"column":26}},"type":"if","locations":[{"start":{"line":59,"column":4},"end":{"line":59,"column":26}}]},"2":{"loc":{"start":{"line":63,"column":4},"end":{"line":67,"column":5}},"type":"if","locations":[{"start":{"line":63,"column":4},"end":{"line":67,"column":5}},{"start":{"line":65,"column":11},"end":{"line":67,"column":5}}]},"3":{"loc":{"start":{"line":74,"column":4},"end":{"line":74,"column":26}},"type":"if","locations":[{"start":{"line":74,"column":4},"end":{"line":74,"column":26}}]},"4":{"loc":{"start":{"line":79,"column":4},"end":{"line":82,"column":5}},"type":"if","locations":[{"start":{"line":79,"column":4},"end":{"line":82,"column":5}}]},"5":{"loc":{"start":{"line":84,"column":4},"end":{"line":88,"column":5}},"type":"if","locations":[{"start":{"line":84,"column":4},"end":{"line":88,"column":5}}]},"6":{"loc":{"start":{"line":90,"column":4},"end":{"line":93,"column":5}},"type":"if","locations":[{"start":{"line":90,"column":4},"end":{"line":93,"column":5}}]},"7":{"loc":{"start":{"line":95,"column":4},"end":{"line":98,"column":5}},"type":"if","locations":[{"start":{"line":95,"column":4},"end":{"line":98,"column":5}}]},"8":{"loc":{"start":{"line":108,"column":4},"end":{"line":108,"column":26}},"type":"if","locations":[{"start":{"line":108,"column":4},"end":{"line":108,"column":26}}]},"9":{"loc":{"start":{"line":140,"column":4},"end":{"line":140,"column":26}},"type":"if","locations":[{"start":{"line":140,"column":4},"end":{"line":140,"column":26}}]},"10":{"loc":{"start":{"line":153,"column":4},"end":{"line":153,"column":26}},"type":"if","locations":[{"start":{"line":153,"column":4},"end":{"line":153,"column":26}}]},"11":{"loc":{"start":{"line":166,"column":4},"end":{"line":166,"column":26}},"type":"if","locations":[{"start":{"line":166,"column":4},"end":{"line":166,"column":26}}]},"12":{"loc":{"start":{"line":181,"column":4},"end":{"line":183,"column":5}},"type":"if","locations":[{"start":{"line":181,"column":4},"end":{"line":183,"column":5}}]},"13":{"loc":{"start":{"line":181,"column":28},"end":{"line":181,"column":45}},"type":"binary-expr","locations":[{"start":{"line":181,"column":28},"end":{"line":181,"column":40}},{"start":{"line":181,"column":44},"end":{"line":181,"column":45}}]},"14":{"loc":{"start":{"line":201,"column":36},"end":{"line":201,"column":76}},"type":"cond-expr","locations":[{"start":{"line":201,"column":48},"end":{"line":201,"column":54}},{"start":{"line":201,"column":57},"end":{"line":201,"column":76}}]},"15":{"loc":{"start":{"line":204,"column":8},"end":{"line":214,"column":9}},"type":"if","locations":[{"start":{"line":204,"column":8},"end":{"line":214,"column":9}},{"start":{"line":212,"column":15},"end":{"line":214,"column":9}}]},"16":{"loc":{"start":{"line":207,"column":36},"end":{"line":209,"column":31}},"type":"cond-expr","locations":[{"start":{"line":208,"column":22},"end":{"line":208,"column":109}},{"start":{"line":209,"column":22},"end":{"line":209,"column":31}}]}},"s":{"0":0,"1":0,"2":0,"3":0,"4":0,"5":0,"6":0,"7":0,"8":0,"9":0,"10":0,"11":0,"12":0,"13":0,"14":0,"15":0,"16":0,"17":0,"18":0,"19":0,"20":0,"21":0,"22":0,"23":0,"24":0,"25":0,"26":0,"27":0,"28":0,"29":0,"30":0,"31":0,"32":0,"33":0,"34":0,"35":0,"36":0,"37":0,"38":0,"39":0,"40":0,"41":0,"42":0,"43":0,"44":0,"45":0,"46":0,"47":0,"48":0,"49":0,"50":0,"51":0,"52":0,"53":0,"54":0,"55":0,"56":0,"57":0,"58":0,"59":0,"60":0,"61":0,"62":0,"63":0,"64":0,"65":0,"66":0,"67":0,"68":0,"69":0,"70":0,"71":0,"72":0,"73":0,"74":0,"75":0,"76":0,"77":0,"78":0,"79":0,"80":0,"81":0,"82":0,"83":0,"84":0,"85":0,"86":0,"87":0,"88":0,"89":0,"90":0},"f":{"0":0,"1":0,"2":0,"3":0,"4":0,"5":0,"6":0,"7":0,"8":0,"9":0,"10":0,"11":0,"12":0},"b":{"0":[0,0],"1":[0],"2":[0,0],"3":[0],"4":[0],"5":[0],"6":[0],"7":[0],"8":[0],"9":[0],"10":[0],"11":[0],"12":[0],"13":[0,0],"14":[0,0],"15":[0,0],"16":[0,0]}}
,"/Users/nikitagorokhov/cometa-bots/euphoria/src/features/core/index.ts": {"path":"/Users/nikitagorokhov/cometa-bots/euphoria/src/features/core/index.ts","statementMap":{"0":{"start":{"line":11,"column":0},"end":{"line":11,"column":16}},"1":{"start":{"line":3,"column":0},"end":{"line":3,"column":53}},"2":{"start":{"line":4,"column":0},"end":{"line":4,"column":50}},"3":{"start":{"line":5,"column":0},"end":{"line":5,"column":44}},"4":{"start":{"line":6,"column":0},"end":{"line":6,"column":83}},"5":{"start":{"line":12,"column":4},"end":{"line":12,"column":33}},"6":{"start":{"line":15,"column":4},"end":{"line":33,"column":7}},"7":{"start":{"line":16,"column":8},"end":{"line":16,"column":40}},"8":{"start":{"line":17,"column":8},"end":{"line":17,"column":30}},"9":{"start":{"line":17,"column":23},"end":{"line":17,"column":30}},"10":{"start":{"line":19,"column":21},"end":{"line":23,"column":null}},"11":{"start":{"line":27,"column":8},"end":{"line":31,"column":9}},"12":{"start":{"line":28,"column":12},"end":{"line":28,"column":38}},"13":{"start":{"line":30,"column":12},"end":{"line":30,"column":104}},"14":{"start":{"line":32,"column":8},"end":{"line":32,"column":38}}},"fnMap":{"0":{"name":"registerCoreHandlers","decl":{"start":{"line":11,"column":16},"end":{"line":11,"column":36}},"loc":{"start":{"line":11,"column":64},"end":{"line":36,"column":1}}},"1":{"name":"(anonymous_1)","decl":{"start":{"line":15,"column":35},"end":{"line":15,"column":40}},"loc":{"start":{"line":15,"column":68},"end":{"line":33,"column":5}}}},"branchMap":{"0":{"loc":{"start":{"line":17,"column":8},"end":{"line":17,"column":30}},"type":"if","locations":[{"start":{"line":17,"column":8},"end":{"line":17,"column":30}}]}},"s":{"0":0,"1":0,"2":0,"3":0,"4":0,"5":0,"6":0,"7":0,"8":0,"9":0,"10":0,"11":0,"12":0,"13":0,"14":0},"f":{"0":0,"1":0},"b":{"0":[0]}}
,"/Users/nikitagorokhov/cometa-bots/euphoria/src/features/core/keyboards.ts": {"path":"/Users/nikitagorokhov/cometa-bots/euphoria/src/features/core/keyboards.ts","statementMap":{"0":{"start":{"line":1,"column":0},"end":{"line":1,"column":34}},"1":{"start":{"line":3,"column":13},"end":{"line":11,"column":15}}},"fnMap":{},"branchMap":{},"s":{"0":0,"1":0},"f":{},"b":{}}
,"/Users/nikitagorokhov/cometa-bots/euphoria/src/features/journal-chat/handlers.ts": {"path":"/Users/nikitagorokhov/cometa-bots/euphoria/src/features/journal-chat/handlers.ts","statementMap":{"0":{"start":{"line":21,"column":0},"end":{"line":21,"column":7}},"1":{"start":{"line":67,"column":0},"end":{"line":67,"column":7}},"2":{"start":{"line":166,"column":0},"end":{"line":166,"column":7}},"3":{"start":{"line":3,"column":0},"end":{"line":3,"column":44}},"4":{"start":{"line":4,"column":0},"end":{"line":4,"column":55}},"5":{"start":{"line":5,"column":0},"end":{"line":5,"column":48}},"6":{"start":{"line":6,"column":0},"end":{"line":6,"column":43}},"7":{"start":{"line":7,"column":0},"end":{"line":7,"column":79}},"8":{"start":{"line":8,"column":0},"end":{"line":8,"column":67}},"9":{"start":{"line":9,"column":0},"end":{"line":9,"column":64}},"10":{"start":{"line":10,"column":0},"end":{"line":10,"column":25}},"11":{"start":{"line":11,"column":0},"end":{"line":11,"column":29}},"12":{"start":{"line":12,"column":0},"end":{"line":12,"column":25}},"13":{"start":{"line":13,"column":0},"end":{"line":13,"column":84}},"14":{"start":{"line":16,"column":0},"end":{"line":16,"column":50}},"15":{"start":{"line":22,"column":4},"end":{"line":22,"column":22}},"16":{"start":{"line":22,"column":15},"end":{"line":22,"column":22}},"17":{"start":{"line":24,"column":20},"end":{"line":24,"column":75}},"18":{"start":{"line":26,"column":4},"end":{"line":32,"column":5}},"19":{"start":{"line":27,"column":8},"end":{"line":29,"column":11}},"20":{"start":{"line":30,"column":8},"end":{"line":30,"column":38}},"21":{"start":{"line":31,"column":8},"end":{"line":31,"column":15}},"22":{"start":{"line":35,"column":4},"end":{"line":35,"column":39}},"23":{"start":{"line":36,"column":4},"end":{"line":36,"column":49}},"24":{"start":{"line":38,"column":4},"end":{"line":41,"column":7}},"25":{"start":{"line":50,"column":20},"end":{"line":50,"column":49}},"26":{"start":{"line":53,"column":4},"end":{"line":53,"column":68}},"27":{"start":{"line":56,"column":4},"end":{"line":56,"column":65}},"28":{"start":{"line":59,"column":4},"end":{"line":59,"column":86}},"29":{"start":{"line":61,"column":4},"end":{"line":61,"column":21}},"30":{"start":{"line":68,"column":4},"end":{"line":68,"column":61}},"31":{"start":{"line":68,"column":54},"end":{"line":68,"column":61}},"32":{"start":{"line":70,"column":38},"end":{"line":70,"column":42}},"33":{"start":{"line":71,"column":35},"end":{"line":71,"column":39}},"34":{"start":{"line":72,"column":39},"end":{"line":72,"column":43}},"35":{"start":{"line":74,"column":4},"end":{"line":160,"column":5}},"36":{"start":{"line":76,"column":8},"end":{"line":122,"column":9}},"37":{"start":{"line":78,"column":12},"end":{"line":78,"column":90}},"38":{"start":{"line":78,"column":45},"end":{"line":78,"column":88}},"39":{"start":{"line":80,"column":27},"end":{"line":80,"column":52}},"40":{"start":{"line":83,"column":12},"end":{"line":88,"column":13}},"41":{"start":{"line":84,"column":16},"end":{"line":86,"column":19}},"42":{"start":{"line":87,"column":16},"end":{"line":87,"column":23}},"43":{"start":{"line":90,"column":25},"end":{"line":90,"column":54}},"44":{"start":{"line":91,"column":29},"end":{"line":91,"column":43}},"45":{"start":{"line":92,"column":12},"end":{"line":92,"column":72}},"46":{"start":{"line":92,"column":27},"end":{"line":92,"column":72}},"47":{"start":{"line":94,"column":12},"end":{"line":94,"column":74}},"48":{"start":{"line":95,"column":12},"end":{"line":95,"column":64}},"49":{"start":{"line":98,"column":12},"end":{"line":98,"column":104}},"50":{"start":{"line":101,"column":12},"end":{"line":101,"column":97}},"51":{"start":{"line":101,"column":45},"end":{"line":101,"column":95}},"52":{"start":{"line":104,"column":15},"end":{"line":122,"column":9}},"53":{"start":{"line":105,"column":12},"end":{"line":105,"column":44}},"54":{"start":{"line":108,"column":12},"end":{"line":111,"column":13}},"55":{"start":{"line":109,"column":16},"end":{"line":109,"column":50}},"56":{"start":{"line":110,"column":16},"end":{"line":110,"column":23}},"57":{"start":{"line":114,"column":12},"end":{"line":114,"column":95}},"58":{"start":{"line":114,"column":45},"end":{"line":114,"column":93}},"59":{"start":{"line":116,"column":28},"end":{"line":116,"column":80}},"60":{"start":{"line":117,"column":12},"end":{"line":117,"column":43}},"61":{"start":{"line":120,"column":12},"end":{"line":120,"column":130}},"62":{"start":{"line":121,"column":12},"end":{"line":121,"column":19}},"63":{"start":{"line":125,"column":8},"end":{"line":143,"column":9}},"64":{"start":{"line":126,"column":28},"end":{"line":126,"column":83}},"65":{"start":{"line":127,"column":12},"end":{"line":133,"column":13}},"66":{"start":{"line":128,"column":17},"end":{"line":130,"column":18}},"67":{"start":{"line":129,"column":21},"end":{"line":129,"column":129}},"68":{"start":{"line":129,"column":84},"end":{"line":129,"column":127}},"69":{"start":{"line":131,"column":16},"end":{"line":131,"column":126}},"70":{"start":{"line":132,"column":16},"end":{"line":132,"column":23}},"71":{"start":{"line":136,"column":29},"end":{"line":136,"column":87}},"72":{"start":{"line":137,"column":38},"end":{"line":137,"column":132}},"73":{"start":{"line":139,"column":12},"end":{"line":141,"column":13}},"74":{"start":{"line":140,"column":16},"end":{"line":140,"column":124}},"75":{"start":{"line":140,"column":79},"end":{"line":140,"column":122}},"76":{"start":{"line":142,"column":12},"end":{"line":142,"column":99}},"77":{"start":{"line":146,"column":8},"end":{"line":146,"column":66}},"78":{"start":{"line":147,"column":8},"end":{"line":149,"column":9}},"79":{"start":{"line":148,"column":13},"end":{"line":148,"column":133}},"80":{"start":{"line":148,"column":76},"end":{"line":148,"column":131}},"81":{"start":{"line":150,"column":8},"end":{"line":150,"column":142}},"82":{"start":{"line":153,"column":8},"end":{"line":159,"column":9}},"83":{"start":{"line":154,"column":12},"end":{"line":158,"column":13}},"84":{"start":{"line":155,"column":16},"end":{"line":155,"column":45}},"85":{"start":{"line":157,"column":16},"end":{"line":157,"column":87}},"86":{"start":{"line":167,"column":4},"end":{"line":167,"column":26}},"87":{"start":{"line":167,"column":19},"end":{"line":167,"column":26}},"88":{"start":{"line":168,"column":17},"end":{"line":168,"column":112}},"89":{"start":{"line":170,"column":4},"end":{"line":170,"column":40}},"90":{"start":{"line":171,"column":4},"end":{"line":171,"column":50}},"91":{"start":{"line":173,"column":4},"end":{"line":173,"column":34}},"92":{"start":{"line":183,"column":20},"end":{"line":183,"column":88}},"93":{"start":{"line":184,"column":20},"end":{"line":184,"column":69}},"94":{"start":{"line":186,"column":4},"end":{"line":188,"column":5}},"95":{"start":{"line":187,"column":8},"end":{"line":187,"column":51}},"96":{"start":{"line":190,"column":26},"end":{"line":190,"column":111}},"97":{"start":{"line":192,"column":21},"end":{"line":192,"column":41}},"98":{"start":{"line":193,"column":4},"end":{"line":193,"column":89}},"99":{"start":{"line":193,"column":22},"end":{"line":193,"column":89}},"100":{"start":{"line":194,"column":19},"end":{"line":194,"column":47}},"101":{"start":{"line":195,"column":4},"end":{"line":195,"column":57}},"102":{"start":{"line":197,"column":4},"end":{"line":197,"column":25}},"103":{"start":{"line":200,"column":43},"end":{"line":222,"column":1}},"104":{"start":{"line":203,"column":4},"end":{"line":207,"column":7}},"105":{"start":{"line":204,"column":8},"end":{"line":204,"column":30}},"106":{"start":{"line":204,"column":23},"end":{"line":204,"column":30}},"107":{"start":{"line":205,"column":21},"end":{"line":205,"column":116}},"108":{"start":{"line":206,"column":8},"end":{"line":206,"column":49}},"109":{"start":{"line":209,"column":4},"end":{"line":221,"column":7}},"110":{"start":{"line":210,"column":8},"end":{"line":220,"column":9}},"111":{"start":{"line":211,"column":12},"end":{"line":214,"column":13}},"112":{"start":{"line":212,"column":16},"end":{"line":212,"column":112}},"113":{"start":{"line":213,"column":16},"end":{"line":213,"column":23}},"114":{"start":{"line":215,"column":12},"end":{"line":215,"column":34}},"115":{"start":{"line":215,"column":27},"end":{"line":215,"column":34}},"116":{"start":{"line":216,"column":25},"end":{"line":216,"column":120}},"117":{"start":{"line":217,"column":12},"end":{"line":217,"column":52}},"118":{"start":{"line":219,"column":12},"end":{"line":219,"column":25}},"119":{"start":{"line":200,"column":13},"end":{"line":200,"column":43}}},"fnMap":{"0":{"name":"startJournalChatHandler","decl":{"start":{"line":21,"column":22},"end":{"line":21,"column":45}},"loc":{"start":{"line":21,"column":81},"end":{"line":42,"column":1}}},"1":{"name":"formatResponseWithHTML","decl":{"start":{"line":48,"column":9},"end":{"line":48,"column":31}},"loc":{"start":{"line":48,"column":44},"end":{"line":62,"column":1}}},"2":{"name":"handleJournalChatInput","decl":{"start":{"line":67,"column":22},"end":{"line":67,"column":44}},"loc":{"start":{"line":67,"column":80},"end":{"line":161,"column":1}}},"3":{"name":"(anonymous_12)","decl":{"start":{"line":78,"column":40},"end":{"line":78,"column":41}},"loc":{"start":{"line":78,"column":45},"end":{"line":78,"column":88}}},"4":{"name":"(anonymous_13)","decl":{"start":{"line":101,"column":40},"end":{"line":101,"column":41}},"loc":{"start":{"line":101,"column":45},"end":{"line":101,"column":95}}},"5":{"name":"(anonymous_14)","decl":{"start":{"line":114,"column":40},"end":{"line":114,"column":41}},"loc":{"start":{"line":114,"column":45},"end":{"line":114,"column":93}}},"6":{"name":"(anonymous_15)","decl":{"start":{"line":129,"column":79},"end":{"line":129,"column":80}},"loc":{"start":{"line":129,"column":84},"end":{"line":129,"column":127}}},"7":{"name":"(anonymous_16)","decl":{"start":{"line":140,"column":74},"end":{"line":140,"column":75}},"loc":{"start":{"line":140,"column":79},"end":{"line":140,"column":122}}},"8":{"name":"(anonymous_17)","decl":{"start":{"line":148,"column":71},"end":{"line":148,"column":72}},"loc":{"start":{"line":148,"column":76},"end":{"line":148,"column":131}}},"9":{"name":"exitJournalChatHandler","decl":{"start":{"line":166,"column":22},"end":{"line":166,"column":44}},"loc":{"start":{"line":166,"column":67},"end":{"line":174,"column":1}}},"10":{"name":"downloadTelegramFile","decl":{"start":{"line":182,"column":15},"end":{"line":182,"column":35}},"loc":{"start":{"line":182,"column":70},"end":{"line":198,"column":1}}},"11":{"name":"(anonymous_20)","decl":{"start":{"line":200,"column":43},"end":{"line":200,"column":44}},"loc":{"start":{"line":200,"column":75},"end":{"line":222,"column":1}}},"12":{"name":"(anonymous_21)","decl":{"start":{"line":203,"column":32},"end":{"line":203,"column":37}},"loc":{"start":{"line":203,"column":46},"end":{"line":207,"column":5}}},"13":{"name":"(anonymous_22)","decl":{"start":{"line":209,"column":22},"end":{"line":209,"column":27}},"loc":{"start":{"line":209,"column":42},"end":{"line":221,"column":5}}}},"branchMap":{"0":{"loc":{"start":{"line":22,"column":4},"end":{"line":22,"column":22}},"type":"if","locations":[{"start":{"line":22,"column":4},"end":{"line":22,"column":22}}]},"1":{"loc":{"start":{"line":26,"column":4},"end":{"line":32,"column":5}},"type":"if","locations":[{"start":{"line":26,"column":4},"end":{"line":32,"column":5}}]},"2":{"loc":{"start":{"line":27,"column":30},"end":{"line":27,"column":57}},"type":"binary-expr","locations":[{"start":{"line":27,"column":30},"end":{"line":27,"column":39}},{"start":{"line":27,"column":43},"end":{"line":27,"column":57}}]},"3":{"loc":{"start":{"line":38,"column":28},"end":{"line":38,"column":55}},"type":"binary-expr","locations":[{"start":{"line":38,"column":28},"end":{"line":38,"column":37}},{"start":{"line":38,"column":41},"end":{"line":38,"column":55}}]},"4":{"loc":{"start":{"line":68,"column":4},"end":{"line":68,"column":61}},"type":"if","locations":[{"start":{"line":68,"column":4},"end":{"line":68,"column":61}}]},"5":{"loc":{"start":{"line":68,"column":8},"end":{"line":68,"column":52}},"type":"binary-expr","locations":[{"start":{"line":68,"column":8},"end":{"line":68,"column":36}},{"start":{"line":68,"column":40},"end":{"line":68,"column":52}}]},"6":{"loc":{"start":{"line":76,"column":8},"end":{"line":122,"column":9}},"type":"if","locations":[{"start":{"line":76,"column":8},"end":{"line":122,"column":9}},{"start":{"line":104,"column":15},"end":{"line":122,"column":9}}]},"7":{"loc":{"start":{"line":83,"column":12},"end":{"line":88,"column":13}},"type":"if","locations":[{"start":{"line":83,"column":12},"end":{"line":88,"column":13}}]},"8":{"loc":{"start":{"line":92,"column":12},"end":{"line":92,"column":72}},"type":"if","locations":[{"start":{"line":92,"column":12},"end":{"line":92,"column":72}}]},"9":{"loc":{"start":{"line":104,"column":15},"end":{"line":122,"column":9}},"type":"if","locations":[{"start":{"line":104,"column":15},"end":{"line":122,"column":9}},{"start":{"line":119,"column":15},"end":{"line":122,"column":9}}]},"10":{"loc":{"start":{"line":108,"column":12},"end":{"line":111,"column":13}},"type":"if","locations":[{"start":{"line":108,"column":12},"end":{"line":111,"column":13}}]},"11":{"loc":{"start":{"line":125,"column":8},"end":{"line":143,"column":9}},"type":"if","locations":[{"start":{"line":125,"column":8},"end":{"line":143,"column":9}}]},"12":{"loc":{"start":{"line":127,"column":12},"end":{"line":133,"column":13}},"type":"if","locations":[{"start":{"line":127,"column":12},"end":{"line":133,"column":13}}]},"13":{"loc":{"start":{"line":128,"column":17},"end":{"line":130,"column":18}},"type":"if","locations":[{"start":{"line":128,"column":17},"end":{"line":130,"column":18}}]},"14":{"loc":{"start":{"line":128,"column":21},"end":{"line":128,"column":42}},"type":"binary-expr","locations":[{"start":{"line":128,"column":21},"end":{"line":128,"column":30}},{"start":{"line":128,"column":34},"end":{"line":128,"column":42}}]},"15":{"loc":{"start":{"line":137,"column":61},"end":{"line":137,"column":131}},"type":"binary-expr","locations":[{"start":{"line":137,"column":61},"end":{"line":137,"column":69}},{"start":{"line":137,"column":73},"end":{"line":137,"column":131}}]},"16":{"loc":{"start":{"line":139,"column":12},"end":{"line":141,"column":13}},"type":"if","locations":[{"start":{"line":139,"column":12},"end":{"line":141,"column":13}}]},"17":{"loc":{"start":{"line":139,"column":16},"end":{"line":139,"column":37}},"type":"binary-expr","locations":[{"start":{"line":139,"column":16},"end":{"line":139,"column":25}},{"start":{"line":139,"column":29},"end":{"line":139,"column":37}}]},"18":{"loc":{"start":{"line":147,"column":8},"end":{"line":149,"column":9}},"type":"if","locations":[{"start":{"line":147,"column":8},"end":{"line":149,"column":9}}]},"19":{"loc":{"start":{"line":147,"column":12},"end":{"line":147,"column":33}},"type":"binary-expr","locations":[{"start":{"line":147,"column":12},"end":{"line":147,"column":21}},{"start":{"line":147,"column":25},"end":{"line":147,"column":33}}]},"20":{"loc":{"start":{"line":153,"column":8},"end":{"line":159,"column":9}},"type":"if","locations":[{"start":{"line":153,"column":8},"end":{"line":159,"column":9}}]},"21":{"loc":{"start":{"line":153,"column":12},"end":{"line":153,"column":57}},"type":"binary-expr","locations":[{"start":{"line":153,"column":12},"end":{"line":153,"column":25}},{"start":{"line":153,"column":29},"end":{"line":153,"column":57}}]},"22":{"loc":{"start":{"line":167,"column":4},"end":{"line":167,"column":26}},"type":"if","locations":[{"start":{"line":167,"column":4},"end":{"line":167,"column":26}}]},"23":{"loc":{"start":{"line":186,"column":4},"end":{"line":188,"column":5}},"type":"if","locations":[{"start":{"line":186,"column":4},"end":{"line":188,"column":5}}]},"24":{"loc":{"start":{"line":190,"column":74},"end":{"line":190,"column":108}},"type":"binary-expr","locations":[{"start":{"line":190,"column":74},"end":{"line":190,"column":99}},{"start":{"line":190,"column":103},"end":{"line":190,"column":108}}]},"25":{"loc":{"start":{"line":193,"column":4},"end":{"line":193,"column":89}},"type":"if","locations":[{"start":{"line":193,"column":4},"end":{"line":193,"column":89}}]},"26":{"loc":{"start":{"line":204,"column":8},"end":{"line":204,"column":30}},"type":"if","locations":[{"start":{"line":204,"column":8},"end":{"line":204,"column":30}}]},"27":{"loc":{"start":{"line":210,"column":8},"end":{"line":220,"column":9}},"type":"if","locations":[{"start":{"line":210,"column":8},"end":{"line":220,"column":9}},{"start":{"line":218,"column":15},"end":{"line":220,"column":9}}]},"28":{"loc":{"start":{"line":211,"column":12},"end":{"line":214,"column":13}},"type":"if","locations":[{"start":{"line":211,"column":12},"end":{"line":214,"column":13}}]},"29":{"loc":{"start":{"line":215,"column":12},"end":{"line":215,"column":34}},"type":"if","locations":[{"start":{"line":215,"column":12},"end":{"line":215,"column":34}}]}},"s":{"0":0,"1":0,"2":0,"3":0,"4":0,"5":0,"6":0,"7":0,"8":0,"9":0,"10":0,"11":0,"12":0,"13":0,"14":0,"15":0,"16":0,"17":0,"18":0,"19":0,"20":0,"21":0,"22":0,"23":0,"24":0,"25":0,"26":0,"27":0,"28":0,"29":0,"30":0,"31":0,"32":0,"33":0,"34":0,"35":0,"36":0,"37":0,"38":0,"39":0,"40":0,"41":0,"42":0,"43":0,"44":0,"45":0,"46":0,"47":0,"48":0,"49":0,"50":0,"51":0,"52":0,"53":0,"54":0,"55":0,"56":0,"57":0,"58":0,"59":0,"60":0,"61":0,"62":0,"63":0,"64":0,"65":0,"66":0,"67":0,"68":0,"69":0,"70":0,"71":0,"72":0,"73":0,"74":0,"75":0,"76":0,"77":0,"78":0,"79":0,"80":0,"81":0,"82":0,"83":0,"84":0,"85":0,"86":0,"87":0,"88":0,"89":0,"90":0,"91":0,"92":0,"93":0,"94":0,"95":0,"96":0,"97":0,"98":0,"99":0,"100":0,"101":0,"102":0,"103":0,"104":0,"105":0,"106":0,"107":0,"108":0,"109":0,"110":0,"111":0,"112":0,"113":0,"114":0,"115":0,"116":0,"117":0,"118":0,"119":0},"f":{"0":0,"1":0,"2":0,"3":0,"4":0,"5":0,"6":0,"7":0,"8":0,"9":0,"10":0,"11":0,"12":0,"13":0},"b":{"0":[0],"1":[0],"2":[0,0],"3":[0,0],"4":[0],"5":[0,0],"6":[0,0],"7":[0],"8":[0],"9":[0,0],"10":[0],"11":[0],"12":[0],"13":[0],"14":[0,0],"15":[0,0],"16":[0],"17":[0,0],"18":[0],"19":[0,0],"20":[0],"21":[0,0],"22":[0],"23":[0],"24":[0,0],"25":[0],"26":[0],"27":[0,0],"28":[0],"29":[0]}}
,"/Users/nikitagorokhov/cometa-bots/euphoria/src/features/journal-chat/index.ts": {"path":"/Users/nikitagorokhov/cometa-bots/euphoria/src/features/journal-chat/index.ts","statementMap":{"0":{"start":{"line":14,"column":0},"end":{"line":14,"column":16}},"1":{"start":{"line":3,"column":0},"end":{"line":3,"column":null}},"2":{"start":{"line":9,"column":0},"end":{"line":9,"column":50}},"3":{"start":{"line":11,"column":25},"end":{"line":11,"column":44}},"4":{"start":{"line":12,"column":23},"end":{"line":12,"column":41}},"5":{"start":{"line":16,"column":4},"end":{"line":16,"column":26}},"6":{"start":{"line":19,"column":4},"end":{"line":23,"column":7}},"7":{"start":{"line":20,"column":8},"end":{"line":20,"column":30}},"8":{"start":{"line":20,"column":23},"end":{"line":20,"column":30}},"9":{"start":{"line":21,"column":21},"end":{"line":21,"column":116}},"10":{"start":{"line":22,"column":8},"end":{"line":22,"column":49}},"11":{"start":{"line":26,"column":4},"end":{"line":28,"column":7}},"12":{"start":{"line":27,"column":8},"end":{"line":27,"column":42}}},"fnMap":{"0":{"name":"registerJournalChatHandlers","decl":{"start":{"line":14,"column":16},"end":{"line":14,"column":43}},"loc":{"start":{"line":14,"column":71},"end":{"line":29,"column":1}}},"1":{"name":"(anonymous_1)","decl":{"start":{"line":19,"column":32},"end":{"line":19,"column":37}},"loc":{"start":{"line":19,"column":46},"end":{"line":23,"column":5}}},"2":{"name":"(anonymous_2)","decl":{"start":{"line":26,"column":30},"end":{"line":26,"column":35}},"loc":{"start":{"line":26,"column":44},"end":{"line":28,"column":5}}}},"branchMap":{"0":{"loc":{"start":{"line":20,"column":8},"end":{"line":20,"column":30}},"type":"if","locations":[{"start":{"line":20,"column":8},"end":{"line":20,"column":30}}]}},"s":{"0":0,"1":0,"2":0,"3":0,"4":0,"5":0,"6":0,"7":0,"8":0,"9":0,"10":0,"11":0,"12":0},"f":{"0":0,"1":0,"2":0},"b":{"0":[0]}}
,"/Users/nikitagorokhov/cometa-bots/euphoria/src/features/journal-chat/keyboards.ts": {"path":"/Users/nikitagorokhov/cometa-bots/euphoria/src/features/journal-chat/keyboards.ts","statementMap":{"0":{"start":{"line":1,"column":0},"end":{"line":1,"column":34}},"1":{"start":{"line":3,"column":13},"end":{"line":5,"column":15}}},"fnMap":{},"branchMap":{},"s":{"0":0,"1":0},"f":{},"b":{}}
,"/Users/nikitagorokhov/cometa-bots/euphoria/src/features/journal-entry/index.ts": {"path":"/Users/nikitagorokhov/cometa-bots/euphoria/src/features/journal-entry/index.ts","statementMap":{"0":{"start":{"line":23,"column":0},"end":{"line":23,"column":16}},"1":{"start":{"line":3,"column":0},"end":{"line":3,"column":null}},"2":{"start":{"line":12,"column":0},"end":{"line":12,"column":50}},"3":{"start":{"line":13,"column":0},"end":{"line":13,"column":44}},"4":{"start":{"line":16,"column":23},"end":{"line":16,"column":37}},"5":{"start":{"line":17,"column":19},"end":{"line":17,"column":28}},"6":{"start":{"line":18,"column":18},"end":{"line":18,"column":26}},"7":{"start":{"line":19,"column":31},"end":{"line":19,"column":52}},"8":{"start":{"line":20,"column":21},"end":{"line":20,"column":53}},"9":{"start":{"line":21,"column":20},"end":{"line":21,"column":30}},"10":{"start":{"line":26,"column":4},"end":{"line":74,"column":7}},"11":{"start":{"line":27,"column":8},"end":{"line":73,"column":9}},"12":{"start":{"line":32,"column":12},"end":{"line":35,"column":13}},"13":{"start":{"line":33,"column":16},"end":{"line":33,"column":29}},"14":{"start":{"line":34,"column":16},"end":{"line":34,"column":23}},"15":{"start":{"line":38,"column":12},"end":{"line":38,"column":34}},"16":{"start":{"line":38,"column":27},"end":{"line":38,"column":34}},"17":{"start":{"line":41,"column":12},"end":{"line":65,"column":13}},"18":{"start":{"line":42,"column":29},"end":{"line":42,"column":45}},"19":{"start":{"line":45,"column":16},"end":{"line":45,"column":86}},"20":{"start":{"line":48,"column":16},"end":{"line":52,"column":17}},"21":{"start":{"line":49,"column":33},"end":{"line":49,"column":128}},"22":{"start":{"line":50,"column":20},"end":{"line":50,"column":63}},"23":{"start":{"line":51,"column":20},"end":{"line":51,"column":27}},"24":{"start":{"line":54,"column":16},"end":{"line":58,"column":17}},"25":{"start":{"line":55,"column":33},"end":{"line":55,"column":128}},"26":{"start":{"line":56,"column":20},"end":{"line":56,"column":71}},"27":{"start":{"line":57,"column":20},"end":{"line":57,"column":27}},"28":{"start":{"line":60,"column":16},"end":{"line":64,"column":17}},"29":{"start":{"line":61,"column":33},"end":{"line":61,"column":128}},"30":{"start":{"line":62,"column":20},"end":{"line":62,"column":63}},"31":{"start":{"line":63,"column":20},"end":{"line":63,"column":27}},"32":{"start":{"line":68,"column":25},"end":{"line":68,"column":120}},"33":{"start":{"line":69,"column":12},"end":{"line":69,"column":53}},"34":{"start":{"line":72,"column":12},"end":{"line":72,"column":25}},"35":{"start":{"line":77,"column":4},"end":{"line":82,"column":7}},"36":{"start":{"line":78,"column":8},"end":{"line":78,"column":40}},"37":{"start":{"line":79,"column":8},"end":{"line":79,"column":30}},"38":{"start":{"line":79,"column":23},"end":{"line":79,"column":30}},"39":{"start":{"line":80,"column":21},"end":{"line":80,"column":116}},"40":{"start":{"line":81,"column":8},"end":{"line":81,"column":59}},"41":{"start":{"line":84,"column":4},"end":{"line":89,"column":7}},"42":{"start":{"line":85,"column":8},"end":{"line":85,"column":40}},"43":{"start":{"line":86,"column":8},"end":{"line":86,"column":30}},"44":{"start":{"line":86,"column":23},"end":{"line":86,"column":30}},"45":{"start":{"line":87,"column":21},"end":{"line":87,"column":116}},"46":{"start":{"line":88,"column":8},"end":{"line":88,"column":40}},"47":{"start":{"line":91,"column":4},"end":{"line":96,"column":7}},"48":{"start":{"line":92,"column":8},"end":{"line":92,"column":40}},"49":{"start":{"line":93,"column":8},"end":{"line":93,"column":30}},"50":{"start":{"line":93,"column":23},"end":{"line":93,"column":30}},"51":{"start":{"line":94,"column":21},"end":{"line":94,"column":116}},"52":{"start":{"line":95,"column":8},"end":{"line":95,"column":51}},"53":{"start":{"line":99,"column":4},"end":{"line":103,"column":7}},"54":{"start":{"line":100,"column":8},"end":{"line":100,"column":30}},"55":{"start":{"line":100,"column":23},"end":{"line":100,"column":30}},"56":{"start":{"line":101,"column":21},"end":{"line":101,"column":116}},"57":{"start":{"line":102,"column":8},"end":{"line":102,"column":50}},"58":{"start":{"line":107,"column":4},"end":{"line":111,"column":7}},"59":{"start":{"line":108,"column":8},"end":{"line":108,"column":30}},"60":{"start":{"line":108,"column":23},"end":{"line":108,"column":30}},"61":{"start":{"line":109,"column":21},"end":{"line":109,"column":116}},"62":{"start":{"line":110,"column":8},"end":{"line":110,"column":41}},"63":{"start":{"line":113,"column":4},"end":{"line":118,"column":7}},"64":{"start":{"line":114,"column":8},"end":{"line":114,"column":30}},"65":{"start":{"line":114,"column":23},"end":{"line":114,"column":30}},"66":{"start":{"line":115,"column":8},"end":{"line":115,"column":69}},"67":{"start":{"line":116,"column":21},"end":{"line":116,"column":116}},"68":{"start":{"line":117,"column":8},"end":{"line":117,"column":51}},"69":{"start":{"line":120,"column":4},"end":{"line":125,"column":7}},"70":{"start":{"line":121,"column":8},"end":{"line":121,"column":30}},"71":{"start":{"line":121,"column":23},"end":{"line":121,"column":30}},"72":{"start":{"line":122,"column":8},"end":{"line":122,"column":65}},"73":{"start":{"line":123,"column":21},"end":{"line":123,"column":116}},"74":{"start":{"line":124,"column":8},"end":{"line":124,"column":59}},"75":{"start":{"line":127,"column":4},"end":{"line":132,"column":7}},"76":{"start":{"line":128,"column":8},"end":{"line":128,"column":30}},"77":{"start":{"line":128,"column":23},"end":{"line":128,"column":30}},"78":{"start":{"line":129,"column":8},"end":{"line":129,"column":64}},"79":{"start":{"line":130,"column":21},"end":{"line":130,"column":116}},"80":{"start":{"line":131,"column":8},"end":{"line":131,"column":51}}},"fnMap":{"0":{"name":"registerJournalEntryHandlers","decl":{"start":{"line":23,"column":16},"end":{"line":23,"column":44}},"loc":{"start":{"line":23,"column":72},"end":{"line":133,"column":1}}},"1":{"name":"(anonymous_1)","decl":{"start":{"line":26,"column":22},"end":{"line":26,"column":27}},"loc":{"start":{"line":26,"column":42},"end":{"line":74,"column":5}}},"2":{"name":"(anonymous_2)","decl":{"start":{"line":77,"column":41},"end":{"line":77,"column":46}},"loc":{"start":{"line":77,"column":74},"end":{"line":82,"column":5}}},"3":{"name":"(anonymous_3)","decl":{"start":{"line":84,"column":35},"end":{"line":84,"column":40}},"loc":{"start":{"line":84,"column":68},"end":{"line":89,"column":5}}},"4":{"name":"(anonymous_4)","decl":{"start":{"line":91,"column":40},"end":{"line":91,"column":45}},"loc":{"start":{"line":91,"column":73},"end":{"line":96,"column":5}}},"5":{"name":"(anonymous_5)","decl":{"start":{"line":99,"column":64},"end":{"line":99,"column":69}},"loc":{"start":{"line":99,"column":97},"end":{"line":103,"column":5}}},"6":{"name":"(anonymous_6)","decl":{"start":{"line":107,"column":44},"end":{"line":107,"column":49}},"loc":{"start":{"line":107,"column":58},"end":{"line":111,"column":5}}},"7":{"name":"(anonymous_7)","decl":{"start":{"line":113,"column":51},"end":{"line":113,"column":56}},"loc":{"start":{"line":113,"column":65},"end":{"line":118,"column":5}}},"8":{"name":"(anonymous_8)","decl":{"start":{"line":120,"column":28},"end":{"line":120,"column":33}},"loc":{"start":{"line":120,"column":42},"end":{"line":125,"column":5}}},"9":{"name":"(anonymous_9)","decl":{"start":{"line":127,"column":27},"end":{"line":127,"column":32}},"loc":{"start":{"line":127,"column":41},"end":{"line":132,"column":5}}}},"branchMap":{"0":{"loc":{"start":{"line":27,"column":8},"end":{"line":73,"column":9}},"type":"if","locations":[{"start":{"line":27,"column":8},"end":{"line":73,"column":9}},{"start":{"line":70,"column":15},"end":{"line":73,"column":9}}]},"1":{"loc":{"start":{"line":32,"column":12},"end":{"line":35,"column":13}},"type":"if","locations":[{"start":{"line":32,"column":12},"end":{"line":35,"column":13}}]},"2":{"loc":{"start":{"line":32,"column":16},"end":{"line":32,"column":108}},"type":"binary-expr","locations":[{"start":{"line":32,"column":16},"end":{"line":32,"column":27}},{"start":{"line":32,"column":31},"end":{"line":32,"column":52}},{"start":{"line":32,"column":56},"end":{"line":32,"column":72}},{"start":{"line":32,"column":76},"end":{"line":32,"column":108}}]},"3":{"loc":{"start":{"line":38,"column":12},"end":{"line":38,"column":34}},"type":"if","locations":[{"start":{"line":38,"column":12},"end":{"line":38,"column":34}}]},"4":{"loc":{"start":{"line":41,"column":12},"end":{"line":65,"column":13}},"type":"if","locations":[{"start":{"line":41,"column":12},"end":{"line":65,"column":13}}]},"5":{"loc":{"start":{"line":41,"column":16},"end":{"line":41,"column":72}},"type":"binary-expr","locations":[{"start":{"line":41,"column":16},"end":{"line":41,"column":27}},{"start":{"line":41,"column":31},"end":{"line":41,"column":52}},{"start":{"line":41,"column":56},"end":{"line":41,"column":72}}]},"6":{"loc":{"start":{"line":48,"column":16},"end":{"line":52,"column":17}},"type":"if","locations":[{"start":{"line":48,"column":16},"end":{"line":52,"column":17}}]},"7":{"loc":{"start":{"line":48,"column":20},"end":{"line":48,"column":73}},"type":"binary-expr","locations":[{"start":{"line":48,"column":20},"end":{"line":48,"column":38}},{"start":{"line":48,"column":42},"end":{"line":48,"column":73}}]},"8":{"loc":{"start":{"line":54,"column":16},"end":{"line":58,"column":17}},"type":"if","locations":[{"start":{"line":54,"column":16},"end":{"line":58,"column":17}}]},"9":{"loc":{"start":{"line":60,"column":16},"end":{"line":64,"column":17}},"type":"if","locations":[{"start":{"line":60,"column":16},"end":{"line":64,"column":17}}]},"10":{"loc":{"start":{"line":79,"column":8},"end":{"line":79,"column":30}},"type":"if","locations":[{"start":{"line":79,"column":8},"end":{"line":79,"column":30}}]},"11":{"loc":{"start":{"line":86,"column":8},"end":{"line":86,"column":30}},"type":"if","locations":[{"start":{"line":86,"column":8},"end":{"line":86,"column":30}}]},"12":{"loc":{"start":{"line":93,"column":8},"end":{"line":93,"column":30}},"type":"if","locations":[{"start":{"line":93,"column":8},"end":{"line":93,"column":30}}]},"13":
[...]
3,"column":65}},"47":{"start":{"line":129,"column":8},"end":{"line":129,"column":30}},"48":{"start":{"line":134,"column":8},"end":{"line":134,"column":33}},"49":{"start":{"line":36,"column":0},"end":{"line":36,"column":13}},"50":{"start":{"line":139,"column":13},"end":{"line":139,"column":40}},"51":{"start":{"line":147,"column":4},"end":{"line":147,"column":53}}},"fnMap":{"0":{"name":"(anonymous_9)","decl":{"start":{"line":5,"column":4},"end":{"line":5,"column":11}},"loc":{"start":{"line":5,"column":4},"end":{"line":5,"column":20}}},"1":{"name":"(anonymous_10)","decl":{"start":{"line":5,"column":25},"end":{"line":5,"column":31}},"loc":{"start":{"line":5,"column":34},"end":{"line":7,"column":5}}},"2":{"name":"(anonymous_11)","decl":{"start":{"line":11,"column":13},"end":{"line":11,"column":14}},"loc":{"start":{"line":11,"column":31},"end":{"line":11,"column":35}}},"3":{"name":"(anonymous_12)","decl":{"start":{"line":12,"column":16},"end":{"line":12,"column":17}},"loc":{"start":{"line":12,"column":34},"end":{"line":12,"column":38}}},"4":{"name":"(anonymous_13)","decl":{"start":{"line":13,"column":14},"end":{"line":13,"column":15}},"loc":{"start":{"line":13,"column":32},"end":{"line":13,"column":36}}},"5":{"name":"(anonymous_14)","decl":{"start":{"line":14,"column":15},"end":{"line":14,"column":16}},"loc":{"start":{"line":14,"column":33},"end":{"line":14,"column":37}}},"6":{"name":"(anonymous_15)","decl":{"start":{"line":15,"column":14},"end":{"line":15,"column":15}},"loc":{"start":{"line":15,"column":32},"end":{"line":15,"column":36}}},"7":{"name":"(anonymous_16)","decl":{"start":{"line":20,"column":0},"end":{"line":20,"column":12}},"loc":{"start":{"line":20,"column":20},"end":{"line":27,"column":1}}},"8":{"name":"(anonymous_17)","decl":{"start":{"line":41,"column":4},"end":{"line":41,"column":null}},"loc":{"start":{"line":44,"column":48},"end":{"line":49,"column":5}}},"9":{"name":"(anonymous_18)","decl":{"start":{"line":52,"column":12},"end":{"line":52,"column":25}},"loc":{"start":{"line":52,"column":56},"end":{"line":56,"column":5}}},"10":{"name":"(anonymous_19)","decl":{"start":{"line":59,"column":12},"end":{"line":59,"column":22}},"loc":{"start":{"line":59,"column":49},"end":{"line":75,"column":5}}},"11":{"name":"(anonymous_20)","decl":{"start":{"line":60,"column":20},"end":{"line":60,"column":21}},"loc":{"start":{"line":60,"column":37},"end":{"line":60,"column":68}}},"12":{"name":"(anonymous_21)","decl":{"start":{"line":72,"column":45},"end":{"line":72,"column":46}},"loc":{"start":{"line":72,"column":72},"end":{"line":74,"column":9}}},"13":{"name":"(anonymous_22)","decl":{"start":{"line":78,"column":4},"end":{"line":78,"column":9}},"loc":{"start":{"line":78,"column":41},"end":{"line":82,"column":5}}},"14":{"name":"(anonymous_23)","decl":{"start":{"line":85,"column":4},"end":{"line":85,"column":8}},"loc":{"start":{"line":85,"column":40},"end":{"line":89,"column":5}}},"15":{"name":"(anonymous_24)","decl":{"start":{"line":92,"column":4},"end":{"line":92,"column":8}},"loc":{"start":{"line":92,"column":40},"end":{"line":96,"column":5}}},"16":{"name":"(anonymous_25)","decl":{"start":{"line":99,"column":4},"end":{"line":99,"column":9}},"loc":{"start":{"line":99,"column":41},"end":{"line":103,"column":5}}},"17":{"name":"(anonymous_26)","decl":{"start":{"line":106,"column":4},"end":{"line":106,"column":9}},"loc":{"start":{"line":106,"column":41},"end":{"line":110,"column":5}}},"18":{"name":"(anonymous_27)","decl":{"start":{"line":113,"column":4},"end":{"line":113,"column":19}},"loc":{"start":{"line":113,"column":65},"end":{"line":118,"column":5}}},"19":{"name":"(anonymous_28)","decl":{"start":{"line":120,"column":4},"end":{"line":120,"column":17}},"loc":{"start":{"line":120,"column":59},"end":{"line":125,"column":5}}},"20":{"name":"(anonymous_29)","decl":{"start":{"line":128,"column":4},"end":{"line":128,"column":15}},"loc":{"start":{"line":128,"column":31},"end":{"line":130,"column":5}}},"21":{"name":"(anonymous_30)","decl":{"start":{"line":133,"column":4},"end":{"line":133,"column":17}},"loc":{"start":{"line":133,"column":32},"end":{"line":135,"column":5}}},"22":{"name":"createLogger","decl":{"start":{"line":142,"column":16},"end":{"line":142,"column":28}},"loc":{"start":{"line":145,"column":23},"end":{"line":148,"column":1}}}},"branchMap":{"0":{"loc":{"start":{"line":20,"column":12},"end":{"line":20,"column":null}},"type":"binary-expr","locations":[{"start":{"line":20,"column":12},"end":{"line":20,"column":20}},{"start":{"line":20,"column":20},"end":{"line":20,"column":null}}]},"1":{"loc":{"start":{"line":43,"column":8},"end":{"line":43,"column":46}},"type":"default-arg","locations":[{"start":{"line":43,"column":29},"end":{"line":43,"column":46}}]},"2":{"loc":{"start":{"line":44,"column":8},"end":{"line":44,"column":48}},"type":"default-arg","locations":[{"start":{"line":44,"column":29},"end":{"line":44,"column":48}}]},"3":{"loc":{"start":{"line":79,"column":8},"end":{"line":81,"column":9}},"type":"if","locations":[{"start":{"line":79,"column":8},"end":{"line":81,"column":9}}]},"4":{"loc":{"start":{"line":80,"column":26},"end":{"line":80,"column":125}},"type":"cond-expr","locations":[{"start":{"line":80,"column":39},"end":{"line":80,"column":86}},{"start":{"line":80,"column":89},"end":{"line":80,"column":125}}]},"5":{"loc":{"start":{"line":86,"column":8},"end":{"line":88,"column":9}},"type":"if","locations":[{"start":{"line":86,"column":8},"end":{"line":88,"column":9}}]},"6":{"loc":{"start":{"line":87,"column":25},"end":{"line":87,"column":128}},"type":"cond-expr","locations":[{"start":{"line":87,"column":41},"end":{"line":87,"column":90}},{"start":{"line":87,"column":93},"end":{"line":87,"column":128}}]},"7":{"loc":{"start":{"line":93,"column":8},"end":{"line":95,"column":9}},"type":"if","locations":[{"start":{"line":93,"column":8},"end":{"line":95,"column":9}}]},"8":{"loc":{"start":{"line":94,"column":25},"end":{"line":94,"column":124}},"type":"cond-expr","locations":[{"start":{"line":94,"column":39},"end":{"line":94,"column":86}},{"start":{"line":94,"column":89},"end":{"line":94,"column":124}}]},"9":{"loc":{"start":{"line":100,"column":8},"end":{"line":102,"column":9}},"type":"if","locations":[{"start":{"line":100,"column":8},"end":{"line":102,"column":9}}]},"10":{"loc":{"start":{"line":101,"column":26},"end":{"line":101,"column":129}},"type":"cond-expr","locations":[{"start":{"line":101,"column":41},"end":{"line":101,"column":90}},{"start":{"line":101,"column":93},"end":{"line":101,"column":129}}]},"11":{"loc":{"start":{"line":107,"column":8},"end":{"line":109,"column":9}},"type":"if","locations":[{"start":{"line":107,"column":8},"end":{"line":109,"column":9}}]},"12":{"loc":{"start":{"line":108,"column":26},"end":{"line":108,"column":127}},"type":"cond-expr","locations":[{"start":{"line":108,"column":40},"end":{"line":108,"column":88}},{"start":{"line":108,"column":91},"end":{"line":108,"column":127}}]},"13":{"loc":{"start":{"line":114,"column":8},"end":{"line":117,"column":9}},"type":"if","locations":[{"start":{"line":114,"column":8},"end":{"line":117,"column":9}}]},"14":{"loc":{"start":{"line":115,"column":30},"end":{"line":115,"column":85}},"type":"cond-expr","locations":[{"start":{"line":115,"column":39},"end":{"line":115,"column":80}},{"start":{"line":115,"column":83},"end":{"line":115,"column":85}}]},"15":{"loc":{"start":{"line":121,"column":8},"end":{"line":124,"column":9}},"type":"if","locations":[{"start":{"line":121,"column":8},"end":{"line":124,"column":9}}]},"16":{"loc":{"start":{"line":122,"column":28},"end":{"line":122,"column":92}},"type":"cond-expr","locations":[{"start":{"line":122,"column":46},"end":{"line":122,"column":87}},{"start":{"line":122,"column":90},"end":{"line":122,"column":92}}]}},"s":{"0":0,"1":0,"2":0,"3":0,"4":0,"5":0,"6":0,"7":0,"8":0,"9":0,"10":0,"11":0,"12":0,"13":0,"14":0,"15":0,"16":0,"17":0,"18":0,"19":0,"20":0,"21":0,"22":0,"23":0,"24":0,"25":0,"26":0,"27":0,"28":0,"29":0,"30":0,"31":0,"32":0,"33":0,"34":0,"35":0,"36":0,"37":0,"38":0,"39":0,"40":0,"41":0,"42":0,"43":0,"44":0,"45":0,"46":0,"47":0,"48":0,"49":0,"50":0,"51":0},"f":{"0":0,"1":0,"2":0,"3":0,"4":0,"5":0,"6":0,"7":0,"8":0,"9":0,"10":0,"11":0,"12":0,"13":0,"14":0,"15":0,"16":0,"17":0,"18":0,"19":0,"20":0,"21":0,"22":0},"b":{"0":[0,0],"1":[0],"2":[0],"3":[0],"4":[0,0],"5":[0],"6":[0,0],"7":[0],"8":[0,0],"9":[0],"10":[0,0],"11":[0],"12":[0,0],"13":[0],"14":[0,0],"15":[0],"16":[0,0]}}
,"/Users/nikitagorokhov/cometa-bots/euphoria/src/utils/timezone.ts": {"path":"/Users/nikitagorokhov/cometa-bots/euphoria/src/utils/timezone.ts","statementMap":{"0":{"start":{"line":12,"column":0},"end":{"line":12,"column":16}},"1":{"start":{"line":48,"column":0},"end":{"line":48,"column":16}},"2":{"start":{"line":181,"column":0},"end":{"line":181,"column":16}},"3":{"start":{"line":199,"column":0},"end":{"line":199,"column":16}},"4":{"start":{"line":213,"column":0},"end":{"line":213,"column":16}},"5":{"start":{"line":228,"column":0},"end":{"line":228,"column":16}},"6":{"start":{"line":255,"column":0},"end":{"line":255,"column":7}},"7":{"start":{"line":14,"column":29},"end":{"line":14,"column":62}},"8":{"start":{"line":17,"column":17},"end":{"line":17,"column":27}},"9":{"start":{"line":18,"column":22},"end":{"line":23,"column":6}},"10":{"start":{"line":26,"column":22},"end":{"line":26,"column":51}},"11":{"start":{"line":27,"column":17},"end":{"line":27,"column":98}},"12":{"start":{"line":27,"column":47},"end":{"line":27,"column":67}},"13":{"start":{"line":28,"column":18},"end":{"line":28,"column":107}},"14":{"start":{"line":28,"column":48},"end":{"line":28,"column":69}},"15":{"start":{"line":29,"column":16},"end":{"line":29,"column":92}},"16":{"start":{"line":29,"column":46},"end":{"line":29,"column":65}},"17":{"start":{"line":32,"column":29},"end":{"line":32,"column":81}},"18":{"start":{"line":35,"column":31},"end":{"line":35,"column":62}},"19":{"start":{"line":36,"column":20},"end":{"line":36,"column":85}},"20":{"start":{"line":39,"column":4},"end":{"line":39,"column":121}},"21":{"start":{"line":50,"column":29},"end":{"line":50,"column":65}},"22":{"start":{"line":53,"column":20},"end":{"line":53,"column":30}},"23":{"start":{"line":54,"column":4},"end":{"line":54,"column":46}},"24":{"start":{"line":57,"column":22},"end":{"line":62,"column":6}},"25":{"start":{"line":65,"column":26},"end":{"line":65,"column":51}},"26":{"start":{"line":69,"column":22},"end":{"line":69,"column":46}},"27":{"start":{"line":70,"column":18},"end":{"line":70,"column":47}},"28":{"start":{"line":72,"column":4},"end":{"line":76,"column":5}},"29":{"start":{"line":73,"column":22},"end":{"line":73,"column":47}},"30":{"start":{"line":74,"column":24},"end":{"line":74,"column":32}},"31":{"start":{"line":75,"column":8},"end":{"line":75,"column":37}},"32":{"start":{"line":79,"column":4},"end":{"line":79,"column":48}},"33":{"start":{"line":88,"column":17},"end":{"line":88,"column":27}},"34":{"start":{"line":91,"column":23},"end":{"line":96,"column":19}},"35":{"start":{"line":99,"column":28},"end":{"line":103,"column":19}},"36":{"start":{"line":106,"column":22},"end":{"line":112,"column":5}},"37":{"start":{"line":107,"column":22},"end":{"line":107,"column":60}},"38":{"start":{"line":108,"column":8},"end":{"line":110,"column":9}},"39":{"start":{"line":109,"column":12},"end":{"line":109,"column":72}},"40":{"start":{"line":111,"column":8},"end":{"line":111,"column":17}},"41":{"start":{"line":114,"column":28},"end":{"line":114,"column":49}},"42":{"start":{"line":115,"column":25},"end":{"line":115,"column":51}},"43":{"start":{"line":118,"column":17},"end":{"line":118,"column":47}},"44":{"start":{"line":121,"column":4},"end":{"line":121,"column":37}},"45":{"start":{"line":121,"column":22},"end":{"line":121,"column":37}},"46":{"start":{"line":122,"column":4},"end":{"line":122,"column":38}},"47":{"start":{"line":122,"column":23},"end":{"line":122,"column":38}},"48":{"start":{"line":124,"column":4},"end":{"line":124,"column":18}},"49":{"start":{"line":130,"column":25},"end":{"line":145,"column":2}},"50":{"start":{"line":150,"column":49},"end":{"line":175,"column":2}},"51":{"start":{"line":182,"column":4},"end":{"line":189,"column":5}},"52":{"start":{"line":184,"column":8},"end":{"line":186,"column":9}},"53":{"start":{"line":185,"column":12},"end":{"line":185,"column":63}},"54":{"start":{"line":192,"column":4},"end":{"line":192,"column":28}},"55":{"start":{"line":200,"column":4},"end":{"line":205,"column":5}},"56":{"start":{"line":201,"column":8},"end":{"line":201,"column":64}},"57":{"start":{"line":204,"column":8},"end":{"line":204,"column":21}},"58":{"start":{"line":214,"column":4},"end":{"line":219,"column":5}},"59":{"start":{"line":215,"column":8},"end":{"line":215,"column":65}},"60":{"start":{"line":216,"column":8},"end":{"line":216,"column":20}},"61":{"start":{"line":218,"column":8},"end":{"line":218,"column":21}},"62":{"start":{"line":229,"column":4},"end":{"line":245,"column":5}},"63":{"start":{"line":231,"column":21},"end":{"line":231,"column":31}},"64":{"start":{"line":232,"column":26},"end":{"line":235,"column":10}},"65":{"start":{"line":238,"column":30},"end":{"line":238,"column":52}},"66":{"start":{"line":239,"column":29},"end":{"line":239,"column":59}},"67":{"start":{"line":241,"column":8},"end":{"line":241,"column":49}},"68":{"start":{"line":244,"column":8},"end":{"line":244,"column":26}},"69":{"start":{"line":256,"column":4},"end":{"line":302,"column":5}},"70":{"start":{"line":258,"column":29},"end":{"line":258,"column":58}},"71":{"start":{"line":261,"column":58},"end":{"line":280,"column":10}},"72":{"start":{"line":283,"column":8},"end":{"line":285,"column":9}},"73":{"start":{"line":284,"column":12},"end":{"line":284,"column":51}},"74":{"start":{"line":288,"column":27},"end":{"line":288,"column":53}},"75":{"start":{"line":289,"column":8},"end":{"line":295,"column":9}},"76":{"start":{"line":290,"column":12},"end":{"line":294,"column":13}},"77":{"start":{"line":291,"column":16},"end":{"line":293,"column":17}},"78":{"start":{"line":292,"column":20},"end":{"line":292,"column":33}},"79":{"start":{"line":298,"column":8},"end":{"line":298,"column":21}},"80":{"start":{"line":300,"column":8},"end":{"line":300,"column":57}},"81":{"start":{"line":301,"column":8},"end":{"line":301,"column":21}}},"fnMap":{"0":{"name":"convertToUTC","decl":{"start":{"line":12,"column":16},"end":{"line":12,"column":28}},"loc":{"start":{"line":12,"column":65},"end":{"line":40,"column":1}}},"1":{"name":"(anonymous_1)","decl":{"start":{"line":27,"column":39},"end":{"line":27,"column":43}},"loc":{"start":{"line":27,"column":47},"end":{"line":27,"column":67}}},"2":{"name":"(anonymous_2)","decl":{"start":{"line":28,"column":40},"end":{"line":28,"column":44}},"loc":{"start":{"line":28,"column":48},"end":{"line":28,"column":69}}},"3":{"name":"(anonymous_3)","decl":{"start":{"line":29,"column":38},"end":{"line":29,"column":42}},"loc":{"start":{"line":29,"column":46},"end":{"line":29,"column":65}}},"4":{"name":"convertFromUTC","decl":{"start":{"line":48,"column":16},"end":{"line":48,"column":30}},"loc":{"start":{"line":48,"column":70},"end":{"line":80,"column":1}}},"5":{"name":"getUserTimezoneOffset","decl":{"start":{"line":87,"column":9},"end":{"line":87,"column":30}},"loc":{"start":{"line":87,"column":47},"end":{"line":125,"column":1}}},"6":{"name":"(anonymous_6)","decl":{"start":{"line":106,"column":22},"end":{"line":106,"column":23}},"loc":{"start":{"line":106,"column":42},"end":{"line":112,"column":5}}},"7":{"name":"getAvailableTimezones","decl":{"start":{"line":181,"column":16},"end":{"line":181,"column":37}},"loc":{"start":{"line":181,"column":37},"end":{"line":193,"column":1}}},"8":{"name":"detectUserTimezone","decl":{"start":{"line":199,"column":16},"end":{"line":199,"column":34}},"loc":{"start":{"line":199,"column":34},"end":{"line":206,"column":1}}},"9":{"name":"isValidTimezone","decl":{"start":{"line":213,"column":16},"end":{"line":213,"column":31}},"loc":{"start":{"line":213,"column":48},"end":{"line":220,"column":1}}},"10":{"name":"formatTimeWithTimezone","decl":{"start":{"line":228,"column":16},"end":{"line":228,"column":38}},"loc":{"start":{"line":228,"column":75},"end":{"line":246,"column":1}}},"11":{"name":"guessUserTimezone","decl":{"start":{"line":255,"column":22},"end":{"line":255,"column":39}},"loc":{"start":{"line":255,"column":62},"end":{"line":303,"column":1}}}},"branchMap":{"0":{"loc":{"start":{"line":27,"column":24},"end":{"line":27,"column":97}},"type":"binary-expr","locations":[{"start":{"line":27,"column":24},"end":{"line":27,"column":75}},{"start":{"line":27,"column":79},"end":{"line":27,"column":97}}]},"1":{"loc":{"start":{"line":28,"column":25},"end":{"line":28,"column":102}},"type":"binary-expr","locations":[{"start":{"line":28,"column":25},"end":{"line":28,"column":77}},{"start":{"line":28,"column":82},"end":{"line":28,"column":101}}]},"2":{"loc":{"start":{"line":29,"column":23},"end":{"line":29,"column":91}},"type":"binary-expr","locations":[{"start":{"line":29,"column":23},"end":{"line":29,"column":73}},{"start":{"line":29,"column":77},"end":{"line":29,"column":91}}]},"3":{"loc":{"start":{"line":72,"column":4},"end":{"line":76,"column":5}},"type":"if","locations":[{"start":{"line":72,"column":4},"end":{"line":76,"column":5}}]},"4":{"loc":{"start":{"line":108,"column":8},"end":{"line":110,"column":9}},"type":"if","locations":[{"start":{"line":108,"column":8},"end":{"line":110,"column":9}}]},"5":{"loc":{"start":{"line":121,"column":4},"end":{"line":121,"column":37}},"type":"if","locations":[{"start":{"line":121,"column":4},"end":{"line":121,"column":37}}]},"6":{"loc":{"start":{"line":122,"column":4},"end":{"line":122,"column":38}},"type":"if","locations":[{"start":{"line":122,"column":4},"end":{"line":122,"column":38}}]},"7":{"loc":{"start":{"line":184,"column":8},"end":{"line":186,"column":9}},"type":"if","locations":[{"start":{"line":184,"column":8},"end":{"line":186,"column":9}}]},"8":{"loc":{"start":{"line":184,"column":12},"end":{"line":184,"column":70}},"type":"binary-expr","locations":[{"start":{"line":184,"column":12},"end":{"line":184,"column":39}},{"start":{"line":184,"column":43},"end":{"line":184,"column":70}}]},"9":{"loc":{"start":{"line":258,"column":29},"end":{"line":258,"column":58}},"type":"binary-expr","locations":[{"start":{"line":258,"column":29},"end":{"line":258,"column":52}},{"start":{"line":258,"column":56},"end":{"line":258,"column":58}}]},"10":{"loc":{"start":{"line":283,"column":8},"end":{"line":285,"column":9}},"type":"if","locations":[{"start":{"line":283,"column":8},"end":{"line":285,"column":9}}]},"11":{"loc":{"start":{"line":283,"column":12},"end":{"line":283,"column":59}},"type":"binary-expr","locations":[{"start":{"line":283,"column":12},"end":{"line":283,"column":24}},{"start":{"line":283,"column":28},"end":{"line":283,"column":59}}]},"12":{"loc":{"start":{"line":289,"column":8},"end":{"line":295,"column":9}},"type":"if","locations":[{"start":{"line":289,"column":8},"end":{"line":295,"column":9}}]},"13":{"loc":{"start":{"line":291,"column":16},"end":{"line":293,"column":17}},"type":"if","locations":[{"start":{"line":291,"column":16},"end":{"line":293,"column":17}}]}},"s":{"0":1,"1":1,"2":1,"3":1,"4":1,"5":1,"6":1,"7":2,"8":2,"9":2,"10":2,"11":2,"12":10,"13":2,"14":2,"15":2,"16":6,"17":2,"18":2,"19":2,"20":2,"21":1,"22":1,"23":1,"24":1,"25":1,"26":1,"27":1,"28":1,"29":1,"30":1,"31":1,"32":0,"33":2,"34":2,"35":2,"36":2,"37":4,"38":4,"39":4,"40":0,"41":2,"42":2,"43":2,"44":2,"45":0,"46":2,"47":0,"48":2,"49":1,"50":1,"51":2,"52":2,"53":1,"54":1,"55":0,"56":0,"57":0,"58":4,"59":4,"60":3,"61":1,"62":2,"63":2,"64":2,"65":1,"66":1,"67":1,"68":1,"69":0,"70":0,"71":0,"72":0,"73":0,"74":0,"75":0,"76":0,"77":0,"78":0,"79":0,"80":0,"81":0},"f":{"0":2,"1":10,"2":2,"3":6,"4":1,"5":2,"6":4,"7":2,"8":0,"9":4,"10":2,"11":0},"b":{"0":[2,0],"1":[2,0],"2":[2,0],"3":[1],"4":[4],"5":[0],"6":[0],"7":[1],"8":[2,2],"9":[0,0],"10":[0],"11":[0,0],"12":[0],"13":[0]}}
}
