{"/Users/nikitagorokhov/cometa-bots/euphoria/src/config.ts": {"path":"/Users/nikitagorokhov/cometa-bots/euphoria/src/config.ts","statementMap":{"0":{"start":{"line":1,"column":0},"end":{"line":1,"column":33}},"1":{"start":{"line":2,"column":0},"end":{"line":2,"column":42}},"2":{"start":{"line":4,"column":0},"end":{"line":4,"column":16}},"3":{"start":{"line":6,"column":13},"end":{"line":6,"column":75}},"4":{"start":{"line":7,"column":13},"end":{"line":7,"column":67}},"5":{"start":{"line":8,"column":13},"end":{"line":8,"column":61}},"6":{"start":{"line":9,"column":21},"end":{"line":9,"column":45}},"7":{"start":{"line":10,"column":21},"end":{"line":10,"column":45}},"8":{"start":{"line":11,"column":21},"end":{"line":11,"column":45}},"9":{"start":{"line":12,"column":25},"end":{"line":12,"column":53}},"10":{"start":{"line":13,"column":25},"end":{"line":13,"column":53}},"11":{"start":{"line":14,"column":27},"end":{"line":14,"column":57}},"12":{"start":{"line":16,"column":13},"end":{"line":18,"column":68}},"13":{"start":{"line":20,"column":13},"end":{"line":22,"column":18}},"14":{"start":{"line":23,"column":13},"end":{"line":24,"column":65}}},"fnMap":{},"branchMap":{"0":{"loc":{"start":{"line":16,"column":27},"end":{"line":18,"column":67}},"type":"cond-expr","locations":[{"start":{"line":17,"column":4},"end":{"line":17,"column":120}},{"start":{"line":18,"column":4},"end":{"line":18,"column":67}}]},"1":{"loc":{"start":{"line":20,"column":25},"end":{"line":22,"column":17}},"type":"cond-expr","locations":[{"start":{"line":21,"column":4},"end":{"line":21,"column":47}},{"start":{"line":22,"column":4},"end":{"line":22,"column":17}}]},"2":{"loc":{"start":{"line":23,"column":48},"end":{"line":24,"column":64}},"type":"cond-expr","locations":[{"start":{"line":24,"column":4},"end":{"line":24,"column":58}},{"start":{"line":24,"column":61},"end":{"line":24,"column":64}}]}},"s":{"0":0,"1":0,"2":0,"3":0,"4":0,"5":0,"6":0,"7":0,"8":0,"9":0,"10":0,"11":0,"12":0,"13":0,"14":0},"f":{},"b":{"0":[0,0],"1":[0,0],"2":[0,0]}}
,"/Users/nikitagorokhov/cometa-bots/euphoria/src/index.ts": {"path":"/Users/nikitagorokhov/cometa-bots/euphoria/src/index.ts","statementMap":{"0":{"start":{"line":1,"column":0},"end":{"line":1,"column":33}},"1":{"start":{"line":2,"column":0},"end":{"line":2,"column":56}},"2":{"start":{"line":5,"column":19},"end":{"line":5,"column":54}},"3":{"start":{"line":8,"column":0},"end":{"line":8,"column":60}},"4":{"start":{"line":9,"column":0},"end":{"line":16,"column":5}},"5":{"start":{"line":11,"column":4},"end":{"line":11,"column":48}},"6":{"start":{"line":14,"column":4},"end":{"line":14,"column":61}},"7":{"start":{"line":15,"column":4},"end":{"line":15,"column":20}}},"fnMap":{"0":{"name":"(anonymous_0)","decl":{"start":{"line":10,"column":8},"end":{"line":10,"column":11}},"loc":{"start":{"line":10,"column":13},"end":{"line":12,"column":3}}},"1":{"name":"(anonymous_1)","decl":{"start":{"line":13,"column":9},"end":{"line":13,"column":14}},"loc":{"start":{"line":13,"column":17},"end":{"line":16,"column":3}}}},"branchMap":{},"s":{"0":0,"1":0,"2":0,"3":0,"4":0,"5":0,"6":0,"7":0},"f":{"0":0,"1":0},"b":{}}
,"/Users/nikitagorokhov/cometa-bots/euphoria/src/app/bot.ts": {"path":"/Users/nikitagorokhov/cometa-bots/euphoria/src/app/bot.ts","statementMap":{"0":{"start":{"line":8,"column":0},"end":{"line":8,"column":16}},"1":{"start":{"line":1,"column":0},"end":{"line":1,"column":38}},"2":{"start":{"line":2,"column":0},"end":{"line":2,"column":47}},"3":{"start":{"line":4,"column":0},"end":{"line":4,"column":57}},"4":{"start":{"line":5,"column":0},"end":{"line":5,"column":43}},"5":{"start":{"line":10,"column":16},"end":{"line":10,"column":62}},"6":{"start":{"line":13,"column":4},"end":{"line":18,"column":8}},"7":{"start":{"line":14,"column":43},"end":{"line":17,"column":10}},"8":{"start":{"line":21,"column":4},"end":{"line":32,"column":7}},"9":{"start":{"line":23,"column":8},"end":{"line":31,"column":9}},"10":{"start":{"line":24,"column":12},"end":{"line":24,"column":60}},"11":{"start":{"line":27,"column":12},"end":{"line":30,"column":15}},"12":{"start":{"line":34,"column":4},"end":{"line":34,"column":15}}},"fnMap":{"0":{"name":"createBot","decl":{"start":{"line":8,"column":16},"end":{"line":8,"column":25}},"loc":{"start":{"line":8,"column":25},"end":{"line":35,"column":1}}},"1":{"name":"(anonymous_1)","decl":{"start":{"line":14,"column":17},"end":{"line":14,"column":39}},"loc":{"start":{"line":14,"column":43},"end":{"line":17,"column":10}}},"2":{"name":"(anonymous_2)","decl":{"start":{"line":21,"column":14},"end":{"line":21,"column":15}},"loc":{"start":{"line":21,"column":22},"end":{"line":32,"column":5}}}},"branchMap":{"0":{"loc":{"start":{"line":23,"column":8},"end":{"line":31,"column":9}},"type":"if","locations":[{"start":{"line":23,"column":8},"end":{"line":31,"column":9}},{"start":{"line":25,"column":15},"end":{"line":31,"column":9}}]}},"s":{"0":0,"1":0,"2":0,"3":0,"4":0,"5":0,"6":0,"7":0,"8":0,"9":0,"10":0,"11":0,"12":0},"f":{"0":0,"1":0,"2":0},"b":{"0":[0,0]}}
,"/Users/nikitagorokhov/cometa-bots/euphoria/src/app/feature-registry.ts": {"path":"/Users/nikitagorokhov/cometa-bots/euphoria/src/app/feature-registry.ts","statementMap":{"0":{"start":{"line":14,"column":0},"end":{"line":14,"column":16}},"1":{"start":{"line":3,"column":0},"end":{"line":3,"column":56}},"2":{"start":{"line":4,"column":0},"end":{"line":4,"column":73}},"3":{"start":{"line":5,"column":0},"end":{"line":5,"column":77}},"4":{"start":{"line":6,"column":0},"end":{"line":6,"column":71}},"5":{"start":{"line":7,"column":0},"end":{"line":7,"column":64}},"6":{"start":{"line":8,"column":0},"end":{"line":8,"column":68}},"7":{"start":{"line":9,"column":0},"end":{"line":9,"column":41}},"8":{"start":{"line":16,"column":4},"end":{"line":16,"column":55}},"9":{"start":{"line":19,"column":4},"end":{"line":19,"column":30}},"10":{"start":{"line":22,"column":4},"end":{"line":22,"column":36}},"11":{"start":{"line":23,"column":4},"end":{"line":23,"column":38}},"12":{"start":{"line":24,"column":4},"end":{"line":24,"column":40}},"13":{"start":{"line":25,"column":4},"end":{"line":25,"column":37}},"14":{"start":{"line":26,"column":4},"end":{"line":26,"column":34}},"15":{"start":{"line":28,"column":4},"end":{"line":28,"column":64}}},"fnMap":{"0":{"name":"registerFeatures","decl":{"start":{"line":14,"column":16},"end":{"line":14,"column":32}},"loc":{"start":{"line":14,"column":60},"end":{"line":30,"column":1}}}},"branchMap":{},"s":{"0":0,"1":0,"2":0,"3":0,"4":0,"5":0,"6":0,"7":0,"8":0,"9":0,"10":0,"11":0,"12":0,"13":0,"14":0,"15":0},"f":{"0":0},"b":{}}
,"/Users/nikitagorokhov/cometa-bots/euphoria/src/app/index.ts": {"path":"/Users/nikitagorokhov/cometa-bots/euphoria/src/app/index.ts","statementMap":{"0":{"start":{"line":20,"column":0},"end":{"line":20,"column":7}},"1":{"start":{"line":2,"column":0},"end":{"line":2,"column":34}},"2":{"start":{"line":3,"column":0},"end":{"line":3,"column":54}},"3":{"start":{"line":4,"column":0},"end":{"line":4,"column":48}},"4":{"start":{"line":5,"column":0},"end":{"line":5,"column":71}},"5":{"start":{"line":6,"column":0},"end":{"line":6,"column":55}},"6":{"start":{"line":7,"column":0},"end":{"line":7,"column":38}},"7":{"start":{"line":11,"column":18},"end":{"line":11,"column":48}},"8":{"start":{"line":14,"column":13},"end":{"line":14,"column":31}},"9":{"start":{"line":21,"column":4},"end":{"line":21,"column":59}},"10":{"start":{"line":23,"column":4},"end":{"line":47,"column":5}},"11":{"start":{"line":25,"column":8},"end":{"line":25,"column":52}},"12":{"start":{"line":26,"column":8},"end":{"line":26,"column":34}},"13":{"start":{"line":27,"column":8},"end":{"line":27,"column":58}},"14":{"start":{"line":30,"column":8},"end":{"line":30,"column":30}},"15":{"start":{"line":33,"column":8},"end":{"line":33,"column":42}},"16":{"start":{"line":34,"column":8},"end":{"line":34,"column":26}},"17":{"start":{"line":35,"column":8},"end":{"line":35,"column":51}},"18":{"start":{"line":38,"column":8},"end":{"line":38,"column":59}},"19":{"start":{"line":39,"column":8},"end":{"line":39,"column":36}},"20":{"start":{"line":40,"column":8},"end":{"line":40,"column":55}},"21":{"start":{"line":43,"column":8},"end":{"line":43,"column":19}},"22":{"start":{"line":45,"column":8},"end":{"line":45,"column":63}},"23":{"start":{"line":46,"column":8},"end":{"line":46,"column":20}},"24":{"start":{"line":51,"column":0},"end":{"line":56,"column":1}},"25":{"start":{"line":52,"column":4},"end":{"line":55,"column":7}},"26":{"start":{"line":53,"column":8},"end":{"line":53,"column":66}},"27":{"start":{"line":54,"column":8},"end":{"line":54,"column":24}}},"fnMap":{"0":{"name":"startApp","decl":{"start":{"line":20,"column":22},"end":{"line":20,"column":30}},"loc":{"start":{"line":20,"column":30},"end":{"line":48,"column":1}}},"1":{"name":"(anonymous_1)","decl":{"start":{"line":52,"column":21},"end":{"line":52,"column":26}},"loc":{"start":{"line":52,"column":29},"end":{"line":55,"column":5}}}},"branchMap":{"0":{"loc":{"start":{"line":51,"column":0},"end":{"line":56,"column":1}},"type":"if","locations":[{"start":{"line":51,"column":0},"end":{"line":56,"column":1}}]}},"s":{"0":0,"1":0,"2":0,"3":0,"4":0,"5":0,"6":0,"7":0,"8":0,"9":0,"10":0,"11":0,"12":0,"13":0,"14":0,"15":0,"16":0,"17":0,"18":0,"19":0,"20":0,"21":0,"22":0,"23":0,"24":0,"25":0,"26":0,"27":0},"f":{"0":0,"1":0},"b":{"0":[0]}}
,"/Users/nikitagorokhov/cometa-bots/euphoria/src/config/ai-prompts.ts": {"path":"/Users/nikitagorokhov/cometa-bots/euphoria/src/config/ai-prompts.ts","statementMap":{"0":{"start":{"line":7,"column":13},"end":{"line":83,"column":2}},"1":{"start":{"line":86,"column":13},"end":{"line":111,"column":2}}},"fnMap":{},"branchMap":{},"s":{"0":0,"1":0},"f":{},"b":{}}
,"/Users/nikitagorokhov/cometa-bots/euphoria/src/config/index.ts": {"path":"/Users/nikitagorokhov/cometa-bots/euphoria/src/config/index.ts","statementMap":{"0":{"start":{"line":1,"column":0},"end":{"line":1,"column":33}},"1":{"start":{"line":2,"column":0},"end":{"line":2,"column":24}},"2":{"start":{"line":3,"column":0},"end":{"line":3,"column":43}},"3":{"start":{"line":6,"column":0},"end":{"line":10,"column":3}},"4":{"start":{"line":108,"column":18},"end":{"line":108,"column":50}},"5":{"start":{"line":110,"column":4},"end":{"line":112,"column":5}},"6":{"start":{"line":111,"column":8},"end":{"line":111,"column":67}},"7":{"start":{"line":114,"column":4},"end":{"line":114,"column":23}},"8":{"start":{"line":120,"column":13},"end":{"line":120,"column":92}},"9":{"start":{"line":125,"column":13},"end":{"line":158,"column":2}},"10":{"start":{"line":147,"column":12},"end":{"line":149,"column":69}},"11":{"start":{"line":164,"column":13},"end":{"line":164,"column":59}},"12":{"start":{"line":165,"column":13},"end":{"line":165,"column":100}},"13":{"start":{"line":166,"column":13},"end":{"line":166,"column":51}},"14":{"start":{"line":167,"column":13},"end":{"line":167,"column":52}},"15":{"start":{"line":168,"column":13},"end":{"line":168,"column":49}},"16":{"start":{"line":169,"column":13},"end":{"line":169,"column":49}},"17":{"start":{"line":170,"column":13},"end":{"line":170,"column":49}},"18":{"start":{"line":171,"column":13},"end":{"line":171,"column":57}},"19":{"start":{"line":172,"column":13},"end":{"line":172,"column":53}},"20":{"start":{"line":173,"column":13},"end":{"line":173,"column":62}},"21":{"start":{"line":174,"column":13},"end":{"line":174,"column":47}},"22":{"start":{"line":175,"column":13},"end":{"line":175,"column":46}}},"fnMap":{"0":{"name":"getEnv","decl":{"start":{"line":107,"column":9},"end":{"line":107,"column":15}},"loc":{"start":{"line":107,"column":67},"end":{"line":115,"column":1}}},"1":{"name":"(anonymous_11)","decl":{"start":{"line":146,"column":8},"end":{"line":146,"column":12}},"loc":{"start":{"line":146,"column":15},"end":{"line":150,"column":9}}}},"branchMap":{"0":{"loc":{"start":{"line":7,"column":10},"end":{"line":9,"column":45}},"type":"cond-expr","locations":[{"start":{"line":8,"column":10},"end":{"line":8,"column":50}},{"start":{"line":9,"column":10},"end":{"line":9,"column":45}}]},"1":{"loc":{"start":{"line":107,"column":52},"end":{"line":107,"column":67}},"type":"default-arg","locations":[{"start":{"line":107,"column":63},"end":{"line":107,"column":67}}]},"2":{"loc":{"start":{"line":108,"column":18},"end":{"line":108,"column":50}},"type":"binary-expr","locations":[{"start":{"line":108,"column":18},"end":{"line":108,"column":34}},{"start":{"line":108,"column":38},"end":{"line":108,"column":50}}]},"3":{"loc":{"start":{"line":110,"column":4},"end":{"line":112,"column":5}},"type":"if","locations":[{"start":{"line":110,"column":4},"end":{"line":112,"column":5}}]},"4":{"loc":{"start":{"line":110,"column":8},"end":{"line":110,"column":26}},"type":"binary-expr","locations":[{"start":{"line":110,"column":8},"end":{"line":110,"column":16}},{"start":{"line":110,"column":20},"end":{"line":110,"column":26}}]},"5":{"loc":{"start":{"line":114,"column":11},"end":{"line":114,"column":22}},"type":"binary-expr","locations":[{"start":{"line":114,"column":11},"end":{"line":114,"column":16}},{"start":{"line":114,"column":20},"end":{"line":114,"column":22}}]},"6":{"loc":{"start":{"line":120,"column":38},"end":{"line":120,"column":91}},"type":"binary-expr","locations":[{"start":{"line":120,"column":38},"end":{"line":120,"column":74}},{"start":{"line":120,"column":78},"end":{"line":120,"column":91}}]},"7":{"loc":{"start":{"line":147,"column":19},"end":{"line":149,"column":68}},"type":"cond-expr","locations":[{"start":{"line":148,"column":16},"end":{"line":148,"column":113}},{"start":{"line":149,"column":18},"end":{"line":149,"column":68}}]},"8":{"loc":{"start":{"line":154,"column":15},"end":{"line":156,"column":25}},"type":"cond-expr","locations":[{"start":{"line":155,"column":12},"end":{"line":155,"column":55}},{"start":{"line":156,"column":12},"end":{"line":156,"column":25}}]},"9":{"loc":{"start":{"line":165,"column":48},"end":{"line":165,"column":99}},"type":"binary-expr","locations":[{"start":{"line":165,"column":48},"end":{"line":165,"column":92}},{"start":{"line":165,"column":96},"end":{"line":165,"column":99}}]}},"s":{"0":0,"1":0,"2":0,"3":0,"4":0,"5":0,"6":0,"7":0,"8":0,"9":0,"10":0,"11":0,"12":0,"13":0,"14":0,"15":0,"16":0,"17":0,"18":0,"19":0,"20":0,"21":0,"22":0},"f":{"0":0,"1":0},"b":{"0":[0,0],"1":[0],"2":[0,0],"3":[0],"4":[0,0],"5":[0,0],"6":[0,0],"7":[0,0],"8":[0,0],"9":[0,0]}}
,"/Users/nikitagorokhov/cometa-bots/euphoria/src/database/connection.ts": {"path":"/Users/nikitagorokhov/cometa-bots/euphoria/src/database/connection.ts","statementMap":{"0":{"start":{"line":5,"column":0},"end":{"line":5,"column":7}},"1":{"start":{"line":16,"column":0},"end":{"line":16,"column":7}},"2":{"start":{"line":1,"column":0},"end":{"line":1,"column":32}},"3":{"start":{"line":2,"column":0},"end":{"line":2,"column":40}},"4":{"start":{"line":6,"column":4},"end":{"line":12,"column":5}},"5":{"start":{"line":7,"column":8},"end":{"line":7,"column":44}},"6":{"start":{"line":8,"column":8},"end":{"line":8,"column":57}},"7":{"start":{"line":10,"column":8},"end":{"line":10,"column":62}},"8":{"start":{"line":11,"column":8},"end":{"line":11,"column":24}},"9":{"start":{"line":17,"column":4},"end":{"line":22,"column":5}},"10":{"start":{"line":18,"column":8},"end":{"line":18,"column":36}},"11":{"start":{"line":19,"column":8},"end":{"line":19,"column":62}},"12":{"start":{"line":21,"column":8},"end":{"line":21,"column":67}},"13":{"start":{"line":26,"column":0},"end":{"line":29,"column":3}},"14":{"start":{"line":27,"column":4},"end":{"line":27,"column":35}},"15":{"start":{"line":28,"column":4},"end":{"line":28,"column":20}},"16":{"start":{"line":31,"column":0},"end":{"line":34,"column":3}},"17":{"start":{"line":32,"column":4},"end":{"line":32,"column":35}},"18":{"start":{"line":33,"column":4},"end":{"line":33,"column":20}}},"fnMap":{"0":{"name":"connectToDatabase","decl":{"start":{"line":5,"column":22},"end":{"line":5,"column":39}},"loc":{"start":{"line":5,"column":39},"end":{"line":13,"column":1}}},"1":{"name":"disconnectFromDatabase","decl":{"start":{"line":16,"column":22},"end":{"line":16,"column":44}},"loc":{"start":{"line":16,"column":44},"end":{"line":23,"column":1}}},"2":{"name":"(anonymous_3)","decl":{"start":{"line":26,"column":21},"end":{"line":26,"column":26}},"loc":{"start":{"line":26,"column":32},"end":{"line":29,"column":1}}},"3":{"name":"(anonymous_4)","decl":{"start":{"line":31,"column":22},"end":{"line":31,"column":27}},"loc":{"start":{"line":31,"column":33},"end":{"line":34,"column":1}}}},"branchMap":{},"s":{"0":0,"1":0,"2":0,"3":0,"4":0,"5":0,"6":0,"7":0,"8":0,"9":0,"10":0,"11":0,"12":0,"13":0,"14":0,"15":0,"16":0,"17":0,"18":0},"f":{"0":0,"1":0,"2":0,"3":0},"b":{}}
,"/Users/nikitagorokhov/cometa-bots/euphoria/src/database/index.ts": {"path":"/Users/nikitagorokhov/cometa-bots/euphoria/src/database/index.ts","statementMap":{"0":{"start":{"line":2,"column":0},"end":{"line":2,"column":29}},"1":{"start":{"line":5,"column":0},"end":{"line":5,"column":36}},"2":{"start":{"line":6,"column":0},"end":{"line":6,"column":39}},"3":{"start":{"line":7,"column":0},"end":{"line":7,"column":44}},"4":{"start":{"line":8,"column":0},"end":{"line":8,"column":39}}},"fnMap":{},"branchMap":{},"s":{"0":0,"1":0,"2":0,"3":0,"4":0},"f":{},"b":{}}
,"/Users/nikitagorokhov/cometa-bots/euphoria/src/database/models/conversation.model.ts": {"path":"/Users/nikitagorokhov/cometa-bots/euphoria/src/database/models/conversation.model.ts","statementMap":{"0":{"start":{"line":31,"column":0},"end":{"line":31,"column":7}},"1":{"start":{"line":38,"column":0},"end":{"line":38,"column":7}},"2":{"start":{"line":42,"column":0},"end":{"line":42,"column":7}},"3":{"start":{"line":50,"column":0},"end":{"line":50,"column":7}},"4":{"start":{"line":57,"column":0},"end":{"line":57,"column":7}},"5":{"start":{"line":1,"column":0},"end":{"line":1,"column":61}},"6":{"start":{"line":9,"column":27},"end":{"line":24,"column":null}},"7":{"start":{"line":28,"column":13},"end":{"line":28,"column":94}},"8":{"start":{"line":32,"column":4},"end":{"line":35,"column":7}},"9":{"start":{"line":39,"column":4},"end":{"line":39,"column":90}},"10":{"start":{"line":43,"column":4},"end":{"line":47,"column":6}},"11":{"start":{"line":51,"column":4},"end":{"line":54,"column":6}},"12":{"start":{"line":58,"column":4},"end":{"line":58,"column":71}}},"fnMap":{"0":{"name":"createConversation","decl":{"start":{"line":31,"column":22},"end":{"line":31,"column":40}},"loc":{"start":{"line":31,"column":63},"end":{"line":36,"column":1}}},"1":{"name":"getActiveConversation","decl":{"start":{"line":38,"column":22},"end":{"line":38,"column":43}},"loc":{"start":{"line":38,"column":66},"end":{"line":40,"column":1}}},"2":{"name":"endConversation","decl":{"start":{"line":42,"column":22},"end":{"line":42,"column":37}},"loc":{"start":{"line":42,"column":68},"end":{"line":48,"column":1}}},"3":{"name":"endAllUserConversations","decl":{"start":{"line":50,"column":22},"end":{"line":50,"column":45}},"loc":{"start":{"line":50,"column":68},"end":{"line":55,"column":1}}},"4":{"name":"getConversationsByUser","decl":{"start":{"line":57,"column":22},"end":{"line":57,"column":44}},"loc":{"start":{"line":57,"column":67},"end":{"line":59,"column":1}}}},"branchMap":{},"s":{"0":0,"1":0,"2":0,"3":0,"4":0,"5":0,"6":0,"7":0,"8":0,"9":0,"10":0,"11":0,"12":0},"f":{"0":0,"1":0,"2":0,"3":0,"4":0},"b":{}}
,"/Users/nikitagorokhov/cometa-bots/euphoria/src/database/models/journal.model.ts": {"path":"/Users/nikitagorokhov/cometa-bots/euphoria/src/database/models/journal.model.ts","statementMap":{"0":{"start":{"line":64,"column":0},"end":{"line":64,"column":7}},"1":{"start":{"line":72,"column":0},"end":{"line":72,"column":7}},"2":{"start":{"line":76,"column":0},"end":{"line":76,"column":7}},"3":{"start":{"line":83,"column":0},"end":{"line":83,"column":7}},"4":{"start":{"line":94,"column":0},"end":{"line":94,"column":7}},"5":{"start":{"line":105,"column":0},"end":{"line":105,"column":7}},"6":{"start":{"line":116,"column":0},"end":{"line":116,"column":7}},"7":{"start":{"line":127,"column":0},"end":{"line":127,"column":7}},"8":{"start":{"line":138,"column":0},"end":{"line":138,"column":7}},"9":{"start":{"line":156,"column":0},"end":{"line":156,"column":7}},"10":{"start":{"line":163,"column":0},"end":{"line":163,"column":7}},"11":{"start":{"line":167,"column":0},"end":{"line":167,"column":7}},"12":{"start":{"line":1,"column":0},"end":{"line":1,"column":61}},"13":{"start":{"line":2,"column":0},"end":{"line":2,"column":null}},"14":{"start":{"line":16,"column":27},"end":{"line":57,"column":null}},"15":{"start":{"line":61,"column":13},"end":{"line":61,"column":94}},"16":{"start":{"line":65,"column":4},"end":{"line":69,"column":7}},"17":{"start":{"line":73,"column":4},"end":{"line":73,"column":80}},"18":{"start":{"line":77,"column":4},"end":{"line":80,"column":52}},"19":{"start":{"line":87,"column":4},"end":{"line":91,"column":6}},"20":{"start":{"line":98,"column":4},"end":{"line":102,"column":6}},"21":{"start":{"line":109,"column":4},"end":{"line":113,"column":6}},"22":{"start":{"line":120,"column":4},"end":{"line":124,"column":6}},"23":{"start":{"line":131,"column":4},"end":{"line":135,"column":6}},"24":{"start":{"line":143,"column":4},"end":{"line":153,"column":6}},"25":{"start":{"line":157,"column":4},"end":{"line":160,"column":31}},"26":{"start":{"line":164,"column":4},"end":{"line":164,"column":72}},"27":{"start":{"line":171,"column":4},"end":{"line":175,"column":6}}},"fnMap":{"0":{"name":"createJournalEntry","decl":{"start":{"line":64,"column":22},"end":{"line":64,"column":40}},"loc":{"start":{"line":64,"column":63},"end":{"line":70,"column":1}}},"1":{"name":"getJournalEntryById","decl":{"start":{"line":72,"column":22},"end":{"line":72,"column":41}},"loc":{"start":{"line":72,"column":65},"end":{"line":74,"column":1}}},"2":{"name":"getActiveJournalEntry","decl":{"start":{"line":76,"column":22},"end":{"line":76,"column":43}},"loc":{"start":{"line":76,"column":66},"end":{"line":81,"column":1}}},"3":{"name":"addMessageToJournalEntry","decl":{"start":{"line":83,"column":22},"end":{"line":83,"column":46}},"loc":{"start":{"line":85,"column":29},"end":{"line":92,"column":1}}},"4":{"name":"updateJournalEntryStatus","decl":{"start":{"line":94,"column":22},"end":{"line":94,"column":46}},"loc":{"start":{"line":96,"column":30},"end":{"line":103,"column":1}}},"5":{"name":"updateJournalEntryAnalysis","decl":{"start":{"line":105,"column":22},"end":{"line":105,"column":48}},"loc":{"start":{"line":107,"column":20},"end":{"line":114,"column":1}}},"6":{"name":"updateJournalEntryQuestions","decl":{"start":{"line":116,"column":22},"end":{"line":116,"column":49}},"loc":{"start":{"line":118,"column":23},"end":{"line":125,"column":1}}},"7":{"name":"updateJournalEntryInsights","decl":{"start":{"line":127,"column":22},"end":{"line":127,"column":48}},"loc":{"start":{"line":129,"column":20},"end":{"line":136,"column":1}}},"8":{"name":"completeJournalEntry","decl":{"start":{"line":138,"column":22},"end":{"line":138,"column":42}},"loc":{"start":{"line":141,"column":20},"end":{"line":154,"column":1}}},"9":{"name":"getUserJournalEntries","decl":{"start":{"line":156,"column":22},"end":{"line":156,"column":43}},"loc":{"start":{"line":156,"column":66},"end":{"line":161,"column":1}}},"10":{"name":"getAllJournalEntries","decl":{"start":{"line":163,"column":22},"end":{"line":163,"column":42}},"loc":{"start":{"line":163,"column":42},"end":{"line":165,"column":1}}},"11":{"name":"updateJournalEntryFullText","decl":{"start":{"line":167,"column":22},"end":{"line":167,"column":48}},"loc":{"start":{"line":169,"column":20},"end":{"line":176,"column":1}}}},"branchMap":{},"s":{"0":0,"1":0,"2":0,"3":0,"4":0,"5":0,"6":0,"7":0,"8":0,"9":0,"10":0,"11":0,"12":0,"13":0,"14":0,"15":0,"16":0,"17":0,"18":0,"19":0,"20":0,"21":0,"22":0,"23":0,"24":0,"25":0,"26":0,"27":0},"f":{"0":0,"1":0,"2":0,"3":0,"4":0,"5":0,"6":0,"7":0,"8":0,"9":0,"10":0,"11":0},"b":{}}
,"/Users/nikitagorokhov/cometa-bots/euphoria/src/database/models/message.model.ts": {"path":"/Users/nikitagorokhov/cometa-bots/euphoria/src/database/models/message.model.ts","statementMap":{"0":{"start":{"line":85,"column":0},"end":{"line":85,"column":7}},"1":{"start":{"line":102,"column":0},"end":{"line":102,"column":7}},"2":{"start":{"line":123,"column":0},"end":{"line":123,"column":7}},"3":{"start":{"line":142,"column":0},"end":{"line":142,"column":7}},"4":{"start":{"line":163,"column":0},"end":{"line":163,"column":7}},"5":{"start":{"line":167,"column":0},"end":{"line":167,"column":7}},"6":{"start":{"line":171,"column":0},"end":{"line":171,"column":7}},"7":{"start":{"line":178,"column":0},"end":{"line":178,"column":7}},"8":{"start":{"line":182,"column":0},"end":{"line":182,"column":7}},"9":{"start":{"line":1,"column":0},"end":{"line":1,"column":61}},"10":{"start":{"line":3,"column":0},"end":{"line":3,"column":null}},"11":{"start":{"line":20,"column":22},"end":{"line":75,"column":null}},"12":{"start":{"line":79,"column":0},"end":{"line":79,"column":73}},"13":{"start":{"line":82,"column":13},"end":{"line":82,"column":74}},"14":{"start":{"line":92,"column":4},"end":{"line":99,"column":7}},"15":{"start":{"line":111,"column":4},"end":{"line":120,"column":7}},"16":{"start":{"line":131,"column":4},"end":{"line":139,"column":7}},"17":{"start":{"line":151,"column":4},"end":{"line":160,"column":7}},"18":{"start":{"line":164,"column":4},"end":{"line":164,"column":83}},"19":{"start":{"line":168,"column":4},"end":{"line":168,"column":81}},"20":{"start":{"line":172,"column":4},"end":{"line":175,"column":31}},"21":{"start":{"line":179,"column":4},"end":{"line":179,"column":56}},"22":{"start":{"line":183,"column":4},"end":{"line":183,"column":67}}},"fnMap":{"0":{"name":"saveTextMessage","decl":{"start":{"line":85,"column":22},"end":{"line":85,"column":37}},"loc":{"start":{"line":90,"column":40},"end":{"line":100,"column":1}}},"1":{"name":"saveVoiceMessage","decl":{"start":{"line":102,"column":22},"end":{"line":102,"column":38}},"loc":{"start":{"line":109,"column":40},"end":{"line":121,"column":1}}},"2":{"name":"saveImageMessage","decl":{"start":{"line":123,"column":22},"end":{"line":123,"column":38}},"loc":{"start":{"line":129,"column":45},"end":{"line":140,"column":1}}},"3":{"name":"saveVideoMessage","decl":{"start":{"line":142,"column":22},"end":{"line":142,"column":38}},"loc":{"start":{"line":149,"column":40},"end":{"line":161,"column":1}}},"4":{"name":"getMessagesByUser","decl":{"start":{"line":163,"column":22},"end":{"line":163,"column":39}},"loc":{"start":{"line":163,"column":62},"end":{"line":165,"column":1}}},"5":{"name":"getMessagesByConversation","decl":{"start":{"line":167,"column":22},"end":{"line":167,"column":47}},"loc":{"start":{"line":167,"column":78},"end":{"line":169,"column":1}}},"6":{"name":"getLastImageMessageByConversation","decl":{"start":{"line":171,"column":22},"end":{"line":171,"column":55}},"loc":{"start":{"line":171,"column":86},"end":{"line":176,"column":1}}},"7":{"name":"getMessageById","decl":{"start":{"line":178,"column":22},"end":{"line":178,"column":36}},"loc":{"start":{"line":178,"column":54},"end":{"line":180,"column":1}}},"8":{"name":"getAllMessages","decl":{"start":{"line":182,"column":22},"end":{"line":182,"column":36}},"loc":{"start":{"line":182,"column":36},"end":{"line":184,"column":1}}}},"branchMap":{"0":{"loc":{"start":{"line":90,"column":4},"end":{"line":90,"column":40}},"type":"default-arg","locations":[{"start":{"line":90,"column":24},"end":{"line":90,"column":40}}]},"1":{"loc":{"start":{"line":109,"column":4},"end":{"line":109,"column":40}},"type":"default-arg","locations":[{"start":{"line":109,"column":24},"end":{"line":109,"column":40}}]},"2":{"loc":{"start":{"line":129,"column":4},"end":{"line":129,"column":45}},"type":"default-arg","locations":[{"start":{"line":129,"column":24},"end":{"line":129,"column":45}}]},"3":{"loc":{"start":{"line":149,"column":4},"end":{"line":149,"column":40}},"type":"default-arg","locations":[{"start":{"line":149,"column":24},"end":{"line":149,"column":40}}]}},"s":{"0":0,"1":0,"2":0,"3":0,"4":0,"5":0,"6":0,"7":0,"8":0,"9":0,"10":0,"11":0,"12":0,"13":0,"14":0,"15":0,"16":0,"17":0,"18":0,"19":0,"20":0,"21":0,"22":0},"f":{"0":0,"1":0,"2":0,"3":0,"4":0,"5":0,"6":0,"7":0,"8":0},"b":{"0":[0],"1":[0],"2":[0],"3":[0]}}
,"/Users/nikitagorokhov/cometa-bots/euphoria/src/database/models/user.model.ts": {"path":"/Users/nikitagorokhov/cometa-bots/euphoria/src/database/models/user.model.ts","statementMap":{"0":{"start":{"line":100,"column":0},"end":{"line":100,"column":7}},"1":{"start":{"line":121,"column":0},"end":{"line":121,"column":7}},"2":{"start":{"line":125,"column":0},"end":{"line":125,"column":7}},"3":{"start":{"line":130,"column":0},"end":{"line":130,"column":7}},"4":{"start":{"line":141,"column":0},"end":{"line":141,"column":7}},"5":{"start":{"line":1,"column":0},"end":{"line":1,"column":54}},"6":{"start":{"line":8,"column":19},"end":{"line":93,"column":null}},"7":{"start":{"line":64,"column":20},"end":{"line":64,"column":40}},"8":{"start":{"line":64,"column":28},"end":{"line":64,"column":40}},"9":{"start":{"line":65,"column":20},"end":{"line":65,"column":71}},"10":{"start":{"line":67,"column":34},"end":{"line":67,"column":114}},"11":{"start":{"line":97,"column":13},"end":{"line":97,"column":62}},"12":{"start":{"line":106,"column":15},"end":{"line":106,"column":49}},"13":{"start":{"line":108,"column":4},"end":{"line":116,"column":5}},"14":{"start":{"line":109,"column":8},"end":{"line":115,"column":11}},"15":{"start":{"line":118,"column":4},"end":{"line":118,"column":16}},"16":{"start":{"line":122,"column":4},"end":{"line":122,"column":40}},"17":{"start":{"line":126,"column":4},"end":{"line":126,"column":23}},"18":{"start":{"line":134,"column":4},"end":{"line":138,"column":6}},"19":{"start":{"line":144,"column":4},"end":{"line":148,"column":6}}},"fnMap":{"0":{"name":"(anonymous_9)","decl":{"start":{"line":63,"column":27},"end":{"line":63,"column":36}},"loc":{"start":{"line":63,"column":45},"end":{"line":66,"column":17}}},"1":{"name":"(anonymous_10)","decl":{"start":{"line":67,"column":25},"end":{"line":67,"column":30}},"loc":{"start":{"line":67,"column":34},"end":{"line":67,"column":114}}},"2":{"name":"findOrCreateUser","decl":{"start":{"line":100,"column":22},"end":{"line":100,"column":38}},"loc":{"start":{"line":104,"column":21},"end":{"line":119,"column":1}}},"3":{"name":"getUserById","decl":{"start":{"line":121,"column":22},"end":{"line":121,"column":33}},"loc":{"start":{"line":121,"column":52},"end":{"line":123,"column":1}}},"4":{"name":"getAllUsers","decl":{"start":{"line":125,"column":22},"end":{"line":125,"column":33}},"loc":{"start":{"line":125,"column":33},"end":{"line":127,"column":1}}},"5":{"name":"completeUserOnboarding","decl":{"start":{"line":141,"column":22},"end":{"line":141,"column":44}},"loc":{"start":{"line":142,"column":22},"end":{"line":149,"column":1}}}},"branchMap":{"0":{"loc":{"start":{"line":64,"column":20},"end":{"line":64,"column":40}},"type":"if","locations":[{"start":{"line":64,"column":20},"end":{"line":64,"column":40}}]},"1":{"loc":{"start":{"line":108,"column":4},"end":{"line":116,"column":5}},"type":"if","locations":[{"start":{"line":108,"column":4},"end":{"line":116,"column":5}}]}},"s":{"0":0,"1":0,"2":0,"3":0,"4":0,"5":0,"6":0,"7":0,"8":0,"9":0,"10":0,"11":0,"12":0,"13":0,"14":0,"15":0,"16":0,"17":0,"18":0,"19":0},"f":{"0":0,"1":0,"2":0,"3":0,"4":0,"5":0},"b":{"0":[0],"1":[0]}}
,"/Users/nikitagorokhov/cometa-bots/euphoria/src/features/core/handlers.ts": {"path":"/Users/nikitagorokhov/cometa-bots/euphoria/src/features/core/handlers.ts","statementMap":{"0":{"start":{"line":13,"column":0},"end":{"line":13,"column":16}},"1":{"start":{"line":43,"column":0},"end":{"line":43,"column":7}},"2":{"start":{"line":175,"column":0},"end":{"line":175,"column":16}},"3":{"start":{"line":3,"column":0},"end":{"line":3,"column":49}},"4":{"start":{"line":4,"column":0},"end":{"line":4,"column":50}},"5":{"start":{"line":5,"column":0},"end":{"line":5,"column":64}},"6":{"start":{"line":6,"column":0},"end":{"line":6,"column":57}},"7":{"start":{"line":7,"column":0},"end":{"line":7,"column":44}},"8":{"start":{"line":14,"column":20},"end":{"line":35,"column":4}},"9":{"start":{"line":37,"column":2},"end":{"line":37,"column":65}},"10":{"start":{"line":45,"column":27},"end":{"line":45,"column":54}},"11":{"start":{"line":46,"column":4},"end":{"line":49,"column":7}},"12":{"start":{"line":55,"column":13},"end":{"line":65,"column":3}},"13":{"start":{"line":56,"column":4},"end":{"line":56,"column":26}},"14":{"start":{"line":56,"column":19},"end":{"line":56,"column":26}},"15":{"start":{"line":58,"column":17},"end":{"line":58,"column":112}},"16":{"start":{"line":60,"column":4},"end":{"line":64,"column":5}},"17":{"start":{"line":61,"column":8},"end":{"line":61,"column":38}},"18":{"start":{"line":63,"column":8},"end":{"line":63,"column":35}},"19":{"start":{"line":70,"column":13},"end":{"line":99,"column":3}},"20":{"start":{"line":71,"column":4},"end":{"line":71,"column":26}},"21":{"start":{"line":71,"column":19},"end":{"line":71,"column":26}},"22":{"start":{"line":73,"column":17},"end":{"line":73,"column":112}},"23":{"start":{"line":76,"column":4},"end":{"line":79,"column":5}},"24":{"start":{"line":77,"column":8},"end":{"line":77,"column":98}},"25":{"start":{"line":78,"column":8},"end":{"line":78,"column":47}},"26":{"start":{"line":81,"column":4},"end":{"line":85,"column":5}},"27":{"start":{"line":82,"column":8},"end":{"line":82,"column":69}},"28":{"start":{"line":83,"column":8},"end":{"line":83,"column":44}},"29":{"start":{"line":84,"column":8},"end":{"line":84,"column":54}},"30":{"start":{"line":87,"column":4},"end":{"line":90,"column":5}},"31":{"start":{"line":88,"column":8},"end":{"line":88,"column":80}},"32":{"start":{"line":89,"column":8},"end":{"line":89,"column":55}},"33":{"start":{"line":92,"column":4},"end":{"line":95,"column":5}},"34":{"start":{"line":93,"column":8},"end":{"line":93,"column":100}},"35":{"start":{"line":94,"column":8},"end":{"line":94,"column":47}},"36":{"start":{"line":97,"column":4},"end":{"line":97,"column":86}},"37":{"start":{"line":98,"column":4},"end":{"line":98,"column":34}},"38":{"start":{"line":104,"column":13},"end":{"line":131,"column":3}},"39":{"start":{"line":105,"column":4},"end":{"line":105,"column":26}},"40":{"start":{"line":105,"column":19},"end":{"line":105,"column":26}},"41":{"start":{"line":107,"column":21},"end":{"line":126,"column":2}},"42":{"start":{"line":128,"column":4},"end":{"line":130,"column":7}},"43":{"start":{"line":136,"column":13},"end":{"line":144,"column":3}},"44":{"start":{"line":137,"column":4},"end":{"line":137,"column":26}},"45":{"start":{"line":137,"column":19},"end":{"line":137,"column":26}},"46":{"start":{"line":139,"column":17},"end":{"line":139,"column":112}},"47":{"start":{"line":142,"column":32},"end":{"line":142,"column":76}},"48":{"start":{"line":143,"column":4},"end":{"line":143,"column":37}},"49":{"start":{"line":149,"column":13},"end":{"line":157,"column":3}},"50":{"start":{"line":150,"column":4},"end":{"line":150,"column":26}},"51":{"start":{"line":150,"column":19},"end":{"line":150,"column":26}},"52":{"start":{"line":152,"column":17},"end":{"line":152,"column":112}},"53":{"start":{"line":155,"column":42},"end":{"line":155,"column":88}},"54":{"start":{"line":156,"column":4},"end":{"line":156,"column":47}},"55":{"start":{"line":162,"column":13},"end":{"line":170,"column":3}},"56":{"start":{"line":163,"column":4},"end":{"line":163,"column":26}},"57":{"start":{"line":163,"column":19},"end":{"line":163,"column":26}},"58":{"start":{"line":165,"column":17},"end":{"line":165,"column":112}},"59":{"start":{"line":168,"column":36},"end":{"line":168,"column":75}},"60":{"start":{"line":169,"column":4},"end":{"line":169,"column":41}},"61":{"start":{"line":177,"column":4},"end":{"line":177,"column":45}},"62":{"start":{"line":178,"column":4},"end":{"line":178,"column":66}},"63":{"start":{"line":179,"column":4},"end":{"line":179,"column":43}},"64":{"start":{"line":182,"column":4},"end":{"line":182,"column":52}},"65":{"start":{"line":183,"column":4},"end":{"line":183,"column":49}},"66":{"start":{"line":184,"column":4},"end":{"line":184,"column":51}}},"fnMap":{"0":{"name":"getRandomGreetingQuestion","decl":{"start":{"line":13,"column":16},"end":{"line":13,"column":41}},"loc":{"start":{"line":13,"column":41},"end":{"line":38,"column":1}}},"1":{"name":"showMainMenu","decl":{"start":{"line":43,"column":22},"end":{"line":43,"column":34}},"loc":{"start":{"line":43,"column":70},"end":{"line":50,"column":1}}},"2":{"name":"(anonymous_11)","decl":{"start":{"line":55,"column":62},"end":{"line":55,"column":67}},"loc":{"start":{"line":55,"column":95},"end":{"line":65,"column":1}}},"3":{"name":"(anonymous_12)","decl":{"start":{"line":70,"column":64},"end":{"line":70,"column":69}},"loc":{"start":{"line":70,"column":97},"end":{"line":99,"column":1}}},"4":{"name":"(anonymous_13)","decl":{"start":{"line":104,"column":60},"end":{"line":104,"column":65}},"loc":{"start":{"line":104,"column":93},"end":{"line":131,"column":1}}},"5":{"name":"(anonymous_14)","decl":{"start":{"line":136,"column":69},"end":{"line":136,"column":74}},"loc":{"start":{"line":136,"column":102},"end":{"line":144,"column":1}}},"6":{"name":"(anonymous_15)","decl":{"start":{"line":142,"column":32},"end":{"line":142,"column":45}},"loc":{"start":{"line":142,"column":32},"end":{"line":142,"column":76}}},"7":{"name":"(anonymous_16)","decl":{"start":{"line":149,"column":66},"end":{"line":149,"column":71}},"loc":{"start":{"line":149,"column":99},"end":{"line":157,"column":1}}},"8":{"name":"(anonymous_17)","decl":{"start":{"line":155,"column":42},"end":{"line":155,"column":55}},"loc":{"start":{"line":155,"column":42},"end":{"line":155,"column":88}}},"9":{"name":"(anonymous_18)","decl":{"start":{"line":162,"column":68},"end":{"line":162,"column":73}},"loc":{"start":{"line":162,"column":101},"end":{"line":170,"column":1}}},"10":{"name":"(anonymous_19)","decl":{"start":{"line":168,"column":36},"end":{"line":168,"column":49}},"loc":{"start":{"line":168,"column":36},"end":{"line":168,"column":75}}},"11":{"name":"registerCommandHandlers","decl":{"start":{"line":175,"column":16},"end":{"line":175,"column":39}},"loc":{"start":{"line":175,"column":67},"end":{"line":186,"column":1}}}},"branchMap":{"0":{"loc":{"start":{"line":46,"column":32},"end":{"line":46,"column":59}},"type":"binary-expr","locations":[{"start":{"line":46,"column":32},"end":{"line":46,"column":41}},{"start":{"line":46,"column":45},"end":{"line":46,"column":59}}]},"1":{"loc":{"start":{"line":56,"column":4},"end":{"line":56,"column":26}},"type":"if","locations":[{"start":{"line":56,"column":4},"end":{"line":56,"column":26}}]},"2":{"loc":{"start":{"line":60,"column":4},"end":{"line":64,"column":5}},"type":"if","locations":[{"start":{"line":60,"column":4},"end":{"line":64,"column":5}},{"start":{"line":62,"column":11},"end":{"line":64,"column":5}}]},"3":{"loc":{"start":{"line":71,"column":4},"end":{"line":71,"column":26}},"type":"if","locations":[{"start":{"line":71,"column":4},"end":{"line":71,"column":26}}]},"4":{"loc":{"start":{"line":76,"column":4},"end":{"line":79,"column":5}},"type":"if","locations":[{"start":{"line":76,"column":4},"end":{"line":79,"column":5}}]},"5":{"loc":{"start":{"line":81,"column":4},"end":{"line":85,"column":5}},"type":"if","locations":[{"start":{"line":81,"column":4},"end":{"line":85,"column":5}}]},"6":{"loc":{"start":{"line":87,"column":4},"end":{"line":90,"column":5}},"type":"if","locations":[{"start":{"line":87,"column":4},"end":{"line":90,"column":5}}]},"7":{"loc":{"start":{"line":92,"column":4},"end":{"line":95,"column":5}},"type":"if","locations":[{"start":{"line":92,"column":4},"end":{"line":95,"column":5}}]},"8":{"loc":{"start":{"line":105,"column":4},"end":{"line":105,"column":26}},"type":"if","locations":[{"start":{"line":105,"column":4},"end":{"line":105,"column":26}}]},"9":{"loc":{"start":{"line":137,"column":4},"end":{"line":137,"column":26}},"type":"if","locations":[{"start":{"line":137,"column":4},"end":{"line":137,"column":26}}]},"10":{"loc":{"start":{"line":150,"column":4},"end":{"line":150,"column":26}},"type":"if","locations":[{"start":{"line":150,"column":4},"end":{"line":150,"column":26}}]},"11":{"loc":{"start":{"line":163,"column":4},"end":{"line":163,"column":26}},"type":"if","locations":[{"start":{"line":163,"column":4},"end":{"line":163,"column":26}}]}},"s":{"0":0,"1":0,"2":0,"3":0,"4":0,"5":0,"6":0,"7":0,"8":0,"9":0,"10":0,"11":0,"12":0,"13":0,"14":0,"15":0,"16":0,"17":0,"18":0,"19":0,"20":0,"21":0,"22":0,"23":0,"24":0,"25":0,"26":0,"27":0,"28":0,"29":0,"30":0,"31":0,"32":0,"33":0,"34":0,"35":0,"36":0,"37":0,"38":0,"39":0,"40":0,"41":0,"42":0,"43":0,"44":0,"45":0,"46":0,"47":0,"48":0,"49":0,"50":0,"51":0,"52":0,"53":0,"54":0,"55":0,"56":0,"57":0,"58":0,"59":0,"60":0,"61":0,"62":0,"63":0,"64":0,"65":0,"66":0},"f":{"0":0,"1":0,"2":0,"3":0,"4":0,"5":0,"6":0,"7":0,"8":0,"9":0,"10":0,"11":0},"b":{"0":[0,0],"1":[0],"2":[0,0],"3":[0],"4":[0],"5":[0],"6":[0],"7":[0],"8":[0],"9":[0],"10":[0],"11":[0]}}
,"/Users/nikitagorokhov/cometa-bots/euphoria/src/features/core/index.ts": {"path":"/Users/nikitagorokhov/cometa-bots/euphoria/src/features/core/index.ts","statementMap":{"0":{"start":{"line":11,"column":0},"end":{"line":11,"column":16}},"1":{"start":{"line":3,"column":0},"end":{"line":3,"column":53}},"2":{"start":{"line":4,"column":0},"end":{"line":4,"column":50}},"3":{"start":{"line":5,"column":0},"end":{"line":5,"column":44}},"4":{"start":{"line":6,"column":0},"end":{"line":6,"column":83}},"5":{"start":{"line":12,"column":4},"end":{"line":12,"column":33}},"6":{"start":{"line":15,"column":4},"end":{"line":33,"column":7}},"7":{"start":{"line":16,"column":8},"end":{"line":16,"column":40}},"8":{"start":{"line":17,"column":8},"end":{"line":17,"column":30}},"9":{"start":{"line":17,"column":23},"end":{"line":17,"column":30}},"10":{"start":{"line":19,"column":21},"end":{"line":23,"column":null}},"11":{"start":{"line":27,"column":8},"end":{"line":31,"column":9}},"12":{"start":{"line":28,"column":12},"end":{"line":28,"column":38}},"13":{"start":{"line":30,"column":12},"end":{"line":30,"column":104}},"14":{"start":{"line":32,"column":8},"end":{"line":32,"column":38}}},"fnMap":{"0":{"name":"registerCoreHandlers","decl":{"start":{"line":11,"column":16},"end":{"line":11,"column":36}},"loc":{"start":{"line":11,"column":64},"end":{"line":36,"column":1}}},"1":{"name":"(anonymous_1)","decl":{"start":{"line":15,"column":35},"end":{"line":15,"column":40}},"loc":{"start":{"line":15,"column":68},"end":{"line":33,"column":5}}}},"branchMap":{"0":{"loc":{"start":{"line":17,"column":8},"end":{"line":17,"column":30}},"type":"if","locations":[{"start":{"line":17,"column":8},"end":{"line":17,"column":30}}]}},"s":{"0":0,"1":0,"2":0,"3":0,"4":0,"5":0,"6":0,"7":0,"8":0,"9":0,"10":0,"11":0,"12":0,"13":0,"14":0},"f":{"0":0,"1":0},"b":{"0":[0]}}
,"/Users/nikitagorokhov/cometa-bots/euphoria/src/features/core/keyboards.ts": {"path":"/Users/nikitagorokhov/cometa-bots/euphoria/src/features/core/keyboards.ts","statementMap":{"0":{"start":{"line":1,"column":0},"end":{"line":1,"column":34}},"1":{"start":{"line":3,"column":13},"end":{"line":11,"column":15}}},"fnMap":{},"branchMap":{},"s":{"0":0,"1":0},"f":{},"b":{}}
,"/Users/nikitagorokhov/cometa-bots/euphoria/src/features/journal-chat/handlers.ts": {"path":"/Users/nikitagorokhov/cometa-bots/euphoria/src/features/journal-chat/handlers.ts","statementMap":{"0":{"start":{"line":21,"column":0},"end":{"line":21,"column":7}},"1":{"start":{"line":67,"column":0},"end":{"line":67,"column":7}},"2":{"start":{"line":166,"column":0},"end":{"line":166,"column":7}},"3":{"start":{"line":3,"column":0},"end":{"line":3,"column":44}},"4":{"start":{"line":4,"column":0},"end":{"line":4,"column":55}},"5":{"start":{"line":5,"column":0},"end":{"line":5,"column":48}},"6":{"start":{"line":6,"column":0},"end":{"line":6,"column":43}},"7":{"start":{"line":7,"column":0},"end":{"line":7,"column":79}},"8":{"start":{"line":8,"column":0},"end":{"line":8,"column":67}},"9":{"start":{"line":9,"column":0},"end":{"line":9,"column":64}},"10":{"start":{"line":10,"column":0},"end":{"line":10,"column":25}},"11":{"start":{"line":11,"column":0},"end":{"line":11,"column":29}},"12":{"start":{"line":12,"column":0},"end":{"line":12,"column":25}},"13":{"start":{"line":13,"column":0},"end":{"line":13,"column":84}},"14":{"start":{"line":16,"column":0},"end":{"line":16,"column":50}},"15":{"start":{"line":22,"column":4},"end":{"line":22,"column":22}},"16":{"start":{"line":22,"column":15},"end":{"line":22,"column":22}},"17":{"start":{"line":24,"column":20},"end":{"line":24,"column":75}},"18":{"start":{"line":26,"column":4},"end":{"line":32,"column":5}},"19":{"start":{"line":27,"column":8},"end":{"line":29,"column":11}},"20":{"start":{"line":30,"column":8},"end":{"line":30,"column":38}},"21":{"start":{"line":31,"column":8},"end":{"line":31,"column":15}},"22":{"start":{"line":35,"column":4},"end":{"line":35,"column":39}},"23":{"start":{"line":36,"column":4},"end":{"line":36,"column":49}},"24":{"start":{"line":38,"column":4},"end":{"line":41,"column":7}},"25":{"start":{"line":50,"column":20},"end":{"line":50,"column":49}},"26":{"start":{"line":53,"column":4},"end":{"line":53,"column":68}},"27":{"start":{"line":56,"column":4},"end":{"line":56,"column":65}},"28":{"start":{"line":59,"column":4},"end":{"line":59,"column":86}},"29":{"start":{"line":61,"column":4},"end":{"line":61,"column":21}},"30":{"start":{"line":68,"column":4},"end":{"line":68,"column":61}},"31":{"start":{"line":68,"column":54},"end":{"line":68,"column":61}},"32":{"start":{"line":70,"column":38},"end":{"line":70,"column":42}},"33":{"start":{"line":71,"column":35},"end":{"line":71,"column":39}},"34":{"start":{"line":72,"column":39},"end":{"line":72,"column":43}},"35":{"start":{"line":74,"column":4},"end":{"line":160,"column":5}},"36":{"start":{"line":76,"column":8},"end":{"line":122,"column":9}},"37":{"start":{"line":78,"column":12},"end":{"line":78,"column":90}},"38":{"start":{"line":78,"column":45},"end":{"line":78,"column":88}},"39":{"start":{"line":80,"column":27},"end":{"line":80,"column":52}},"40":{"start":{"line":83,"column":12},"end":{"line":88,"column":13}},"41":{"start":{"line":84,"column":16},"end":{"line":86,"column":19}},"42":{"start":{"line":87,"column":16},"end":{"line":87,"column":23}},"43":{"start":{"line":90,"column":25},"end":{"line":90,"column":54}},"44":{"start":{"line":91,"column":29},"end":{"line":91,"column":43}},"45":{"start":{"line":92,"column":12},"end":{"line":92,"column":72}},"46":{"start":{"line":92,"column":27},"end":{"line":92,"column":72}},"47":{"start":{"line":94,"column":12},"end":{"line":94,"column":74}},"48":{"start":{"line":95,"column":12},"end":{"line":95,"column":64}},"49":{"start":{"line":98,"column":12},"end":{"line":98,"column":104}},"50":{"start":{"line":101,"column":12},"end":{"line":101,"column":97}},"51":{"start":{"line":101,"column":45},"end":{"line":101,"column":95}},"52":{"start":{"line":104,"column":15},"end":{"line":122,"column":9}},"53":{"start":{"line":105,"column":12},"end":{"line":105,"column":44}},"54":{"start":{"line":108,"column":12},"end":{"line":111,"column":13}},"55":{"start":{"line":109,"column":16},"end":{"line":109,"column":50}},"56":{"start":{"line":110,"column":16},"end":{"line":110,"column":23}},"57":{"start":{"line":114,"column":12},"end":{"line":114,"column":95}},"58":{"start":{"line":114,"column":45},"end":{"line":114,"column":93}},"59":{"start":{"line":116,"column":28},"end":{"line":116,"column":80}},"60":{"start":{"line":117,"column":12},"end":{"line":117,"column":43}},"61":{"start":{"line":120,"column":12},"end":{"line":120,"column":130}},"62":{"start":{"line":121,"column":12},"end":{"line":121,"column":19}},"63":{"start":{"line":125,"column":8},"end":{"line":143,"column":9}},"64":{"start":{"line":126,"column":28},"end":{"line":126,"column":83}},"65":{"start":{"line":127,"column":12},"end":{"line":133,"column":13}},"66":{"start":{"line":128,"column":17},"end":{"line":130,"column":18}},"67":{"start":{"line":129,"column":21},"end":{"line":129,"column":129}},"68":{"start":{"line":129,"column":84},"end":{"line":129,"column":127}},"69":{"start":{"line":131,"column":16},"end":{"line":131,"column":126}},"70":{"start":{"line":132,"column":16},"end":{"line":132,"column":23}},"71":{"start":{"line":136,"column":29},"end":{"line":136,"column":87}},"72":{"start":{"line":137,"column":38},"end":{"line":137,"column":132}},"73":{"start":{"line":139,"column":12},"end":{"line":141,"column":13}},"74":{"start":{"line":140,"column":16},"end":{"line":140,"column":124}},"75":{"start":{"line":140,"column":79},"end":{"line":140,"column":122}},"76":{"start":{"line":142,"column":12},"end":{"line":142,"column":99}},"77":{"start":{"line":146,"column":8},"end":{"line":146,"column":66}},"78":{"start":{"line":147,"column":8},"end":{"line":149,"column":9}},"79":{"start":{"line":148,"column":13},"end":{"line":148,"column":133}},"80":{"start":{"line":148,"column":76},"end":{"line":148,"column":131}},"81":{"start":{"line":150,"column":8},"end":{"line":150,"column":142}},"82":{"start":{"line":153,"column":8},"end":{"line":159,"column":9}},"83":{"start":{"line":154,"column":12},"end":{"line":158,"column":13}},"84":{"start":{"line":155,"column":16},"end":{"line":155,"column":45}},"85":{"start":{"line":157,"column":16},"end":{"line":157,"column":87}},"86":{"start":{"line":167,"column":4},"end":{"line":167,"column":26}},"87":{"start":{"line":167,"column":19},"end":{"line":167,"column":26}},"88":{"start":{"line":168,"column":17},"end":{"line":168,"column":112}},"89":{"start":{"line":170,"column":4},"end":{"line":170,"column":40}},"90":{"start":{"line":171,"column":4},"end":{"line":171,"column":50}},"91":{"start":{"line":173,"column":4},"end":{"line":173,"column":34}},"92":{"start":{"line":183,"column":20},"end":{"line":183,"column":88}},"93":{"start":{"line":184,"column":20},"end":{"line":184,"column":69}},"94":{"start":{"line":186,"column":4},"end":{"line":188,"column":5}},"95":{"start":{"line":187,"column":8},"end":{"line":187,"column":51}},"96":{"start":{"line":190,"column":26},"end":{"line":190,"column":111}},"97":{"start":{"line":192,"column":21},"end":{"line":192,"column":41}},"98":{"start":{"line":193,"column":4},"end":{"line":193,"column":89}},"99":{"start":{"line":193,"column":22},"end":{"line":193,"column":89}},"100":{"start":{"line":194,"column":19},"end":{"line":194,"column":47}},"101":{"start":{"line":195,"column":4},"end":{"line":195,"column":57}},"102":{"start":{"line":197,"column":4},"end":{"line":197,"column":25}},"103":{"start":{"line":200,"column":43},"end":{"line":222,"column":1}},"104":{"start":{"line":203,"column":4},"end":{"line":207,"column":7}},"105":{"start":{"line":204,"column":8},"end":{"line":204,"column":30}},"106":{"start":{"line":204,"column":23},"end":{"line":204,"column":30}},"107":{"start":{"line":205,"column":21},"end":{"line":205,"column":116}},"108":{"start":{"line":206,"column":8},"end":{"line":206,"column":49}},"109":{"start":{"line":209,"column":4},"end":{"line":221,"column":7}},"110":{"start":{"line":210,"column":8},"end":{"line":220,"column":9}},"111":{"start":{"line":211,"column":12},"end":{"line":214,"column":13}},"112":{"start":{"line":212,"column":16},"end":{"line":212,"column":112}},"113":{"start":{"line":213,"column":16},"end":{"line":213,"column":23}},"114":{"start":{"line":215,"column":12},"end":{"line":215,"column":34}},"115":{"start":{"line":215,"column":27},"end":{"line":215,"column":34}},"116":{"start":{"line":216,"column":25},"end":{"line":216,"column":120}},"117":{"start":{"line":217,"column":12},"end":{"line":217,"column":52}},"118":{"start":{"line":219,"column":12},"end":{"line":219,"column":25}},"119":{"start":{"line":200,"column":13},"end":{"line":200,"column":43}}},"fnMap":{"0":{"name":"startJournalChatHandler","decl":{"start":{"line":21,"column":22},"end":{"line":21,"column":45}},"loc":{"start":{"line":21,"column":81},"end":{"line":42,"column":1}}},"1":{"name":"formatResponseWithHTML","decl":{"start":{"line":48,"column":9},"end":{"line":48,"column":31}},"loc":{"start":{"line":48,"column":44},"end":{"line":62,"column":1}}},"2":{"name":"handleJournalChatInput","decl":{"start":{"line":67,"column":22},"end":{"line":67,"column":44}},"loc":{"start":{"line":67,"column":80},"end":{"line":161,"column":1}}},"3":{"name":"(anonymous_12)","decl":{"start":{"line":78,"column":40},"end":{"line":78,"column":41}},"loc":{"start":{"line":78,"column":45},"end":{"line":78,"column":88}}},"4":{"name":"(anonymous_13)","decl":{"start":{"line":101,"column":40},"end":{"line":101,"column":41}},"loc":{"start":{"line":101,"column":45},"end":{"line":101,"column":95}}},"5":{"name":"(anonymous_14)","decl":{"start":{"line":114,"column":40},"end":{"line":114,"column":41}},"loc":{"start":{"line":114,"column":45},"end":{"line":114,"column":93}}},"6":{"name":"(anonymous_15)","decl":{"start":{"line":129,"column":79},"end":{"line":129,"column":80}},"loc":{"start":{"line":129,"column":84},"end":{"line":129,"column":127}}},"7":{"name":"(anonymous_16)","decl":{"start":{"line":140,"column":74},"end":{"line":140,"column":75}},"loc":{"start":{"line":140,"column":79},"end":{"line":140,"column":122}}},"8":{"name":"(anonymous_17)","decl":{"start":{"line":148,"column":71},"end":{"line":148,"column":72}},"loc":{"start":{"line":148,"column":76},"end":{"line":148,"column":131}}},"9":{"name":"exitJournalChatHandler","decl":{"start":{"line":166,"column":22},"end":{"line":166,"column":44}},"loc":{"start":{"line":166,"column":67},"end":{"line":174,"column":1}}},"10":{"name":"downloadTelegramFile","decl":{"start":{"line":182,"column":15},"end":{"line":182,"column":35}},"loc":{"start":{"line":182,"column":70},"end":{"line":198,"column":1}}},"11":{"name":"(anonymous_20)","decl":{"start":{"line":200,"column":43},"end":{"line":200,"column":44}},"loc":{"start":{"line":200,"column":75},"end":{"line":222,"column":1}}},"12":{"name":"(anonymous_21)","decl":{"start":{"line":203,"column":32},"end":{"line":203,"column":37}},"loc":{"start":{"line":203,"column":46},"end":{"line":207,"column":5}}},"13":{"name":"(anonymous_22)","decl":{"start":{"line":209,"column":22},"end":{"line":209,"column":27}},"loc":{"start":{"line":209,"column":42},"end":{"line":221,"column":5}}}},"branchMap":{"0":{"loc":{"start":{"line":22,"column":4},"end":{"line":22,"column":22}},"type":"if","locations":[{"start":{"line":22,"column":4},"end":{"line":22,"column":22}}]},"1":{"loc":{"start":{"line":26,"column":4},"end":{"line":32,"column":5}},"type":"if","locations":[{"start":{"line":26,"column":4},"end":{"line":32,"column":5}}]},"2":{"loc":{"start":{"line":27,"column":30},"end":{"line":27,"column":57}},"type":"binary-expr","locations":[{"start":{"line":27,"column":30},"end":{"line":27,"column":39}},{"start":{"line":27,"column":43},"end":{"line":27,"column":57}}]},"3":{"loc":{"start":{"line":38,"column":28},"end":{"line":38,"column":55}},"type":"binary-expr","locations":[{"start":{"line":38,"column":28},"end":{"line":38,"column":37}},{"start":{"line":38,"column":41},"end":{"line":38,"column":55}}]},"4":{"loc":{"start":{"line":68,"column":4},"end":{"line":68,"column":61}},"type":"if","locations":[{"start":{"line":68,"column":4},"end":{"line":68,"column":61}}]},"5":{"loc":{"start":{"line":68,"column":8},"end":{"line":68,"column":52}},"type":"binary-expr","locations":[{"start":{"line":68,"column":8},"end":{"line":68,"column":36}},{"start":{"line":68,"column":40},"end":{"line":68,"column":52}}]},"6":{"loc":{"start":{"line":76,"column":8},"end":{"line":122,"column":9}},"type":"if","locations":[{"start":{"line":76,"column":8},"end":{"line":122,"column":9}},{"start":{"line":104,"column":15},"end":{"line":122,"column":9}}]},"7":{"loc":{"start":{"line":83,"column":12},"end":{"line":88,"column":13}},"type":"if","locations":[{"start":{"line":83,"column":12},"end":{"line":88,"column":13}}]},"8":{"loc":{"start":{"line":92,"column":12},"end":{"line":92,"column":72}},"type":"if","locations":[{"start":{"line":92,"column":12},"end":{"line":92,"column":72}}]},"9":{"loc":{"start":{"line":104,"column":15},"end":{"line":122,"column":9}},"type":"if","locations":[{"start":{"line":104,"column":15},"end":{"line":122,"column":9}},{"start":{"line":119,"column":15},"end":{"line":122,"column":9}}]},"10":{"loc":{"start":{"line":108,"column":12},"end":{"line":111,"column":13}},"type":"if","locations":[{"start":{"line":108,"column":12},"end":{"line":111,"column":13}}]},"11":{"loc":{"start":{"line":125,"column":8},"end":{"line":143,"column":9}},"type":"if","locations":[{"start":{"line":125,"column":8},"end":{"line":143,"column":9}}]},"12":{"loc":{"start":{"line":127,"column":12},"end":{"line":133,"column":13}},"type":"if","locations":[{"start":{"line":127,"column":12},"end":{"line":133,"column":13}}]},"13":{"loc":{"start":{"line":128,"column":17},"end":{"line":130,"column":18}},"type":"if","locations":[{"start":{"line":128,"column":17},"end":{"line":130,"column":18}}]},"14":{"loc":{"start":{"line":128,"column":21},"end":{"line":128,"column":42}},"type":"binary-expr","locations":[{"start":{"line":128,"column":21},"end":{"line":128,"column":30}},{"start":{"line":128,"column":34},"end":{"line":128,"column":42}}]},"15":{"loc":{"start":{"line":137,"column":61},"end":{"line":137,"column":131}},"type":"binary-expr","locations":[{"start":{"line":137,"column":61},"end":{"line":137,"column":69}},{"start":{"line":137,"column":73},"end":{"line":137,"column":131}}]},"16":{"loc":{"start":{"line":139,"column":12},"end":{"line":141,"column":13}},"type":"if","locations":[{"start":{"line":139,"column":12},"end":{"line":141,"column":13}}]},"17":{"loc":{"start":{"line":139,"column":16},"end":{"line":139,"column":37}},"type":"binary-expr","locations":[{"start":{"line":139,"column":16},"end":{"line":139,"column":25}},{"start":{"line":139,"column":29},"end":{"line":139,"column":37}}]},"18":{"loc":{"start":{"line":147,"column":8},"end":{"line":149,"column":9}},"type":"if","locations":[{"start":{"line":147,"column":8},"end":{"line":149,"column":9}}]},"19":{"loc":{"start":{"line":147,"column":12},"end":{"line":147,"column":33}},"type":"binary-expr","locations":[{"start":{"line":147,"column":12},"end":{"line":147,"column":21}},{"start":{"line":147,"column":25},"end":{"line":147,"column":33}}]},"20":{"loc":{"start":{"line":153,"column":8},"end":{"line":159,"column":9}},"type":"if","locations":[{"start":{"line":153,"column":8},"end":{"line":159,"column":9}}]},"21":{"loc":{"start":{"line":153,"column":12},"end":{"line":153,"column":57}},"type":"binary-expr","locations":[{"start":{"line":153,"column":12},"end":{"line":153,"column":25}},{"start":{"line":153,"column":29},"end":{"line":153,"column":57}}]},"22":{"loc":{"start":{"line":167,"column":4},"end":{"line":167,"column":26}},"type":"if","locations":[{"start":{"line":167,"column":4},"end":{"line":167,"column":26}}]},"23":{"loc":{"start":{"line":186,"column":4},"end":{"line":188,"column":5}},"type":"if","locations":[{"start":{"line":186,"column":4},"end":{"line":188,"column":5}}]},"24":{"loc":{"start":{"line":190,"column":74},"end":{"line":190,"column":108}},"type":"binary-expr","locations":[{"start":{"line":190,"column":74},"end":{"line":190,"column":99}},{"start":{"line":190,"column":103},"end":{"line":190,"column":108}}]},"25":{"loc":{"start":{"line":193,"column":4},"end":{"line":193,"column":89}},"type":"if","locations":[{"start":{"line":193,"column":4},"end":{"line":193,"column":89}}]},"26":{"loc":{"start":{"line":204,"column":8},"end":{"line":204,"column":30}},"type":"if","locations":[{"start":{"line":204,"column":8},"end":{"line":204,"column":30}}]},"27":{"loc":{"start":{"line":210,"column":8},"end":{"line":220,"column":9}},"type":"if","locations":[{"start":{"line":210,"column":8},"end":{"line":220,"column":9}},{"start":{"line":218,"column":15},"end":{"line":220,"column":9}}]},"28":{"loc":{"start":{"line":211,"column":12},"end":{"line":214,"column":13}},"type":"if","locations":[{"start":{"line":211,"column":12},"end":{"line":214,"column":13}}]},"29":{"loc":{"start":{"line":215,"column":12},"end":{"line":215,"column":34}},"type":"if","locations":[{"start":{"line":215,"column":12},"end":{"line":215,"column":34}}]}},"s":{"0":0,"1":0,"2":0,"3":0,"4":0,"5":0,"6":0,"7":0,"8":0,"9":0,"10":0,"11":0,"12":0,"13":0,"14":0,"15":0,"16":0,"17":0,"18":0,"19":0,"20":0,"21":0,"22":0,"23":0,"24":0,"25":0,"26":0,"27":0,"28":0,"29":0,"30":0,"31":0,"32":0,"33":0,"34":0,"35":0,"36":0,"37":0,"38":0,"39":0,"40":0,"41":0,"42":0,"43":0,"44":0,"45":0,"46":0,"47":0,"48":0,"49":0,"50":0,"51":0,"52":0,"53":0,"54":0,"55":0,"56":0,"57":0,"58":0,"59":0,"60":0,"61":0,"62":0,"63":0,"64":0,"65":0,"66":0,"67":0,"68":0,"69":0,"70":0,"71":0,"72":0,"73":0,"74":0,"75":0,"76":0,"77":0,"78":0,"79":0,"80":0,"81":0,"82":0,"83":0,"84":0,"85":0,"86":0,"87":0,"88":0,"89":0,"90":0,"91":0,"92":0,"93":0,"94":0,"95":0,"96":0,"97":0,"98":0,"99":0,"100":0,"101":0,"102":0,"103":0,"104":0,"105":0,"106":0,"107":0,"108":0,"109":0,"110":0,"111":0,"112":0,"113":0,"114":0,"115":0,"116":0,"117":0,"118":0,"119":0},"f":{"0":0,"1":0,"2":0,"3":0,"4":0,"5":0,"6":0,"7":0,"8":0,"9":0,"10":0,"11":0,"12":0,"13":0},"b":{"0":[0],"1":[0],"2":[0,0],"3":[0,0],"4":[0],"5":[0,0],"6":[0,0],"7":[0],"8":[0],"9":[0,0],"10":[0],"11":[0],"12":[0],"13":[0],"14":[0,0],"15":[0,0],"16":[0],"17":[0,0],"18":[0],"19":[0,0],"20":[0],"21":[0,0],"22":[0],"23":[0],"24":[0,0],"25":[0],"26":[0],"27":[0,0],"28":[0],"29":[0]}}
,"/Users/nikitagorokhov/cometa-bots/euphoria/src/features/journal-chat/index.ts": {"path":"/Users/nikitagorokhov/cometa-bots/euphoria/src/features/journal-chat/index.ts","statementMap":{"0":{"start":{"line":14,"column":0},"end":{"line":14,"column":16}},"1":{"start":{"line":3,"column":0},"end":{"line":3,"column":null}},"2":{"start":{"line":9,"column":0},"end":{"line":9,"column":50}},"3":{"start":{"line":11,"column":25},"end":{"line":11,"column":44}},"4":{"start":{"line":12,"column":23},"end":{"line":12,"column":41}},"5":{"start":{"line":16,"column":4},"end":{"line":16,"column":26}},"6":{"start":{"line":19,"column":4},"end":{"line":23,"column":7}},"7":{"start":{"line":20,"column":8},"end":{"line":20,"column":30}},"8":{"start":{"line":20,"column":23},"end":{"line":20,"column":30}},"9":{"start":{"line":21,"column":21},"end":{"line":21,"column":116}},"10":{"start":{"line":22,"column":8},"end":{"line":22,"column":49}},"11":{"start":{"line":26,"column":4},"end":{"line":28,"column":7}},"12":{"start":{"line":27,"column":8},"end":{"line":27,"column":42}}},"fnMap":{"0":{"name":"registerJournalChatHandlers","decl":{"start":{"line":14,"column":16},"end":{"line":14,"column":43}},"loc":{"start":{"line":14,"column":71},"end":{"line":29,"column":1}}},"1":{"name":"(anonymous_1)","decl":{"start":{"line":19,"column":32},"end":{"line":19,"column":37}},"loc":{"start":{"line":19,"column":46},"end":{"line":23,"column":5}}},"2":{"name":"(anonymous_2)","decl":{"start":{"line":26,"column":30},"end":{"line":26,"column":35}},"loc":{"start":{"line":26,"column":44},"end":{"line":28,"column":5}}}},"branchMap":{"0":{"loc":{"start":{"line":20,"column":8},"end":{"line":20,"column":30}},"type":"if","locations":[{"start":{"line":20,"column":8},"end":{"line":20,"column":30}}]}},"s":{"0":0,"1":0,"2":0,"3":0,"4":0,"5":0,"6":0,"7":0,"8":0,"9":0,"10":0,"11":0,"12":0},"f":{"0":0,"1":0,"2":0},"b":{"0":[0]}}
,"/Users/nikitagorokhov/cometa-bots/euphoria/src/features/journal-chat/keyboards.ts": {"path":"/Users/nikitagorokhov/cometa-bots/euphoria/src/features/journal-chat/keyboards.ts","statementMap":{"0":{"start":{"line":1,"column":0},"end":{"line":1,"column":34}},"1":{"start":{"line":3,"column":13},"end":{"line":5,"column":15}}},"fnMap":{},"branchMap":{},"s":{"0":0,"1":0},"f":{},"b":{}}
,"/Users/nikitagorokhov/cometa-bots/euphoria/src/features/journal-entry/handlers.ts": {"path":"/Users/nikitagorokhov/cometa-bots/euphoria/src/features/journal-entry/handlers.ts","statementMap":{"0":{"start":{"line":80,"column":0},"end":{"line":80,"column":7}},"1":{"start":{"line":213,"column":0},"end":{"line":213,"column":7}},"2":{"start":{"line":323,"column":0},"end":{"line":323,"column":7}},"3":{"start":{"line":434,"column":0},"end":{"line":434,"column":7}},"4":{"start":{"line":464,"column":0},"end":{"line":464,"column":7}},"5":{"start":{"line":507,"column":0},"end":{"line":507,"column":7}},"6":{"start":{"line":1,"column":0},"end":{"line":1,"column":33}},"7":{"start":{"line":4,"column":0},"end":{"line":4,"column":108}},"8":{"start":{"line":5,"column":0},"end":{"line":5,"column":44}},"9":{"start":{"line":9,"column":0},"end":{"line":9,"column":67}},"10":{"start":{"line":10,"column":0},"end":{"line":10,"column":91}},"11":{"start":{"line":11,"column":0},"end":{"line":11,"column":52}},"12":{"start":{"line":12,"column":0},"end":{"line":12,"column":48}},"13":{"start":{"line":13,"column":0},"end":{"line":13,"column":25}},"14":{"start":{"line":14,"column":0},"end":{"line":14,"column":29}},"15":{"start":{"line":15,"column":0},"end":{"line":15,"column":25}},"16":{"start":{"line":16,"column":0},"end":{"line":16,"column":50}},"17":{"start":{"line":17,"column":0},"end":{"line":17,"column":72}},"18":{"start":{"line":18,"column":0},"end":{"line":18,"column":57}},"19":{"start":{"line":19,"column":0},"end":{"line":19,"column":45}},"20":{"start":{"line":20,"column":0},"end":{"line":20,"column":60}},"21":{"start":{"line":21,"column":0},"end":{"line":21,"column":null}},"22":{"start":{"line":33,"column":13},"end":{"line":33,"column":52}},"23":{"start":{"line":48,"column":24},"end":{"line":48,"column":44}},"24":{"start":{"line":50,"column":4},"end":{"line":74,"column":5}},"25":{"start":{"line":51,"column":21},"end":{"line":51,"column":50}},"26":{"start":{"line":52,"column":25},"end":{"line":52,"column":39}},"27":{"start":{"line":53,"column":8},"end":{"line":53,"column":75}},"28":{"start":{"line":53,"column":23},"end":{"line":53,"column":75}},"29":{"start":{"line":55,"column":30},"end":{"line":55,"column":77}},"30":{"start":{"line":56,"column":30},"end":{"line":56,"column":66}},"31":{"start":{"line":59,"column":8},"end":{"line":62,"column":9}},"32":{"start":{"line":60,"column":12},"end":{"line":61,"column":98}},"33":{"start":{"line":61,"column":28},"end":{"line":61,"column":96}},"34":{"start":{"line":64,"column":8},"end":{"line":64,"column":48}},"35":{"start":{"line":67,"column":8},"end":{"line":70,"column":9}},"36":{"start":{"line":68,"column":12},"end":{"line":69,"column":110}},"37":{"start":{"line":69,"column":28},"end":{"line":69,"column":108}},"38":{"start":{"line":73,"column":8},"end":{"line":73,"column":20}},"39":{"start":{"line":81,"column":4},"end":{"line":81,"column":73}},"40":{"start":{"line":81,"column":66},"end":{"line":81,"column":73}},"41":{"start":{"line":83,"column":20},"end":{"line":83,"column":66}},"42":{"start":{"line":85,"column":18},"end":{"line":85,"column":45}},"43":{"start":{"line":87,"column":4},"end":{"line":95,"column":5}},"44":{"start":{"line":88,"column":8},"end":{"line":88,"column":145}},"45":{"start":{"line":89,"column":8},"end":{"line":89,"column":47}},"46":{"start":{"line":90,"column":8},"end":{"line":92,"column":11}},"47":{"start":{"line":93,"column":8},"end":{"line":93,"column":38}},"48":{"start":{"line":94,"column":8},"end":{"line":94,"column":15}},"49":{"start":{"line":97,"column":23},"end":{"line":97,"column":28}},"50":{"start":{"line":98,"column":4},"end":{"line":207,"column":5}},"51":{"start":{"line":99,"column":8},"end":{"line":185,"column":9}},"52":{"start":{"line":100,"column":12},"end":{"line":105,"column":14}},"53":{"start":{"line":106,"column":12},"end":{"line":106,"column":32}},"54":{"start":{"line":109,"column":12},"end":{"line":109,"column":95}},"55":{"start":{"line":109,"column":45},"end":{"line":109,"column":93}},"56":{"start":{"line":111,"column":15},"end":{"line":185,"column":9}},"57":{"start":{"line":113,"column":12},"end":{"line":113,"column":90}},"58":{"start":{"line":113,"column":45},"end":{"line":113,"column":88}},"59":{"start":{"line":115,"column":27},"end":{"line":115,"column":52}},"60":{"start":{"line":118,"column":12},"end":{"line":123,"column":13}},"61":{"start":{"line":119,"column":16},"end":{"line":121,"column":19}},"62":{"start":{"line":122,"column":16},"end":{"line":122,"column":23}},"63":{"start":{"line":125,"column":53},"end":{"line":125,"column":100}},"64":{"start":{"line":126,"column":12},"end":{"line":126,"column":41}},"65":{"start":{"line":128,"column":12},"end":{"line":135,"column":14}},"66":{"start":{"line":136,"column":12},"end":{"line":136,"column":32}},"67":{"start":{"line":139,"column":12},"end":{"line":139,"column":91}},"68":{"start":{"line":142,"column":12},"end":{"line":142,"column":97}},"69":{"start":{"line":142,"column":45},"end":{"line":142,"column":95}},"70":{"start":{"line":144,"column":15},"end":{"line":185,"column":9}},"71":{"start":{"line":146,"column":12},"end":{"line":146,"column":90}},"72":{"start":{"line":146,"column":45},"end":{"line":146,"column":88}},"73":{"start":{"line":149,"column":27},"end":{"line":149,"column":125}},"74":{"start":{"line":150,"column":12},"end":{"line":150,"column":68}},"75":{"start":{"line":150,"column":25},"end":{"line":150,"column":68}},"76":{"start":{"line":152,"column":32},"end":{"line":152,"column":34}},"77":{"start":{"line":153,"column":32},"end":{"line":153,"column":34}},"78":{"start":{"line":155,"column":12},"end":{"line":163,"column":13}},"79":{"start":{"line":156,"column":31},"end":{"line":156,"column":78}},"80":{"start":{"line":157,"column":16},"end":{"line":157,"column":53}},"81":{"start":{"line":158,"column":16},"end":{"line":158,"column":53}},"82":{"start":{"line":159,"column":16},"end":{"line":159,"column":45}},"83":{"start":{"line":161,"column":16},"end":{"line":161,"column":78}},"84":{"start":{"line":162,"column":16},"end":{"line":162,"column":63}},"85":{"start":{"line":165,"column":12},"end":{"line":172,"column":14}},"86":{"start":{"line":173,"column":12},"end":{"line":173,"column":32}},"87":{"start":{"line":176,"column":12},"end":{"line":176,"column":91}},"88":{"start":{"line":179,"column":12},"end":{"line":179,"column":97}},"89":{"start":{"line":179,"column":45},"end":{"line":179,"column":95}},"90":{"start":{"line":182,"column":12},"end":{"line":184,"column":15}},"91":{"start":{"line":188,"column":8},"end":{"line":202,"column":10}},"92":{"start":{"line":203,"column":8},"end":{"line":206,"column":11}},"93":{"start":{"line":214,"column":5},"end":{"line":219,"column":6}},"94":{"start":{"line":215,"column":9},"end":{"line":215,"column":116}},"95":{"start":{"line":216,"column":9},"end":{"line":216,"column":67}},"96":{"start":{"line":217,"column":9},"end":{"line":217,"column":39}},"97":{"start":{"line":218,"column":9},"end":{"line":218,"column":16}},"98":{"start":{"line":221,"column":20},"end":{"line":221,"column":66}},"99":{"start":{"line":222,"column":18},"end":{"line":222,"column":45}},"100":{"start":{"line":224,"column":4},"end":{"line":230,"column":5}},"101":{"start":{"line":225,"column":8},"end":{"line":225,"column":121}},"102":{"start":{"line":226,"column":8},"end":{"line":226,"column":47}},"103":{"start":{"line":227,"column":8},"end":{"line":227,"column":69}},"104":{"start":{"line":228,"column":8},"end":{"line":228,"column":38}},"105":{"start":{"line":229,"column":8},"end":{"line":229,"column":15}},"106":{"start":{"line":232,"column":20},"end":{"line":232,"column":40}},"107":{"start":{"line":234,"column":4},"end":{"line":317,"column":5}},"108":{"start":{"line":235,"column":29},"end":{"line":235,"column":57}},"109":{"start":{"line":236,"column":8},"end":{"line":249,"column":9}},"110":{"start":{"line":237,"column":13},"end":{"line":237,"column":72}},"111":{"start":{"line":239,"column":13},"end":{"line":243,"column":15}},"112":{"start":{"line":244,"column":13},"end":{"line":244,"column":144}},"113":{"start":{"line":244,"column":27},"end":{"line":244,"column":144}},"114":{"start":{"line":244,"column":99},"end":{"line":244,"column":142}},"115":{"start":{"line":245,"column":13},"end":{"line":245,"column":91}},"116":{"start":{"line":246,"column":13},"end":{"line":246,"column":52}},"117":{"start":{"line":247,"column":13},"end":{"line":247,"column":43}},"118":{"start":{"line":248,"column":13},"end":{"line":248,"column":20}},"119":{"start":{"line":251,"column":25},"end":{"line":251,"column":63}},"120":{"start":{"line":253,"column":45},"end":{"line":256,"column":10}},"121":{"start":{"line":259,"column":25},"end":{"line":263,"column":10}},"122":{"start":{"line":265,"column":24},"end":{"line":265,"column":67}},"123":{"start":{"line":268,"column":31},"end":{"line":270,"column":null}},"124":{"start":{"line":273,"column":24},"end":{"line":273,"column":74}},"125":{"start":{"line":274,"column":25},"end":{"line":274,"column":76}},"126":{"start":{"line":277,"column":33},"end":{"line":277,"column":65}},"127":{"start":{"line":278,"column":34},"end":{"line":278,"column":67}},"128":{"start":{"line":280,"column":8},"end":{"line":280,"column":74}},"129":{"start":{"line":281,"column":8},"end":{"line":281,"column":139}},"130":{"start":{"line":281,"column":22},"end":{"line":281,"column":139}},"131":{"start":{"line":281,"column":94},"end":{"line":281,"column":137}},"132":{"start":{"line":283,"column":33},"end":{"line":283,"column":209}},"133":{"start":{"line":284,"column":8},"end":{"line":284,"column":66}},"134":{"start":{"line":286,"column":8},"end":{"line":286,"column":47}},"135":{"start":{"line":287,"column":8},"end":{"line":287,"column":38}},"136":{"start":{"line":290,"column":8},"end":{"line":303,"column":10}},"137":{"start":{"line":305,"column":8},"end":{"line":305,"column":139}},"138":{"start":{"line":305,"column":22},"end":{"line":305,"column":139}},"139":{"start":{"line":305,"column":94},"end":{"line":305,"column":137}},"140":{"start":{"line":306,"column":8},"end":{"line":306,"column":122}},"141":{"start":{"line":309,"column":8},"end":{"line":313,"column":9}},"142":{"start":{"line":310,"column":12},"end":{"line":310,"column":87}},"143":{"start":{"line":312,"column":13},"end":{"line":312,"column":98}},"144":{"start":{"line":315,"column":8},"end":{"line":315,"column":47}},"145":{"start":{"line":316,"column":8},"end":{"line":316,"column":38}},"146":{"start":{"line":324,"column":4},"end":{"line":328,"column":5}},"147":{"start":{"line":325,"column":8},"end":{"line":325,"column":115}},"148":{"start":{"line":326,"column":8},"end":{"line":326,"column":38}},"149":{"start":{"line":327,"column":8},"end":{"line":327,"column":15}},"150":{"start":{"line":330,"column":4},"end":{"line":428,"column":5}},"151":{"start":{"line":331,"column":24},"end":{"line":331,"column":70}},"152":{"start":{"line":332,"column":22},"end":{"line":332,"column":49}},"153":{"start":{"line":334,"column":8},"end":{"line":340,"column":9}},"154":{"start":{"line":335,"column":12},"end":{"line":335,"column":113}},"155":{"start":{"line":336,"column":12},"end":{"line":336,"column":51}},"156":{"start":{"line":337,"column":12},"end":{"line":337,"column":111}},"157":{"start":{"line":338,"column":12},"end":{"line":338,"column":42}},"158":{"start":{"line":339,"column":12},"end":{"line":339,"column":19}},"159":{"start":{"line":343,"column":29},"end":{"line":343,"column":57}},"160":{"start":{"line":344,"column":8},"end":{"line":349,"column":9}},"161":{"start":{"line":345,"column":12},"end":{"line":347,"column":15}},"162":{"start":{"line":348,"column":12},"end":{"line":348,"column":19}},"163":{"start":{"line":351,"column":24},"end":{"line":351,"column":44}},"164":{"start":{"line":353,"column":8},"end":{"line":400,"column":9}},"165":{"start":{"line":354,"column":30},"end":{"line":354,"column":76}},"166":{"start":{"line":356,"column":12},"end":{"line":360,"column":13}},"167":{"start":{"line":357,"column":16},"end":{"line":359,"column":19}},"168":{"start":{"line":358,"column":20},"end":{"line":358,"column":64}},"169":{"start":{"line":362,"column":12},"end":{"line":374,"column":13}},"170":{"start":{"line":364,"column":43},"end":{"line":364,"column":99}},"171":{"start":{"line":364,"column":72},"end":{"line":364,"column":98}},"172":{"start":{"line":365,"column":38},"end":{"line":365,"column":116}},"173":{"start":{"line":365,"column":87},"end":{"line":365,"column":102}},"174":{"start":{"line":366,"column":16},"end":{"line":369,"column":19}},"175":{"start":{"line":371,"column":16},"end":{"line":373,"column":19}},"176":{"start":{"line":376,"column":12},"end":{"line":389,"column":14}},"177":{"start":{"line":391,"column":12},"end":{"line":395,"column":13}},"178":{"start":{"line":392,"column":16},"end":{"line":394,"column":19}},"179":{"start":{"line":393,"column":20},"end":{"line":393,"column":76}},"180":{"start":{"line":397,"column":12},"end":{"line":399,"column":15}},"181":{"start":{"line":409,"column":8},"end":{"line":422,"column":10}},"182":{"start":{"line":424,"column":8},"end":{"line":427,"column":11}},"183":{"start":{"line":435,"column":4},"end":{"line":458,"column":5}},"184":{"start":{"line":436,"column":22},"end":{"line":436,"column":78}},"185":{"start":{"line":437,"column":8},"end":{"line":437,"column":65}},"186":{"start":{"line":438,"column":8},"end":{"line":441,"column":11}},"187":{"start":{"line":443,"column":8},"end":{"line":453,"column":10}},"188":{"start":{"line":454,"column":8},"end":{"line":456,"column":11}},"189":{"start":{"line":457,"column":8},"end":{"line":457,"column":38}},"190":{"start":{"line":466,"column":4},"end":{"line":482,"column":6}},"191":{"start":{"line":469,"column":8},"end":{"line":469,"column":106}},"192":{"start":{"line":470,"column":8},"end":{"line":470,"column":47}},"193":{"start":{"line":471,"column":8},"end":{"line":471,"column":97}},"194":{"start":{"line":476,"column":9},"end":{"line":476,"column":95}},"195":{"start":{"line":478,"column":9},"end":{"line":481,"column":10}},"196":{"start":{"line":479,"column":13},"end":{"line":479,"column":60}},"197":{"start":{"line":480,"column":13},"end":{"line":480,"column":95}},"198":{"start":{"line":484,"column":4},"end":{"line":484,"column":34}},"199":{"start":{"line":489,"column":20},"end":{"line":489,"column":88}},"200":{"start":{"line":490,"column":20},"end":{"line":490,"column":67}},"201":{"start":{"line":491,"column":4},"end":{"line":493,"column":5}},"202":{"start":{"line":492,"column":8},"end":{"line":492,"column":51}},"203":{"start":{"line":494,"column":22},"end":{"line":494,"column":85}},"204":{"start":{"line":495,"column":26},"end":{"line":495,"column":82}},"205":{"start":{"line":497,"column":21},"end":{"line":497,"column":41}},"206":{"start":{"line":498,"column":4},"end":{"line":498,"column":110}},"207":{"start":{"line":498,"column":22},"end":{"line":498,"column":110}},"208":{"start":{"line":499,"column":19},"end":{"line":499,"column":47}},"209":{"start":{"line":500,"column":4},"end":{"line":500,"column":57}},"210":{"start":{"line":501,"column":4},"end":{"line":501,"column":25}},"211":{"start":{"line":508,"column":4},"end":{"line":514,"column":5}},"212":{"start":{"line":509,"column":8},"end":{"line":511,"column":11}},"213":{"start":{"line":512,"column":8},"end":{"line":512,"column":38}},"214":{"start":{"line":513,"column":8},"end":{"line":513,"column":15}},"215":{"start":{"line":516,"column":4},"end":{"line":631,"column":5}},"216":{"start":{"line":517,"column":24},"end":{"line":517,"column":70}},"217":{"start":{"line":518,"column":22},"end":{"line":518,"column":49}},"218":{"start":{"line":520,"column":8},"end":{"line":527,"column":9}},"219":{"start":{"line":521,"column":12},"end":{"line":521,"column":51}},"220":{"start":{"line":522,"column":12},"end":{"line":524,"column":15}},"221":{"start":{"line":525,"column":12},"end":{"line":525,"column":42}},"222":{"start":{"line":526,"column":12},"end":{"line":526,"column":19}},"223":{"start":{"line":530,"column":24},"end":{"line":530,"column":44}},"224":{"start":{"line":533,"column":25},"end":{"line":533,"column":53}},"225":{"start":{"line":536,"column":30},"end
[...]
,"/Users/nikitagorokhov/cometa-bots/euphoria/src/utils/logger.ts": {"path":"/Users/nikitagorokhov/cometa-bots/euphoria/src/utils/logger.ts","statementMap":{"0":{"start":{"line":108,"column":0},"end":{"line":108,"column":16}},"1":{"start":{"line":3,"column":0},"end":{"line":17,"column":1}},"2":{"start":{"line":5,"column":4},"end":{"line":7,"column":7}},"3":{"start":{"line":5,"column":4},"end":{"line":5,"column":20}},"4":{"start":{"line":6,"column":8},"end":{"line":6,"column":31}},"5":{"start":{"line":10,"column":4},"end":{"line":16,"column":6}},"6":{"start":{"line":11,"column":31},"end":{"line":11,"column":35}},"7":{"start":{"line":12,"column":34},"end":{"line":12,"column":38}},"8":{"start":{"line":13,"column":32},"end":{"line":13,"column":36}},"9":{"start":{"line":14,"column":33},"end":{"line":14,"column":37}},"10":{"start":{"line":15,"column":32},"end":{"line":15,"column":36}},"11":{"start":{"line":20,"column":0},"end":{"line":20,"column":null}},"12":{"start":{"line":21,"column":4},"end":{"line":21,"column":null}},"13":{"start":{"line":22,"column":4},"end":{"line":22,"column":null}},"14":{"start":{"line":23,"column":4},"end":{"line":23,"column":null}},"15":{"start":{"line":24,"column":4},"end":{"line":24,"column":null}},"16":{"start":{"line":25,"column":4},"end":{"line":25,"column":null}},"17":{"start":{"line":26,"column":4},"end":{"line":26,"column":null}},"18":{"start":{"line":30,"column":26},"end":{"line":30,"column":39}},"19":{"start":{"line":38,"column":8},"end":{"line":38,"column":31}},"20":{"start":{"line":39,"column":8},"end":{"line":39,"column":33}},"21":{"start":{"line":44,"column":26},"end":{"line":44,"column":50}},"22":{"start":{"line":45,"column":8},"end":{"line":45,"column":72}},"23":{"start":{"line":50,"column":8},"end":{"line":52,"column":9}},"24":{"start":{"line":51,"column":12},"end":{"line":51,"column":136}},"25":{"start":{"line":57,"column":8},"end":{"line":59,"column":9}},"26":{"start":{"line":58,"column":12},"end":{"line":58,"column":139}},"27":{"start":{"line":64,"column":8},"end":{"line":66,"column":9}},"28":{"start":{"line":65,"column":12},"end":{"line":65,"column":135}},"29":{"start":{"line":71,"column":8},"end":{"line":73,"column":9}},"30":{"start":{"line":72,"column":12},"end":{"line":72,"column":140}},"31":{"start":{"line":78,"column":8},"end":{"line":80,"column":9}},"32":{"start":{"line":79,"column":12},"end":{"line":79,"column":138}},"33":{"start":{"line":85,"column":8},"end":{"line":88,"column":9}},"34":{"start":{"line":86,"column":30},"end":{"line":86,"column":85}},"35":{"start":{"line":87,"column":12},"end":{"line":87,"column":65}},"36":{"start":{"line":92,"column":8},"end":{"line":95,"column":9}},"37":{"start":{"line":93,"column":28},"end":{"line":93,"column":92}},"38":{"start":{"line":94,"column":12},"end":{"line":94,"column":65}},"39":{"start":{"line":100,"column":8},"end":{"line":100,"column":30}},"40":{"start":{"line":33,"column":0},"end":{"line":33,"column":13}},"41":{"start":{"line":105,"column":13},"end":{"line":105,"column":40}},"42":{"start":{"line":109,"column":4},"end":{"line":109,"column":41}}},"fnMap":{"0":{"name":"(anonymous_9)","decl":{"start":{"line":5,"column":4},"end":{"line":5,"column":11}},"loc":{"start":{"line":5,"column":4},"end":{"line":5,"column":20}}},"1":{"name":"(anonymous_10)","decl":{"start":{"line":5,"column":25},"end":{"line":5,"column":31}},"loc":{"start":{"line":5,"column":34},"end":{"line":7,"column":5}}},"2":{"name":"(anonymous_11)","decl":{"start":{"line":11,"column":13},"end":{"line":11,"column":14}},"loc":{"start":{"line":11,"column":31},"end":{"line":11,"column":35}}},"3":{"name":"(anonymous_12)","decl":{"start":{"line":12,"column":16},"end":{"line":12,"column":17}},"loc":{"start":{"line":12,"column":34},"end":{"line":12,"column":38}}},"4":{"name":"(anonymous_13)","decl":{"start":{"line":13,"column":14},"end":{"line":13,"column":15}},"loc":{"start":{"line":13,"column":32},"end":{"line":13,"column":36}}},"5":{"name":"(anonymous_14)","decl":{"start":{"line":14,"column":15},"end":{"line":14,"column":16}},"loc":{"start":{"line":14,"column":33},"end":{"line":14,"column":37}}},"6":{"name":"(anonymous_15)","decl":{"start":{"line":15,"column":14},"end":{"line":15,"column":15}},"loc":{"start":{"line":15,"column":32},"end":{"line":15,"column":36}}},"7":{"name":"(anonymous_16)","decl":{"start":{"line":20,"column":0},"end":{"line":20,"column":12}},"loc":{"start":{"line":20,"column":20},"end":{"line":27,"column":1}}},"8":{"name":"(anonymous_17)","decl":{"start":{"line":37,"column":4},"end":{"line":37,"column":16}},"loc":{"start":{"line":37,"column":71},"end":{"line":40,"column":5}}},"9":{"name":"(anonymous_18)","decl":{"start":{"line":43,"column":12},"end":{"line":43,"column":25}},"loc":{"start":{"line":43,"column":56},"end":{"line":46,"column":5}}},"10":{"name":"(anonymous_19)","decl":{"start":{"line":49,"column":4},"end":{"line":49,"column":9}},"loc":{"start":{"line":49,"column":41},"end":{"line":53,"column":5}}},"11":{"name":"(anonymous_20)","decl":{"start":{"line":56,"column":4},"end":{"line":56,"column":8}},"loc":{"start":{"line":56,"column":40},"end":{"line":60,"column":5}}},"12":{"name":"(anonymous_21)","decl":{"start":{"line":63,"column":4},"end":{"line":63,"column":8}},"loc":{"start":{"line":63,"column":40},"end":{"line":67,"column":5}}},"13":{"name":"(anonymous_22)","decl":{"start":{"line":70,"column":4},"end":{"line":70,"column":9}},"loc":{"start":{"line":70,"column":41},"end":{"line":74,"column":5}}},"14":{"name":"(anonymous_23)","decl":{"start":{"line":77,"column":4},"end":{"line":77,"column":9}},"loc":{"start":{"line":77,"column":41},"end":{"line":81,"column":5}}},"15":{"name":"(anonymous_24)","decl":{"start":{"line":84,"column":4},"end":{"line":84,"column":19}},"loc":{"start":{"line":84,"column":65},"end":{"line":89,"column":5}}},"16":{"name":"(anonymous_25)","decl":{"start":{"line":91,"column":4},"end":{"line":91,"column":17}},"loc":{"start":{"line":91,"column":59},"end":{"line":96,"column":5}}},"17":{"name":"(anonymous_26)","decl":{"start":{"line":99,"column":4},"end":{"line":99,"column":15}},"loc":{"start":{"line":99,"column":31},"end":{"line":101,"column":5}}},"18":{"name":"createLogger","decl":{"start":{"line":108,"column":16},"end":{"line":108,"column":28}},"loc":{"start":{"line":108,"column":65},"end":{"line":110,"column":1}}}},"branchMap":{"0":{"loc":{"start":{"line":20,"column":12},"end":{"line":20,"column":null}},"type":"binary-expr","locations":[{"start":{"line":20,"column":12},"end":{"line":20,"column":20}},{"start":{"line":20,"column":20},"end":{"line":20,"column":null}}]},"1":{"loc":{"start":{"line":37,"column":33},"end":{"line":37,"column":71}},"type":"default-arg","locations":[{"start":{"line":37,"column":54},"end":{"line":37,"column":71}}]},"2":{"loc":{"start":{"line":50,"column":8},"end":{"line":52,"column":9}},"type":"if","locations":[{"start":{"line":50,"column":8},"end":{"line":52,"column":9}}]},"3":{"loc":{"start":{"line":51,"column":26},"end":{"line":51,"column":125}},"type":"cond-expr","locations":[{"start":{"line":51,"column":39},"end":{"line":51,"column":86}},{"start":{"line":51,"column":89},"end":{"line":51,"column":125}}]},"4":{"loc":{"start":{"line":57,"column":8},"end":{"line":59,"column":9}},"type":"if","locations":[{"start":{"line":57,"column":8},"end":{"line":59,"column":9}}]},"5":{"loc":{"start":{"line":58,"column":25},"end":{"line":58,"column":128}},"type":"cond-expr","locations":[{"start":{"line":58,"column":41},"end":{"line":58,"column":90}},{"start":{"line":58,"column":93},"end":{"line":58,"column":128}}]},"6":{"loc":{"start":{"line":64,"column":8},"end":{"line":66,"column":9}},"type":"if","locations":[{"start":{"line":64,"column":8},"end":{"line":66,"column":9}}]},"7":{"loc":{"start":{"line":65,"column":25},"end":{"line":65,"column":124}},"type":"cond-expr","locations":[{"start":{"line":65,"column":39},"end":{"line":65,"column":86}},{"start":{"line":65,"column":89},"end":{"line":65,"column":124}}]},"8":{"loc":{"start":{"line":71,"column":8},"end":{"line":73,"column":9}},"type":"if","locations":[{"start":{"line":71,"column":8},"end":{"line":73,"column":9}}]},"9":{"loc":{"start":{"line":72,"column":26},"end":{"line":72,"column":129}},"type":"cond-expr","locations":[{"start":{"line":72,"column":41},"end":{"line":72,"column":90}},{"start":{"line":72,"column":93},"end":{"line":72,"column":129}}]},"10":{"loc":{"start":{"line":78,"column":8},"end":{"line":80,"column":9}},"type":"if","locations":[{"start":{"line":78,"column":8},"end":{"line":80,"column":9}}]},"11":{"loc":{"start":{"line":79,"column":26},"end":{"line":79,"column":127}},"type":"cond-expr","locations":[{"start":{"line":79,"column":40},"end":{"line":79,"column":88}},{"start":{"line":79,"column":91},"end":{"line":79,"column":127}}]},"12":{"loc":{"start":{"line":85,"column":8},"end":{"line":88,"column":9}},"type":"if","locations":[{"start":{"line":85,"column":8},"end":{"line":88,"column":9}}]},"13":{"loc":{"start":{"line":86,"column":30},"end":{"line":86,"column":85}},"type":"cond-expr","locations":[{"start":{"line":86,"column":39},"end":{"line":86,"column":80}},{"start":{"line":86,"column":83},"end":{"line":86,"column":85}}]},"14":{"loc":{"start":{"line":92,"column":8},"end":{"line":95,"column":9}},"type":"if","locations":[{"start":{"line":92,"column":8},"end":{"line":95,"column":9}}]},"15":{"loc":{"start":{"line":93,"column":28},"end":{"line":93,"column":92}},"type":"cond-expr","locations":[{"start":{"line":93,"column":46},"end":{"line":93,"column":87}},{"start":{"line":93,"column":90},"end":{"line":93,"column":92}}]}},"s":{"0":0,"1":0,"2":0,"3":0,"4":0,"5":0,"6":0,"7":0,"8":0,"9":0,"10":0,"11":0,"12":0,"13":0,"14":0,"15":0,"16":0,"17":0,"18":0,"19":0,"20":0,"21":0,"22":0,"23":0,"24":0,"25":0,"26":0,"27":0,"28":0,"29":0,"30":0,"31":0,"32":0,"33":0,"34":0,"35":0,"36":0,"37":0,"38":0,"39":0,"40":0,"41":0,"42":0},"f":{"0":0,"1":0,"2":0,"3":0,"4":0,"5":0,"6":0,"7":0,"8":0,"9":0,"10":0,"11":0,"12":0,"13":0,"14":0,"15":0,"16":0,"17":0,"18":0},"b":{"0":[0,0],"1":[0],"2":[0],"3":[0,0],"4":[0],"5":[0,0],"6":[0],"7":[0,0],"8":[0],"9":[0,0],"10":[0],"11":[0,0],"12":[0],"13":[0,0],"14":[0],"15":[0,0]}}
,"/Users/nikitagorokhov/cometa-bots/euphoria/src/utils/timezone.ts": {"path":"/Users/nikitagorokhov/cometa-bots/euphoria/src/utils/timezone.ts","statementMap":{"0":{"start":{"line":11,"column":0},"end":{"line":11,"column":16}},"1":{"start":{"line":47,"column":0},"end":{"line":47,"column":16}},"2":{"start":{"line":150,"column":0},"end":{"line":150,"column":16}},"3":{"start":{"line":168,"column":0},"end":{"line":168,"column":16}},"4":{"start":{"line":182,"column":0},"end":{"line":182,"column":16}},"5":{"start":{"line":197,"column":0},"end":{"line":197,"column":16}},"6":{"start":{"line":13,"column":29},"end":{"line":13,"column":62}},"7":{"start":{"line":16,"column":17},"end":{"line":16,"column":27}},"8":{"start":{"line":17,"column":22},"end":{"line":22,"column":6}},"9":{"start":{"line":25,"column":22},"end":{"line":25,"column":51}},"10":{"start":{"line":26,"column":17},"end":{"line":26,"column":98}},"11":{"start":{"line":26,"column":47},"end":{"line":26,"column":67}},"12":{"start":{"line":27,"column":18},"end":{"line":27,"column":107}},"13":{"start":{"line":27,"column":48},"end":{"line":27,"column":69}},"14":{"start":{"line":28,"column":16},"end":{"line":28,"column":92}},"15":{"start":{"line":28,"column":46},"end":{"line":28,"column":65}},"16":{"start":{"line":31,"column":29},"end":{"line":31,"column":81}},"17":{"start":{"line":34,"column":31},"end":{"line":34,"column":62}},"18":{"start":{"line":35,"column":20},"end":{"line":35,"column":85}},"19":{"start":{"line":38,"column":4},"end":{"line":38,"column":121}},"20":{"start":{"line":49,"column":29},"end":{"line":49,"column":65}},"21":{"start":{"line":52,"column":20},"end":{"line":52,"column":30}},"22":{"start":{"line":53,"column":4},"end":{"line":53,"column":46}},"23":{"start":{"line":56,"column":22},"end":{"line":61,"column":6}},"24":{"start":{"line":64,"column":26},"end":{"line":64,"column":51}},"25":{"start":{"line":68,"column":22},"end":{"line":68,"column":46}},"26":{"start":{"line":69,"column":18},"end":{"line":69,"column":47}},"27":{"start":{"line":71,"column":4},"end":{"line":75,"column":5}},"28":{"start":{"line":72,"column":22},"end":{"line":72,"column":47}},"29":{"start":{"line":73,"column":24},"end":{"line":73,"column":32}},"30":{"start":{"line":74,"column":8},"end":{"line":74,"column":37}},"31":{"start":{"line":78,"column":4},"end":{"line":78,"column":48}},"32":{"start":{"line":87,"column":17},"end":{"line":87,"column":27}},"33":{"start":{"line":90,"column":23},"end":{"line":95,"column":19}},"34":{"start":{"line":98,"column":28},"end":{"line":102,"column":19}},"35":{"start":{"line":105,"column":22},"end":{"line":111,"column":5}},"36":{"start":{"line":106,"column":22},"end":{"line":106,"column":60}},"37":{"start":{"line":107,"column":8},"end":{"line":109,"column":9}},"38":{"start":{"line":108,"column":12},"end":{"line":108,"column":72}},"39":{"start":{"line":110,"column":8},"end":{"line":110,"column":17}},"40":{"start":{"line":113,"column":28},"end":{"line":113,"column":49}},"41":{"start":{"line":114,"column":25},"end":{"line":114,"column":51}},"42":{"start":{"line":117,"column":17},"end":{"line":117,"column":47}},"43":{"start":{"line":120,"column":4},"end":{"line":120,"column":37}},"44":{"start":{"line":120,"column":22},"end":{"line":120,"column":37}},"45":{"start":{"line":121,"column":4},"end":{"line":121,"column":38}},"46":{"start":{"line":121,"column":23},"end":{"line":121,"column":38}},"47":{"start":{"line":123,"column":4},"end":{"line":123,"column":18}},"48":{"start":{"line":129,"column":25},"end":{"line":144,"column":2}},"49":{"start":{"line":151,"column":4},"end":{"line":158,"column":5}},"50":{"start":{"line":153,"column":8},"end":{"line":155,"column":9}},"51":{"start":{"line":154,"column":12},"end":{"line":154,"column":63}},"52":{"start":{"line":161,"column":4},"end":{"line":161,"column":28}},"53":{"start":{"line":169,"column":4},"end":{"line":174,"column":5}},"54":{"start":{"line":170,"column":8},"end":{"line":170,"column":64}},"55":{"start":{"line":173,"column":8},"end":{"line":173,"column":21}},"56":{"start":{"line":183,"column":4},"end":{"line":188,"column":5}},"57":{"start":{"line":184,"column":8},"end":{"line":184,"column":65}},"58":{"start":{"line":185,"column":8},"end":{"line":185,"column":20}},"59":{"start":{"line":187,"column":8},"end":{"line":187,"column":21}},"60":{"start":{"line":198,"column":4},"end":{"line":214,"column":5}},"61":{"start":{"line":200,"column":21},"end":{"line":200,"column":31}},"62":{"start":{"line":201,"column":26},"end":{"line":204,"column":10}},"63":{"start":{"line":207,"column":30},"end":{"line":207,"column":52}},"64":{"start":{"line":208,"column":29},"end":{"line":208,"column":59}},"65":{"start":{"line":210,"column":8},"end":{"line":210,"column":49}},"66":{"start":{"line":213,"column":8},"end":{"line":213,"column":26}}},"fnMap":{"0":{"name":"convertToUTC","decl":{"start":{"line":11,"column":16},"end":{"line":11,"column":28}},"loc":{"start":{"line":11,"column":65},"end":{"line":39,"column":1}}},"1":{"name":"(anonymous_1)","decl":{"start":{"line":26,"column":39},"end":{"line":26,"column":43}},"loc":{"start":{"line":26,"column":47},"end":{"line":26,"column":67}}},"2":{"name":"(anonymous_2)","decl":{"start":{"line":27,"column":40},"end":{"line":27,"column":44}},"loc":{"start":{"line":27,"column":48},"end":{"line":27,"column":69}}},"3":{"name":"(anonymous_3)","decl":{"start":{"line":28,"column":38},"end":{"line":28,"column":42}},"loc":{"start":{"line":28,"column":46},"end":{"line":28,"column":65}}},"4":{"name":"convertFromUTC","decl":{"start":{"line":47,"column":16},"end":{"line":47,"column":30}},"loc":{"start":{"line":47,"column":70},"end":{"line":79,"column":1}}},"5":{"name":"getUserTimezoneOffset","decl":{"start":{"line":86,"column":9},"end":{"line":86,"column":30}},"loc":{"start":{"line":86,"column":47},"end":{"line":124,"column":1}}},"6":{"name":"(anonymous_6)","decl":{"start":{"line":105,"column":22},"end":{"line":105,"column":23}},"loc":{"start":{"line":105,"column":42},"end":{"line":111,"column":5}}},"7":{"name":"getAvailableTimezones","decl":{"start":{"line":150,"column":16},"end":{"line":150,"column":37}},"loc":{"start":{"line":150,"column":37},"end":{"line":162,"column":1}}},"8":{"name":"detectUserTimezone","decl":{"start":{"line":168,"column":16},"end":{"line":168,"column":34}},"loc":{"start":{"line":168,"column":34},"end":{"line":175,"column":1}}},"9":{"name":"isValidTimezone","decl":{"start":{"line":182,"column":16},"end":{"line":182,"column":31}},"loc":{"start":{"line":182,"column":48},"end":{"line":189,"column":1}}},"10":{"name":"formatTimeWithTimezone","decl":{"start":{"line":197,"column":16},"end":{"line":197,"column":38}},"loc":{"start":{"line":197,"column":75},"end":{"line":215,"column":1}}}},"branchMap":{"0":{"loc":{"start":{"line":26,"column":24},"end":{"line":26,"column":97}},"type":"binary-expr","locations":[{"start":{"line":26,"column":24},"end":{"line":26,"column":75}},{"start":{"line":26,"column":79},"end":{"line":26,"column":97}}]},"1":{"loc":{"start":{"line":27,"column":25},"end":{"line":27,"column":102}},"type":"binary-expr","locations":[{"start":{"line":27,"column":25},"end":{"line":27,"column":77}},{"start":{"line":27,"column":82},"end":{"line":27,"column":101}}]},"2":{"loc":{"start":{"line":28,"column":23},"end":{"line":28,"column":91}},"type":"binary-expr","locations":[{"start":{"line":28,"column":23},"end":{"line":28,"column":73}},{"start":{"line":28,"column":77},"end":{"line":28,"column":91}}]},"3":{"loc":{"start":{"line":71,"column":4},"end":{"line":75,"column":5}},"type":"if","locations":[{"start":{"line":71,"column":4},"end":{"line":75,"column":5}}]},"4":{"loc":{"start":{"line":107,"column":8},"end":{"line":109,"column":9}},"type":"if","locations":[{"start":{"line":107,"column":8},"end":{"line":109,"column":9}}]},"5":{"loc":{"start":{"line":120,"column":4},"end":{"line":120,"column":37}},"type":"if","locations":[{"start":{"line":120,"column":4},"end":{"line":120,"column":37}}]},"6":{"loc":{"start":{"line":121,"column":4},"end":{"line":121,"column":38}},"type":"if","locations":[{"start":{"line":121,"column":4},"end":{"line":121,"column":38}}]},"7":{"loc":{"start":{"line":153,"column":8},"end":{"line":155,"column":9}},"type":"if","locations":[{"start":{"line":153,"column":8},"end":{"line":155,"column":9}}]},"8":{"loc":{"start":{"line":153,"column":12},"end":{"line":153,"column":70}},"type":"binary-expr","locations":[{"start":{"line":153,"column":12},"end":{"line":153,"column":39}},{"start":{"line":153,"column":43},"end":{"line":153,"column":70}}]}},"s":{"0":1,"1":1,"2":1,"3":1,"4":1,"5":1,"6":2,"7":2,"8":2,"9":2,"10":2,"11":10,"12":2,"13":2,"14":2,"15":6,"16":2,"17":2,"18":2,"19":2,"20":1,"21":1,"22":1,"23":1,"24":1,"25":1,"26":1,"27":1,"28":1,"29":1,"30":1,"31":0,"32":2,"33":2,"34":2,"35":2,"36":4,"37":4,"38":4,"39":0,"40":2,"41":2,"42":2,"43":2,"44":2,"45":2,"46":0,"47":2,"48":1,"49":2,"50":2,"51":1,"52":1,"53":0,"54":0,"55":0,"56":4,"57":4,"58":3,"59":1,"60":2,"61":2,"62":2,"63":1,"64":1,"65":1,"66":1},"f":{"0":2,"1":10,"2":2,"3":6,"4":1,"5":2,"6":4,"7":2,"8":0,"9":4,"10":2},"b":{"0":[2,0],"1":[2,0],"2":[2,0],"3":[1],"4":[4],"5":[2],"6":[0],"7":[1],"8":[2,2]}}
}
