TN:
SF:src/config.ts
FNF:0
FNH:0
DA:1,0
DA:2,0
DA:4,0
DA:6,0
DA:7,0
DA:8,0
DA:9,0
DA:10,0
DA:11,0
DA:12,0
DA:13,0
DA:14,0
DA:16,0
DA:20,0
DA:23,0
LF:15
LH:0
BRDA:16,0,0,0
BRDA:16,0,1,0
BRDA:20,1,0,0
BRDA:20,1,1,0
BRDA:23,2,0,0
BRDA:23,2,1,0
BRF:6
BRH:0
end_of_record
TN:
SF:src/index.ts
FN:10,(anonymous_0)
FN:13,(anonymous_1)
FNF:2
FNH:0
FNDA:0,(anonymous_0)
FNDA:0,(anonymous_1)
DA:1,0
DA:2,0
DA:5,0
DA:8,0
DA:9,0
DA:11,0
DA:14,0
DA:15,0
LF:8
LH:0
BRF:0
BRH:0
end_of_record
TN:
SF:src/app/bot.ts
FN:8,createBot
FN:14,(anonymous_1)
FN:21,(anonymous_2)
FNF:3
FNH:0
FNDA:0,createBot
FNDA:0,(anonymous_1)
FNDA:0,(anonymous_2)
DA:1,0
DA:2,0
DA:4,0
DA:5,0
DA:8,0
DA:10,0
DA:13,0
DA:14,0
DA:21,0
DA:23,0
DA:24,0
DA:27,0
DA:34,0
LF:13
LH:0
BRDA:23,0,0,0
BRDA:23,0,1,0
BRF:2
BRH:0
end_of_record
TN:
SF:src/app/feature-registry.ts
FN:14,registerFeatures
FNF:1
FNH:0
FNDA:0,registerFeatures
DA:3,0
DA:4,0
DA:5,0
DA:6,0
DA:7,0
DA:8,0
DA:9,0
DA:14,0
DA:16,0
DA:19,0
DA:22,0
DA:23,0
DA:24,0
DA:25,0
DA:26,0
DA:28,0
LF:16
LH:0
BRF:0
BRH:0
end_of_record
TN:
SF:src/app/index.ts
FN:20,startApp
FN:52,(anonymous_1)
FNF:2
FNH:0
FNDA:0,startApp
FNDA:0,(anonymous_1)
DA:2,0
DA:3,0
DA:4,0
DA:5,0
DA:6,0
DA:7,0
DA:11,0
DA:14,0
DA:20,0
DA:21,0
DA:23,0
DA:25,0
DA:26,0
DA:27,0
DA:30,0
DA:33,0
DA:34,0
DA:35,0
DA:38,0
DA:39,0
DA:40,0
DA:43,0
DA:45,0
DA:46,0
DA:51,0
DA:52,0
DA:53,0
DA:54,0
LF:28
LH:0
BRDA:51,0,0,0
BRF:1
BRH:0
end_of_record
TN:
SF:src/config/ai-prompts.ts
FNF:0
FNH:0
DA:7,0
DA:86,0
LF:2
LH:0
BRF:0
BRH:0
end_of_record
TN:
SF:src/config/index.ts
FN:107,getEnv
FN:146,(anonymous_11)
FNF:2
FNH:0
FNDA:0,getEnv
FNDA:0,(anonymous_11)
DA:1,0
DA:2,0
DA:3,0
DA:6,0
DA:108,0
DA:110,0
DA:111,0
DA:114,0
DA:120,0
DA:125,0
DA:147,0
DA:164,0
DA:165,0
DA:166,0
DA:167,0
DA:168,0
DA:169,0
DA:170,0
DA:171,0
DA:172,0
DA:173,0
DA:174,0
DA:175,0
LF:23
LH:0
BRDA:7,0,0,0
BRDA:7,0,1,0
BRDA:107,1,0,0
BRDA:108,2,0,0
BRDA:108,2,1,0
BRDA:110,3,0,0
BRDA:110,4,0,0
BRDA:110,4,1,0
BRDA:114,5,0,0
BRDA:114,5,1,0
BRDA:120,6,0,0
BRDA:120,6,1,0
BRDA:147,7,0,0
BRDA:147,7,1,0
BRDA:154,8,0,0
BRDA:154,8,1,0
BRDA:165,9,0,0
BRDA:165,9,1,0
BRF:18
BRH:0
end_of_record
TN:
SF:src/database/connection.ts
FN:5,connectToDatabase
FN:16,disconnectFromDatabase
FN:26,(anonymous_3)
FN:31,(anonymous_4)
FNF:4
FNH:0
FNDA:0,connectToDatabase
FNDA:0,disconnectFromDatabase
FNDA:0,(anonymous_3)
FNDA:0,(anonymous_4)
DA:1,0
DA:2,0
DA:5,0
DA:6,0
DA:7,0
DA:8,0
DA:10,0
DA:11,0
DA:16,0
DA:17,0
DA:18,0
DA:19,0
DA:21,0
DA:26,0
DA:27,0
DA:28,0
DA:31,0
DA:32,0
DA:33,0
LF:19
LH:0
BRF:0
BRH:0
end_of_record
TN:
SF:src/database/index.ts
FNF:0
FNH:0
DA:2,0
DA:5,0
DA:6,0
DA:7,0
DA:8,0
LF:5
LH:0
BRF:0
BRH:0
end_of_record
TN:
SF:src/database/models/conversation.model.ts
FN:31,createConversation
FN:38,getActiveConversation
FN:42,endConversation
FN:50,endAllUserConversations
FN:57,getConversationsByUser
FNF:5
FNH:0
FNDA:0,createConversation
FNDA:0,getActiveConversation
FNDA:0,endConversation
FNDA:0,endAllUserConversations
FNDA:0,getConversationsByUser
DA:1,0
DA:9,0
DA:28,0
DA:31,0
DA:32,0
DA:38,0
DA:39,0
DA:42,0
DA:43,0
DA:50,0
DA:51,0
DA:57,0
DA:58,0
LF:13
LH:0
BRF:0
BRH:0
end_of_record
TN:
SF:src/database/models/journal.model.ts
FN:64,createJournalEntry
FN:72,getJournalEntryById
FN:76,getActiveJournalEntry
FN:83,addMessageToJournalEntry
FN:94,updateJournalEntryStatus
FN:105,updateJournalEntryAnalysis
FN:116,updateJournalEntryQuestions
FN:127,updateJournalEntryInsights
FN:138,completeJournalEntry
FN:156,getUserJournalEntries
FN:163,getAllJournalEntries
FN:167,updateJournalEntryFullText
FNF:12
FNH:0
FNDA:0,createJournalEntry
FNDA:0,getJournalEntryById
FNDA:0,getActiveJournalEntry
FNDA:0,addMessageToJournalEntry
FNDA:0,updateJournalEntryStatus
FNDA:0,updateJournalEntryAnalysis
FNDA:0,updateJournalEntryQuestions
FNDA:0,updateJournalEntryInsights
FNDA:0,completeJournalEntry
FNDA:0,getUserJournalEntries
FNDA:0,getAllJournalEntries
FNDA:0,updateJournalEntryFullText
DA:1,0
DA:2,0
DA:16,0
DA:61,0
DA:64,0
DA:65,0
DA:72,0
DA:73,0
DA:76,0
DA:77,0
DA:83,0
DA:87,0
DA:94,0
DA:98,0
DA:105,0
DA:109,0
DA:116,0
DA:120,0
DA:127,0
DA:131,0
DA:138,0
DA:143,0
DA:156,0
DA:157,0
DA:163,0
DA:164,0
DA:167,0
DA:171,0
LF:28
LH:0
BRF:0
BRH:0
end_of_record
TN:
SF:src/database/models/message.model.ts
FN:85,saveTextMessage
FN:102,saveVoiceMessage
FN:123,saveImageMessage
FN:142,saveVideoMessage
FN:163,getMessagesByUser
FN:167,getMessagesByConversation
FN:171,getLastImageMessageByConversation
FN:178,getMessageById
FN:182,getAllMessages
FNF:9
FNH:0
FNDA:0,saveTextMessage
FNDA:0,saveVoiceMessage
FNDA:0,saveImageMessage
FNDA:0,saveVideoMessage
FNDA:0,getMessagesByUser
FNDA:0,getMessagesByConversation
FNDA:0,getLastImageMessageByConversation
FNDA:0,getMessageById
FNDA:0,getAllMessages
DA:1,0
DA:3,0
DA:20,0
DA:79,0
DA:82,0
DA:85,0
DA:92,0
DA:102,0
DA:111,0
DA:123,0
DA:131,0
DA:142,0
DA:151,0
DA:163,0
DA:164,0
DA:167,0
DA:168,0
DA:171,0
DA:172,0
DA:178,0
DA:179,0
DA:182,0
DA:183,0
LF:23
LH:0
BRDA:90,0,0,0
BRDA:109,1,0,0
BRDA:129,2,0,0
BRDA:149,3,0,0
BRF:4
BRH:0
end_of_record
TN:
SF:src/database/models/user.model.ts
FN:63,(anonymous_9)
FN:67,(anonymous_10)
FN:100,findOrCreateUser
FN:121,getUserById
FN:125,getAllUsers
FN:141,completeUserOnboarding
FNF:6
FNH:0
FNDA:0,(anonymous_9)
FNDA:0,(anonymous_10)
FNDA:0,findOrCreateUser
FNDA:0,getUserById
FNDA:0,getAllUsers
FNDA:0,completeUserOnboarding
DA:1,0
DA:8,0
DA:64,0
DA:65,0
DA:67,0
DA:97,0
DA:100,0
DA:106,0
DA:108,0
DA:109,0
DA:118,0
DA:121,0
DA:122,0
DA:125,0
DA:126,0
DA:130,0
DA:134,0
DA:141,0
DA:144,0
LF:19
LH:0
BRDA:64,0,0,0
BRDA:108,1,0,0
BRF:2
BRH:0
end_of_record
TN:
SF:src/features/core/handlers.ts
FN:13,getRandomGreetingQuestion
FN:43,showMainMenu
FN:55,(anonymous_11)
FN:70,(anonymous_12)
FN:104,(anonymous_13)
FN:136,(anonymous_14)
FN:142,(anonymous_15)
FN:149,(anonymous_16)
FN:155,(anonymous_17)
FN:162,(anonymous_18)
FN:168,(anonymous_19)
FN:175,registerCommandHandlers
FNF:12
FNH:0
FNDA:0,getRandomGreetingQuestion
FNDA:0,showMainMenu
FNDA:0,(anonymous_11)
FNDA:0,(anonymous_12)
FNDA:0,(anonymous_13)
FNDA:0,(anonymous_14)
FNDA:0,(anonymous_15)
FNDA:0,(anonymous_16)
FNDA:0,(anonymous_17)
FNDA:0,(anonymous_18)
FNDA:0,(anonymous_19)
FNDA:0,registerCommandHandlers
DA:3,0
DA:4,0
DA:5,0
DA:6,0
DA:7,0
DA:13,0
DA:14,0
DA:37,0
DA:43,0
DA:45,0
DA:46,0
DA:55,0
DA:56,0
DA:58,0
DA:60,0
DA:61,0
DA:63,0
DA:70,0
DA:71,0
DA:73,0
DA:76,0
DA:77,0
DA:78,0
DA:81,0
DA:82,0
DA:83,0
DA:84,0
DA:87,0
DA:88,0
DA:89,0
DA:92,0
DA:93,0
DA:94,0
DA:97,0
DA:98,0
DA:104,0
DA:105,0
DA:107,0
DA:128,0
DA:136,0
DA:137,0
DA:139,0
DA:142,0
DA:143,0
DA:149,0
DA:150,0
DA:152,0
DA:155,0
DA:156,0
DA:162,0
DA:163,0
DA:165,0
DA:168,0
DA:169,0
DA:175,0
DA:177,0
DA:178,0
DA:179,0
DA:182,0
DA:183,0
DA:184,0
LF:61
LH:0
BRDA:46,0,0,0
BRDA:46,0,1,0
BRDA:56,1,0,0
BRDA:60,2,0,0
BRDA:60,2,1,0
BRDA:71,3,0,0
BRDA:76,4,0,0
BRDA:81,5,0,0
BRDA:87,6,0,0
BRDA:92,7,0,0
BRDA:105,8,0,0
BRDA:137,9,0,0
BRDA:150,10,0,0
BRDA:163,11,0,0
BRF:14
BRH:0
end_of_record
TN:
SF:src/features/core/index.ts
FN:11,registerCoreHandlers
FN:15,(anonymous_1)
FNF:2
FNH:0
FNDA:0,registerCoreHandlers
FNDA:0,(anonymous_1)
DA:3,0
DA:4,0
DA:5,0
DA:6,0
DA:11,0
DA:12,0
DA:15,0
DA:16,0
DA:17,0
DA:19,0
DA:27,0
DA:28,0
DA:30,0
DA:32,0
LF:14
LH:0
BRDA:17,0,0,0
BRF:1
BRH:0
end_of_record
TN:
SF:src/features/core/keyboards.ts
FNF:0
FNH:0
DA:1,0
DA:3,0
LF:2
LH:0
BRF:0
BRH:0
end_of_record
TN:
SF:src/features/journal-chat/handlers.ts
FN:21,startJournalChatHandler
FN:48,formatResponseWithHTML
FN:67,handleJournalChatInput
FN:78,(anonymous_12)
FN:101,(anonymous_13)
FN:114,(anonymous_14)
FN:129,(anonymous_15)
FN:140,(anonymous_16)
FN:148,(anonymous_17)
FN:166,exitJournalChatHandler
FN:182,downloadTelegramFile
FN:200,(anonymous_20)
FN:203,(anonymous_21)
FN:209,(anonymous_22)
FNF:14
FNH:0
FNDA:0,startJournalChatHandler
FNDA:0,formatResponseWithHTML
FNDA:0,handleJournalChatInput
FNDA:0,(anonymous_12)
FNDA:0,(anonymous_13)
FNDA:0,(anonymous_14)
FNDA:0,(anonymous_15)
FNDA:0,(anonymous_16)
FNDA:0,(anonymous_17)
FNDA:0,exitJournalChatHandler
FNDA:0,downloadTelegramFile
FNDA:0,(anonymous_20)
FNDA:0,(anonymous_21)
FNDA:0,(anonymous_22)
DA:3,0
DA:4,0
DA:5,0
DA:6,0
DA:7,0
DA:8,0
DA:9,0
DA:10,0
DA:11,0
DA:12,0
DA:13,0
DA:16,0
DA:21,0
DA:22,0
DA:24,0
DA:26,0
DA:27,0
DA:30,0
DA:31,0
DA:35,0
DA:36,0
DA:38,0
DA:50,0
DA:53,0
DA:56,0
DA:59,0
DA:61,0
DA:67,0
DA:68,0
DA:70,0
DA:71,0
DA:72,0
DA:74,0
DA:76,0
DA:78,0
DA:80,0
DA:83,0
DA:84,0
DA:87,0
DA:90,0
DA:91,0
DA:92,0
DA:94,0
DA:95,0
DA:98,0
DA:101,0
DA:104,0
DA:105,0
DA:108,0
DA:109,0
DA:110,0
DA:114,0
DA:116,0
DA:117,0
DA:120,0
DA:121,0
DA:125,0
DA:126,0
DA:127,0
DA:128,0
DA:129,0
DA:131,0
DA:132,0
DA:136,0
DA:137,0
DA:139,0
DA:140,0
DA:142,0
DA:146,0
DA:147,0
DA:148,0
DA:150,0
DA:153,0
DA:154,0
DA:155,0
DA:157,0
DA:166,0
DA:167,0
DA:168,0
DA:170,0
DA:171,0
DA:173,0
DA:183,0
DA:184,0
DA:186,0
DA:187,0
DA:190,0
DA:192,0
DA:193,0
DA:194,0
DA:195,0
DA:197,0
DA:200,0
DA:203,0
DA:204,0
DA:205,0
DA:206,0
DA:209,0
DA:210,0
DA:211,0
DA:212,0
DA:213,0
DA:215,0
DA:216,0
DA:217,0
DA:219,0
LF:106
LH:0
BRDA:22,0,0,0
BRDA:26,1,0,0
BRDA:27,2,0,0
BRDA:27,2,1,0
BRDA:38,3,0,0
BRDA:38,3,1,0
BRDA:68,4,0,0
BRDA:68,5,0,0
BRDA:68,5,1,0
BRDA:76,6,0,0
BRDA:76,6,1,0
BRDA:83,7,0,0
BRDA:92,8,0,0
BRDA:104,9,0,0
BRDA:104,9,1,0
BRDA:108,10,0,0
BRDA:125,11,0,0
BRDA:127,12,0,0
BRDA:128,13,0,0
BRDA:128,14,0,0
BRDA:128,14,1,0
BRDA:137,15,0,0
BRDA:137,15,1,0
BRDA:139,16,0,0
BRDA:139,17,0,0
BRDA:139,17,1,0
BRDA:147,18,0,0
BRDA:147,19,0,0
BRDA:147,19,1,0
BRDA:153,20,0,0
BRDA:153,21,0,0
BRDA:153,21,1,0
BRDA:167,22,0,0
BRDA:186,23,0,0
BRDA:190,24,0,0
BRDA:190,24,1,0
BRDA:193,25,0,0
BRDA:204,26,0,0
BRDA:210,27,0,0
BRDA:210,27,1,0
BRDA:211,28,0,0
BRDA:215,29,0,0
BRF:42
BRH:0
end_of_record
TN:
SF:src/features/journal-chat/index.ts
FN:14,registerJournalChatHandlers
FN:19,(anonymous_1)
FN:26,(anonymous_2)
FNF:3
FNH:0
FNDA:0,registerJournalChatHandlers
FNDA:0,(anonymous_1)
FNDA:0,(anonymous_2)
DA:3,0
DA:9,0
DA:11,0
DA:12,0
DA:14,0
DA:16,0
DA:19,0
DA:20,0
DA:21,0
DA:22,0
DA:26,0
DA:27,0
LF:12
LH:0
BRDA:20,0,0,0
BRF:1
BRH:0
end_of_record
TN:
SF:src/features/journal-chat/keyboards.ts
FNF:0
FNH:0
DA:1,0
DA:3,0
LF:2
LH:0
BRF:0
BRH:0
end_of_record
TN:
SF:src/features/journal-entry/handlers.ts
FN:42,processMediaMessage
FN:61,(anonymous_10)
FN:69,(anonymous_11)
FN:80,handleJournalEntryInput
FN:109,(anonymous_13)
FN:113,(anonymous_14)
FN:142,(anonymous_15)
FN:146,(anonymous_16)
FN:179,(anonymous_17)
FN:213,finishJournalEntryHandler
FN:244,(anonymous_19)
FN:281,(anonymous_20)
FN:305,(anonymous_21)
FN:323,analyzeAndSuggestQuestionsHandler
FN:357,(anonymous_23)
FN:364,(anonymous_24)
FN:365,(anonymous_25)
FN:392,(anonymous_26)
FN:434,newEntryHandler
FN:464,cancelJournalEntryHandler
FN:488,downloadTelegramFile
FN:507,handleGoDeeper
FN:537,(anonymous_31)
FN:538,(anonymous_32)
FN:546,(anonymous_33)
FN:585,(anonymous_34)
FN:602,(anonymous_35)
FNF:27
FNH:0
FNDA:0,processMediaMessage
FNDA:0,(anonymous_10)
FNDA:0,(anonymous_11)
FNDA:0,handleJournalEntryInput
FNDA:0,(anonymous_13)
FNDA:0,(anonymous_14)
FNDA:0,(anonymous_15)
FNDA:0,(anonymous_16)
FNDA:0,(anonymous_17)
FNDA:0,finishJournalEntryHandler
FNDA:0,(anonymous_19)
FNDA:0,(anonymous_20)
FNDA:0,(anonymous_21)
FNDA:0,analyzeAndSuggestQuestionsHandler
FNDA:0,(anonymous_23)
FNDA:0,(anonymous_24)
FNDA:0,(anonymous_25)
FNDA:0,(anonymous_26)
FNDA:0,newEntryHandler
FNDA:0,cancelJournalEntryHandler
FNDA:0,downloadTelegramFile
FNDA:0,handleGoDeeper
FNDA:0,(anonymous_31)
FNDA:0,(anonymous_32)
FNDA:0,(anonymous_33)
FNDA:0,(anonymous_34)
FNDA:0,(anonymous_35)
DA:1,0
DA:4,0
DA:5,0
DA:9,0
DA:10,0
DA:11,0
DA:12,0
DA:13,0
DA:14,0
DA:15,0
DA:16,0
DA:17,0
DA:18,0
DA:19,0
DA:20,0
DA:21,0
DA:33,0
DA:48,0
DA:50,0
DA:51,0
DA:52,0
DA:53,0
DA:55,0
DA:56,0
DA:59,0
DA:60,0
DA:61,0
DA:64,0
DA:67,0
DA:68,0
DA:69,0
DA:73,0
DA:80,0
DA:81,0
DA:83,0
DA:85,0
DA:87,0
DA:88,0
DA:89,0
DA:90,0
DA:93,0
DA:94,0
DA:97,0
DA:98,0
DA:99,0
DA:100,0
DA:106,0
DA:109,0
DA:111,0
DA:113,0
DA:115,0
DA:118,0
DA:119,0
DA:122,0
DA:125,0
DA:126,0
DA:128,0
DA:136,0
DA:139,0
DA:142,0
DA:144,0
DA:146,0
DA:149,0
DA:150,0
DA:152,0
DA:153,0
DA:155,0
DA:156,0
DA:157,0
DA:158,0
DA:159,0
DA:161,0
DA:162,0
DA:165,0
DA:173,0
DA:176,0
DA:179,0
DA:182,0
DA:188,0
DA:203,0
DA:213,0
DA:214,0
DA:215,0
DA:216,0
DA:217,0
DA:218,0
DA:221,0
DA:222,0
DA:224,0
DA:225,0
DA:226,0
DA:227,0
DA:228,0
DA:229,0
DA:232,0
DA:234,0
DA:235,0
DA:236,0
DA:237,0
DA:239,0
DA:244,0
DA:245,0
DA:246,0
DA:247,0
DA:248,0
DA:251,0
DA:253,0
DA:259,0
DA:265,0
DA:268,0
DA:273,0
DA:274,0
DA:277,0
DA:278,0
DA:280,0
DA:281,0
DA:283,0
DA:284,0
DA:286,0
DA:287,0
DA:290,0
DA:305,0
DA:306,0
DA:309,0
DA:310,0
DA:312,0
DA:315,0
DA:316,0
DA:323,0
DA:324,0
DA:325,0
DA:326,0
DA:327,0
DA:330,0
DA:331,0
DA:332,0
DA:334,0
DA:335,0
DA:336,0
DA:337,0
DA:338,0
DA:339,0
DA:343,0
DA:344,0
DA:345,0
DA:348,0
DA:351,0
DA:353,0
DA:354,0
DA:356,0
DA:357,0
DA:358,0
DA:362,0
DA:364,0
DA:365,0
DA:366,0
DA:371,0
DA:376,0
DA:391,0
DA:392,0
DA:393,0
DA:397,0
DA:409,0
DA:424,0
DA:434,0
DA:435,0
DA:436,0
DA:437,0
DA:438,0
DA:443,0
DA:454,0
DA:457,0
DA:464,0
DA:466,0
DA:469,0
DA:470,0
DA:471,0
DA:476,0
DA:478,0
DA:479,0
DA:480,0
DA:484,0
DA:489,0
DA:490,0
DA:491,0
DA:492,0
DA:494,0
DA:495,0
DA:497,0
DA:498,0
DA:499,0
DA:500,0
DA:501,0
DA:507,0
DA:508,0
DA:509,0
DA:512,0
DA:513,0
DA:516,0
DA:517,0
DA:518,0
DA:520,0
DA:521,0
DA:522,0
DA:525,0
DA:526,0
DA:530,0
DA:533,0
DA:536,0
DA:537,0
DA:539,0
DA:540,0
DA:541,0
DA:542,0
DA:544,0
DA:546,0
DA:550,0
DA:551,0
DA:554,0
DA:563,0
DA:569,0
DA:572,0
DA:580,0
DA:581,0
DA:584,0
DA:585,0
DA:588,0
DA:595,0
DA:596,0
DA:600,0
DA:601,0
DA:602,0
DA:605,0
DA:607,0
DA:612,0
DA:627,0
DA:630,0
LF:237
LH:0
BRDA:53,0,0,0
BRDA:59,1,0,0
BRDA:67,2,0,0
BRDA:81,3,0,0
BRDA:81,4,0,0
BRDA:81,4,1,0
BRDA:81,4,2,0
BRDA:87,5,0,0
BRDA:87,6,0,0
BRDA:87,6,1,0
BRDA:99,7,0,0
BRDA:99,7,1,0
BRDA:104,8,0,0
BRDA:104,8,1,0
BRDA:111,9,0,0
BRDA:111,9,1,0
BRDA:111,10,0,0
BRDA:111,10,1,0
BRDA:118,11,0,0
BRDA:144,12,0,0
BRDA:144,12,1,0
BRDA:144,13,0,0
BRDA:144,13,1,0
BRDA:144,13,2,0
BRDA:144,13,3,0
BRDA:149,14,0,0
BRDA:149,14,1,0
BRDA:149,15,0,0
BRDA:149,15,1,0
BRDA:150,16,0,0
BRDA:189,17,0,0
BRDA:189,17,1,0
BRDA:196,18,0,0
BRDA:196,18,1,0
BRDA:196,19,0,0
BRDA:196,19,1,0
BRDA:198,20,0,0
BRDA:198,20,1,0
BRDA:214,21,0,0
BRDA:224,22,0,0
BRDA:236,23,0,0
BRDA:244,24,0,0
BRDA:251,25,0,0
BRDA:251,25,1,0
BRDA:265,26,0,0
BRDA:265,26,1,0
BRDA:273,27,0,0
BRDA:273,27,1,0
BRDA:274,28,0,0
BRDA:274,28,1,0
BRDA:281,29,0,0
BRDA:291,30,0,0
BRDA:291,30,1,0
BRDA:299,31,0,0
BRDA:299,31,1,0
BRDA:305,32,0,0
BRDA:324,33,0,0
BRDA:334,34,0,0
BRDA:344,35,0,0
BRDA:356,36,0,0
BRDA:362,37,0,0
BRDA:362,37,1,0
BRDA:362,38,0,0
BRDA:362,38,1,0
BRDA:377,39,0,0
BRDA:377,39,1,0
BRDA:385,40,0,0
BRDA:385,40,1,0
BRDA:391,41,0,0
BRDA:410,42,0,0
BRDA:410,42,1,0
BRDA:418,43,0,0
BRDA:418,43,1,0
BRDA:437,44,0,0
BRDA:437,44,1,0
BRDA:438,45,0,0
BRDA:438,45,1,0
BRDA:444,46,0,0
BRDA:444,46,1,0
BRDA:449,47,0,0
BRDA:449,47,1,0
BRDA:466,48,0,0
BRDA:466,48,1,0
BRDA:478,49,0,0
BRDA:491,50,0,0
BRDA:494,51,0,0
BRDA:494,51,1,0
BRDA:494,52,0,0
BRDA:494,52,1,0
BRDA:498,53,0,0
BRDA:508,54,0,0
BRDA:509,55,0,0
BRDA:509,55,1,0
BRDA:520,56,0,0
BRDA:539,57,0,0
BRDA:539,57,1,0
BRDA:540,58,0,0
BRDA:540,58,1,0
BRDA:541,59,0,0
BRDA:541,60,0,0
BRDA:541,60,1,0
BRDA:542,61,0,0
BRDA:542,61,1,0
BRDA:550,62,0,0
BRDA:550,62,1,0
BRDA:551,63,0,0
BRDA:551,63,1,0
BRDA:569,64,0,0
BRDA:569,64,1,0
BRDA:595,65,0,0
BRDA:601,66,0,0
BRDA:613,67,0,0
BRDA:613,67,1,0
BRDA:621,68,0,0
BRDA:621,68,1,0
BRF:115
BRH:0
end_of_record
TN:
SF:src/features/journal-entry/index.ts
FN:22,registerJournalEntryHandlers
FN:25,(anonymous_1)
FN:76,(anonymous_2)
FN:83,(anonymous_3)
FN:90,(anonymous_4)
FN:99,(anonymous_5)
FN:105,(anonymous_6)
FN:112,(anonymous_7)
FN:119,(anonymous_8)
FNF:9
FNH:0
FNDA:0,registerJournalEntryHandlers
FNDA:0,(anonymous_1)
FNDA:0,(anonymous_2)
FNDA:0,(anonymous_3)
FNDA:0,(anonymous_4)
FNDA:0,(anonymous_5)
FNDA:0,(anonymous_6)
FNDA:0,(anonymous_7)
FNDA:0,(anonymous_8)
DA:3,0
DA:11,0
DA:12,0
DA:15,0
DA:16,0
DA:17,0
DA:18,0
DA:19,0
DA:20,0
DA:22,0
DA:25,0
DA:26,0
DA:31,0
DA:32,0
DA:33,0
DA:37,0
DA:40,0
DA:41,0
DA:44,0
DA:47,0
DA:48,0
DA:49,0
DA:50,0
DA:53,0
DA:54,0
DA:55,0
DA:56,0
DA:59,0
DA:60,0
DA:61,0
DA:62,0
DA:67,0
DA:68,0
DA:71,0
DA:76,0
DA:77,0
DA:78,0
DA:79,0
DA:80,0
DA:83,0
DA:84,0
DA:85,0
DA:86,0
DA:87,0
DA:90,0
DA:91,0
DA:92,0
DA:93,0
DA:94,0
DA:99,0
DA:100,0
DA:101,0
DA:102,0
DA:105,0
DA:106,0
DA:107,0
DA:108,0
DA:109,0
DA:112,0
DA:113,0
DA:114,0
DA:115,0
DA:116,0
DA:119,0
DA:120,0
DA:121,0
DA:122,0
DA:123,0
LF:68
LH:0
BRDA:26,0,0,0
BRDA:26,0,1,0
BRDA:31,1,0,0
BRDA:31,2,0,0
BRDA:31,2,1,0
BRDA:31,2,2,0
BRDA:31,2,3,0
BRDA:37,3,0,0
BRDA:40,4,0,0
BRDA:40,5,0,0
BRDA:40,5,1,0
BRDA:40,5,2,0
BRDA:47,6,0,0
BRDA:47,7,0,0
BRDA:47,7,1,0
BRDA:53,8,0,0
BRDA:59,9,0,0
BRDA:78,10,0,0
BRDA:85,11,0,0
BRDA:92,12,0,0
BRDA:100,13,0,0
BRDA:106,14,0,0
BRDA:113,15,0,0
BRDA:120,16,0,0
BRF:24
BRH:0
end_of_record
TN:
SF:src/features/journal-entry/keyboards.ts
FNF:0
FNH:0
DA:1,0
DA:3,0
LF:2
LH:0
BRF:0
BRH:0
end_of_record
TN:
SF:src/features/journal-entry/utils.ts
FN:8,sendTranscriptionReply
FN:30,extractFullText
FN:39,(anonymous_2)
FN:51,(anonymous_3)
FN:61,sanitizeHtmlForTelegram
FNF:5
FNH:0
FNDA:0,sendTranscriptionReply
FNDA:0,extractFullText
FNDA:0,(anonymous_2)
FNDA:0,(anonymous_3)
FNDA:0,sanitizeHtmlForTelegram
DA:2,0
DA:3,0
DA:8,0
DA:16,0
DA:17,0
DA:20,0
DA:30,0
DA:32,0
DA:34,0
DA:35,0
DA:38,0
DA:39,0
DA:40,0
DA:42,0
DA:43,0
DA:44,0
DA:45,0
DA:46,0
DA:47,0
DA:50,0
DA:51,0
DA:53,0
DA:61,0
DA:62,0
LF:24
LH:0
BRDA:16,0,0,0
BRDA:16,1,0,0
BRDA:16,1,1,0
BRDA:23,2,0,0
BRDA:23,2,1,0
BRDA:32,3,0,0
BRDA:32,4,0,0
BRDA:32,4,1,0
BRDA:32,4,2,0
BRDA:42,5,0,0
BRDA:42,5,1,0
BRDA:43,6,0,0
BRDA:43,6,1,0
BRDA:44,7,0,0
BRDA:44,7,1,0
BRDA:45,8,0,0
BRDA:45,8,1,0
BRDA:46,9,0,0
BRDA:47,10,0,0
BRDA:47,10,1,0
BRF:20
BRH:0
end_of_record
TN:
SF:src/features/journal-history/handlers.ts
FN:11,getUserIdString
FN:26,showJournalHistoryHandler
FN:49,viewJournalEntryHandler
FN:57,(anonymous_3)
FN:67,(anonymous_4)
FN:81,(anonymous_5)
FN:114,(anonymous_6)
FN:117,(anonymous_7)
FN:126,showJournalHistoryCallbackHandler
FNF:9
FNH:0
FNDA:0,getUserIdString
FNDA:0,showJournalHistoryHandler
FNDA:0,viewJournalEntryHandler
FNDA:0,(anonymous_3)
FNDA:0,(anonymous_4)
FNDA:0,(anonymous_5)
FNDA:0,(anonymous_6)
FNDA:0,(anonymous_7)
FNDA:0,showJournalHistoryCallbackHandler
DA:1,0
DA:2,0
DA:5,0
DA:7,0
DA:8,0
DA:12,0
DA:13,0
DA:14,0
DA:15,0
DA:17,0
DA:18,0
DA:26,0
DA:27,0
DA:29,0
DA:30,0
DA:35,0
DA:38,0
DA:39,0
DA:49,0
DA:50,0
DA:51,0
DA:53,0
DA:54,0
DA:55,0
DA:57,0
DA:58,0
DA:62,0
DA:63,0
DA:64,0
DA:65,0
DA:66,0
DA:67,0
DA:68,0
DA:71,0
DA:73,0
DA:74,0
DA:76,0
DA:77,0
DA:79,0
DA:80,0
DA:81,0
DA:84,0
DA:89,0
DA:90,0
DA:91,0
DA:92,0
DA:93,0
DA:95,0
DA:96,0
DA:97,0
DA:100,0
DA:103,0
DA:111,0
DA:112,0
DA:113,0
DA:114,0
DA:116,0
DA:117,0
DA:126,0
DA:127,0
DA:128,0
DA:130,0
DA:131,0
DA:136,0
DA:139,0
DA:140,0
LF:66
LH:0
BRDA:12,0,0,0
BRDA:12,0,1,0
BRDA:14,1,0,0
BRDA:14,1,1,0
BRDA:14,2,0,0
BRDA:14,2,1,0
BRDA:29,3,0,0
BRDA:30,4,0,0
BRDA:30,4,1,0
BRDA:39,5,0,0
BRDA:39,5,1,0
BRDA:54,6,0,0
BRDA:64,7,0,0
BRDA:76,8,0,0
BRDA:76,8,1,0
BRDA:77,9,0,0
BRDA:79,10,0,0
BRDA:79,10,1,0
BRDA:79,11,0,0
BRDA:79,11,1,0
BRDA:81,12,0,0
BRDA:81,12,1,0
BRDA:81,12,2,0
BRDA:90,13,0,0
BRDA:90,13,1,0
BRDA:91,14,0,0
BRDA:91,14,1,0
BRDA:96,15,0,0
BRDA:112,16,0,0
BRDA:112,16,1,0
BRDA:112,17,0,0
BRDA:112,17,1,0
BRDA:130,18,0,0
BRDA:131,19,0,0
BRDA:131,19,1,0
BRDA:140,20,0,0
BRDA:140,20,1,0
BRF:37
BRH:0
end_of_record
TN:
SF:src/features/journal-history/index.ts
FN:14,registerJournalHistoryHandlers
FN:17,(anonymous_1)
FN:24,(anonymous_2)
FN:31,(anonymous_3)
FNF:4
FNH:0
FNDA:0,registerJournalHistoryHandlers
FNDA:0,(anonymous_1)
FNDA:0,(anonymous_2)
FNDA:0,(anonymous_3)
DA:3,0
DA:8,0
DA:10,0
DA:11,0
DA:12,0
DA:14,0
DA:17,0
DA:18,0
DA:19,0
DA:20,0
DA:24,0
DA:25,0
DA:26,0
DA:27,0
DA:28,0
DA:31,0
DA:32,0
DA:33,0
DA:34,0
LF:19
LH:0
BRDA:18,0,0,0
BRDA:25,1,0,0
BRDA:25,2,0,0
BRDA:25,2,1,0
BRDA:32,3,0,0
BRF:5
BRH:0
end_of_record
TN:
SF:src/features/journal-history/keyboards.ts
FN:7,createJournalHistoryKeyboard
FN:11,(anonymous_1)
FN:22,(anonymous_2)
FN:40,createViewEntryKeyboard
FNF:4
FNH:0
FNDA:0,createJournalHistoryKeyboard
FNDA:0,(anonymous_1)
FNDA:0,(anonymous_2)
FNDA:0,createViewEntryKeyboard
DA:1,0
DA:2,0
DA:7,0
DA:8,0
DA:11,0
DA:12,0
DA:14,0
DA:16,0
DA:17,0
DA:18,0
DA:19,0
DA:21,0
DA:22,0
DA:23,0
DA:24,0
DA:28,0
DA:32,0
DA:34,0
DA:40,0
DA:41,0
LF:20
LH:0
BRDA:17,0,0,0
BRDA:17,0,1,0
BRDA:18,1,0,0
BRDA:18,1,1,0
BRDA:19,2,0,0
BRDA:19,3,0,0
BRDA:19,3,1,0
BRDA:22,4,0,0
BRDA:22,4,1,0
BRDA:23,5,0,0
BRDA:24,6,0,0
BRDA:24,6,1,0
BRF:12
BRH:0
end_of_record
TN:
SF:src/features/onboarding/constants.ts
FNF:0
FNH:0
DA:1,0
DA:9,0
LF:2
LH:0
BRF:0
BRH:0
end_of_record
TN:
SF:src/features/onboarding/handlers.ts
FN:17,extractInterestingFacts
FN:29,(anonymous_10)
FN:38,(anonymous_11)
FN:87,(anonymous_12)
FN:88,(anonymous_13)
FN:89,(anonymous_14)
FN:90,(anonymous_15)
FN:91,(anonymous_16)
FN:112,createStorytelling
FN:147,generateWelcomeGuide
FN:164,generatePersonalizedBioSummary
FN:170,handleOnboarding
FN:246,(anonymous_21)
FN:254,(anonymous_22)
FN:258,(anonymous_23)
FN:311,startOnboarding
FN:330,processMediaForBio
FNF:17
FNH:0
FNDA:0,extractInterestingFacts
FNDA:0,(anonymous_10)
FNDA:0,(anonymous_11)
FNDA:0,(anonymous_12)
FNDA:0,(anonymous_13)
FNDA:0,(anonymous_14)
FNDA:0,(anonymous_15)
FNDA:0,(anonymous_16)
FNDA:0,createStorytelling
FNDA:0,generateWelcomeGuide
FNDA:0,generatePersonalizedBioSummary
FNDA:0,handleOnboarding
FNDA:0,(anonymous_21)
FNDA:0,(anonymous_22)
FNDA:0,(anonymous_23)
FNDA:0,startOnboarding
FNDA:0,processMediaForBio
DA:1,0
DA:4,0
DA:5,0
DA:6,0
DA:7,0
DA:8,0
DA:9,0
DA:10,0
DA:11,0
DA:12,0
DA:13,0
DA:19,0
DA:20,0
DA:23,0
DA:26,0
DA:30,0
DA:31,0
DA:39,0
DA:41,0
DA:65,0
DA:66,0
DA:68,0
DA:69,0
DA:70,0
DA:71,0
DA:72,0
DA:78,0
DA:79,0
DA:80,0
DA:81,0
DA:82,0
DA:83,0
DA:86,0
DA:87,0
DA:88,0
DA:89,0
DA:90,0
DA:91,0
DA:95,0
DA:96,0
DA:97,0
DA:102,0
DA:103,0
DA:108,0
DA:113,0
DA:114,0
DA:117,0
DA:119,0
DA:122,0
DA:123,0
DA:126,0
DA:129,0
DA:132,0
DA:133,0
DA:136,0
DA:137,0
DA:140,0
DA:142,0
DA:148,0
DA:165,0
DA:166,0
DA:170,0
DA:171,0
DA:173,0
DA:175,0
DA:177,0
DA:179,0
DA:180,0
DA:181,0
DA:183,0
DA:184,0
DA:185,0
DA:189,0
DA:192,0
DA:193,0
DA:194,0
DA:196,0
DA:197,0
DA:198,0
DA:202,0
DA:205,0
DA:206,0
DA:207,0
DA:209,0
DA:210,0
DA:211,0
DA:215,0
DA:218,0
DA:219,0
DA:220,0
DA:222,0
DA:223,0
DA:224,0
DA:227,0
DA:230,0
DA:234,0
DA:235,0
DA:236,0
DA:237,0
DA:239,0
DA:240,0
DA:242,0
DA:246,0
DA:248,0
DA:250,0
DA:251,0
DA:254,0
DA:257,0
DA:258,0
DA:260,0
DA:263,0
DA:264,0
DA:265,0
DA:267,0
DA:269,0
DA:270,0
DA:274,0
DA:275,0
DA:276,0
DA:277,0
DA:278,0
DA:281,0
DA:284,0
DA:287,0
DA:289,0
DA:292,0
DA:293,0
DA:296,0
DA:297,0
DA:301,0
DA:302,0
DA:303,0
DA:311,0
DA:312,0
DA:314,0
DA:317,0
DA:321,0
DA:335,0
DA:336,0
DA:338,0
DA:339,0
DA:342,0
DA:343,0
DA:345,0
DA:346,0
DA:349,0
DA:350,0
DA:353,0
DA:354,0
DA:355,0
DA:358,0
DA:359,0
DA:361,0
DA:363,0
DA:364,0
DA:367,0
LF:156
LH:0
BRDA:19,0,0,0
BRDA:19,1,0,0
BRDA:19,1,1,0
BRDA:31,2,0,0
BRDA:31,2,1,0
BRDA:31,3,0,0
BRDA:31,3,1,0
BRDA:39,4,0,0
BRDA:39,4,1,0
BRDA:41,5,0,0
BRDA:41,5,1,0
BRDA:41,6,0,0
BRDA:41,6,1,0
BRDA:66,7,0,0
BRDA:68,8,0,0
BRDA:68,8,1,0
BRDA:70,9,0,0
BRDA:71,10,0,0
BRDA:78,11,0,0
BRDA:81,12,0,0
BRDA:81,12,1,0
BRDA:82,13,0,0
BRDA:82,13,1,0
BRDA:83,14,0,0
BRDA:83,14,1,0
BRDA:90,15,0,0
BRDA:90,15,1,0
BRDA:91,16,0,0
BRDA:91,16,1,0
BRDA:96,17,0,0
BRDA:102,18,0,0
BRDA:113,19,0,0
BRDA:113,20,0,0
BRDA:113,20,1,0
BRDA:132,21,0,0
BRDA:136,22,0,0
BRDA:166,23,0,0
BRDA:166,23,1,0
BRDA:171,24,0,0
BRDA:171,25,0,0
BRDA:171,25,1,0
BRDA:175,26,0,0
BRDA:175,26,1,0
BRDA:177,27,0,0
BRDA:177,27,1,0
BRDA:177,27,2,0
BRDA:177,27,3,0
BRDA:177,27,4,0
BRDA:177,27,5,0
BRDA:179,28,0,0
BRDA:192,29,0,0
BRDA:192,30,0,0
BRDA:192,30,1,0
BRDA:205,31,0,0
BRDA:205,32,0,0
BRDA:205,32,1,0
BRDA:218,33,0,0
BRDA:237,34,0,0
BRDA:237,34,1,0
BRDA:237,34,2,0
BRDA:239,35,0,0
BRDA:239,35,1,0
BRDA:240,36,0,0
BRDA:250,37,0,0
BRDA:250,37,1,0
BRDA:267,38,0,0
BRDA:275,39,0,0
BRDA:287,40,0,0
BRDA:287,40,1,0
BRDA:287,41,0,0
BRDA:287,41,1,0
BRDA:287,42,0,0
BRDA:287,42,1,0
BRDA:287,43,0,0
BRDA:287,43,1,0
BRDA:292,44,0,0
BRDA:292,44,1,0
BRDA:312,45,0,0
BRDA:338,46,0,0
BRDA:345,47,0,0
BRDA:349,48,0,0
BRDA:349,48,1,0
BRDA:349,49,0,0
BRDA:349,49,1,0
BRDA:354,50,0,0
BRF:85
BRH:0
end_of_record
TN:
SF:src/features/onboarding/index.ts
FN:6,registerOnboardingHandlers
FN:8,(anonymous_1)
FNF:2
FNH:0
FNDA:0,registerOnboardingHandlers
FNDA:0,(anonymous_1)
DA:3,0
DA:4,0
DA:6,0
DA:8,0
DA:10,0
DA:12,0
DA:13,0
DA:20,0
DA:23,0
LF:9
LH:0
BRDA:10,0,0,0
BRDA:10,0,1,0
BRDA:12,1,0,0
BRF:3
BRH:0
end_of_record
TN:
SF:src/features/onboarding/keyboards.ts
FN:5,(anonymous_0)
FN:9,(anonymous_1)
FNF:2
FNH:0
FNDA:0,(anonymous_0)
FNDA:0,(anonymous_1)
DA:1,0
DA:2,0
DA:4,0
DA:5,0
DA:6,0
DA:8,0
DA:9,0
DA:10,0
LF:8
LH:0
BRF:0
BRH:0
end_of_record
TN:
SF:src/features/onboarding/utils.ts
FN:3,isValidAgeRange
FN:7,isValidGender
FNF:2
FNH:0
FNDA:0,isValidAgeRange
FNDA:0,isValidGender
DA:1,0
DA:3,0
DA:4,0
DA:7,0
DA:8,0
LF:5
LH:0
BRF:0
BRH:0
end_of_record
TN:
SF:src/features/settings/handlers.ts
FN:14,formatSettingsText
FN:40,showSettingsHandler
FN:51,toggleNotificationsHandler
FN:76,toggleTranscriptionsHandler
FN:107,toggleLanguageHandler
FN:130,setNotificationTimeHandler
FN:157,handleNotificationTimeInput
FN:213,setTimezoneHandler
FN:248,(anonymous_8)
FN:268,handleTimezoneInput
FN:343,isValidTimezone
FNF:11
FNH:0
FNDA:0,formatSettingsText
FNDA:0,showSettingsHandler
FNDA:0,toggleNotificationsHandler
FNDA:0,toggleTranscriptionsHandler
FNDA:0,toggleLanguageHandler
FNDA:0,setNotificationTimeHandler
FNDA:0,handleNotificationTimeInput
FNDA:0,setTimezoneHandler
FNDA:0,(anonymous_8)
FNDA:0,handleTimezoneInput
FNDA:0,isValidTimezone
DA:1,0
DA:4,0
DA:5,0
DA:6,0
DA:7,0
DA:8,0
DA:9,0
DA:15,0
DA:18,0
DA:19,0
DA:20,0
DA:21,0
DA:22,0
DA:25,0
DA:26,0
DA:27,0
DA:29,0
DA:40,0
DA:41,0
DA:42,0
DA:51,0
DA:52,0
DA:53,0
DA:54,0
DA:58,0
DA:60,0
DA:62,0
DA:63,0
DA:68,0
DA:69,0
DA:76,0
DA:77,0
DA:78,0
DA:80,0
DA:81,0
DA:84,0
DA:87,0
DA:91,0
DA:93,0
DA:94,0
DA:99,0
DA:100,0
DA:107,0
DA:108,0
DA:109,0
DA:110,0
DA:112,0
DA:114,0
DA:116,0
DA:117,0
DA:122,0
DA:123,0
DA:130,0
DA:131,0
DA:134,0
DA:135,0
DA:139,0
DA:140,0
DA:141,0
DA:144,0
DA:148,0
DA:157,0
DA:158,0
DA:160,0
DA:163,0
DA:164,0
DA:166,0
DA:167,0
DA:169,0
DA:172,0
DA:180,0
DA:181,0
DA:183,0
DA:186,0
DA:187,0
DA:189,0
DA:190,0
DA:193,0
DA:194,0
DA:196,0
DA:197,0
DA:198,0
DA:199,0
DA:201,0
DA:202,0
DA:203,0
DA:204,0
DA:206,0
DA:213,0
DA:214,0
DA:217,0
DA:218,0
DA:222,0
DA:225,0
DA:239,0
DA:242,0
DA:243,0
DA:247,0
DA:248,0
DA:249,0
DA:250,0
DA:251,0
DA:253,0
DA:257,0
DA:259,0
DA:268,0
DA:270,0
DA:271,0
DA:275,0
DA:276,0
DA:277,0
DA:280,0
DA:283,0
DA:284,0
DA:285,0
DA:287,0
DA:288,0
DA:289,0
DA:293,0
DA:294,0
DA:295,0
DA:296,0
DA:300,0
DA:302,0
DA:304,0
DA:306,0
DA:313,0
DA:315,0
DA:316,0
DA:318,0
DA:321,0
DA:322,0
DA:323,0
DA:324,0
DA:328,0
DA:330,0
DA:333,0
DA:334,0
DA:335,0
DA:336,0
DA:338,0
DA:344,0
DA:346,0
DA:347,0
DA:349,0
DA:354,0
LF:146
LH:0
BRDA:15,0,0,0
BRDA:15,0,1,0
BRDA:19,1,0,0
BRDA:20,2,0,0
BRDA:20,2,1,0
BRDA:25,3,0,0
BRDA:25,3,1,0
BRDA:26,4,0,0
BRDA:26,4,1,0
BRDA:27,5,0,0
BRDA:27,5,1,0
BRDA:60,6,0,0
BRDA:91,7,0,0
BRDA:110,8,0,0
BRDA:110,8,1,0
BRDA:114,9,0,0
BRDA:134,10,0,0
BRDA:139,11,0,0
BRDA:141,12,0,0
BRDA:141,12,1,0
BRDA:158,13,0,0
BRDA:158,14,0,0
BRDA:158,14,1,0
BRDA:158,14,2,0
BRDA:166,15,0,0
BRDA:166,15,1,0
BRDA:166,16,0,0
BRDA:166,16,1,0
BRDA:169,17,0,0
BRDA:169,17,1,0
BRDA:181,18,0,0
BRDA:189,19,0,0
BRDA:201,20,0,0
BRDA:201,20,1,0
BRDA:217,21,0,0
BRDA:242,22,0,0
BRDA:242,23,0,0
BRDA:242,23,1,0
BRDA:249,24,0,0
BRDA:249,25,0,0
BRDA:249,25,1,0
BRDA:270,26,0,0
BRDA:270,27,0,0
BRDA:270,27,1,0
BRDA:270,27,2,0
BRDA:275,28,0,0
BRDA:283,29,0,0
BRDA:284,30,0,0
BRDA:294,31,0,0
BRDA:304,32,0,0
BRDA:304,32,1,0
BRDA:315,33,0,0
BRDA:321,34,0,0
BRDA:323,35,0,0
BRDA:335,36,0,0
BRF:55
BRH:0
end_of_record
TN:
SF:src/features/settings/index.ts
FN:22,registerSettingsHandlers
FN:25,(anonymous_1)
FN:43,(anonymous_2)
FN:50,(anonymous_3)
FN:56,(anonymous_4)
FN:61,(anonymous_5)
FN:66,(anonymous_6)
FN:72,(anonymous_7)
FNF:8
FNH:0
FNDA:0,registerSettingsHandlers
FNDA:0,(anonymous_1)
FNDA:0,(anonymous_2)
FNDA:0,(anonymous_3)
FNDA:0,(anonymous_4)
FNDA:0,(anonymous_5)
FNDA:0,(anonymous_6)
FNDA:0,(anonymous_7)
DA:3,0
DA:13,0
DA:15,0
DA:16,0
DA:17,0
DA:18,0
DA:19,0
DA:20,0
DA:22,0
DA:25,0
DA:26,0
DA:28,0
DA:29,0
DA:30,0
DA:31,0
DA:33,0
DA:34,0
DA:35,0
DA:38,0
DA:43,0
DA:44,0
DA:45,0
DA:46,0
DA:50,0
DA:51,0
DA:52,0
DA:53,0
DA:56,0
DA:58,0
DA:61,0
DA:63,0
DA:66,0
DA:67,0
DA:68,0
DA:69,0
DA:72,0
DA:73,0
DA:74,0
DA:75,0
LF:39
LH:0
BRDA:26,0,0,0
BRDA:26,0,1,0
BRDA:28,1,0,0
BRDA:31,2,0,0
BRDA:31,2,1,0
BRDA:33,3,0,0
BRDA:44,4,0,0
BRDA:51,5,0,0
BRDA:67,6,0,0
BRDA:73,7,0,0
BRF:10
BRH:0
end_of_record
TN:
SF:src/features/settings/keyboards.ts
FN:8,createSettingsKeyboard
FNF:1
FNH:0
FNDA:0,createSettingsKeyboard
DA:1,0
DA:8,0
DA:9,0
LF:3
LH:0
BRDA:10,0,0,0
BRDA:10,0,1,0
BRDA:16,1,0,0
BRDA:16,1,1,0
BRDA:18,2,0,0
BRDA:18,2,1,0
BRF:6
BRH:0
end_of_record
TN:
SF:src/services/error.service.ts
FN:13,(anonymous_0)
FN:56,(anonymous_1)
FN:86,(anonymous_2)
FNF:3
FNH:0
FNDA:0,(anonymous_0)
FNDA:0,(anonymous_1)
FNDA:0,(anonymous_2)
DA:2,0
DA:3,0
DA:9,0
DA:18,0
DA:19,0
DA:25,0
DA:26,0
DA:33,0
DA:34,0
DA:43,0
DA:44,0
DA:45,0
DA:46,0
DA:48,0
DA:62,0
DA:69,0
DA:72,0
DA:73,0
DA:76,0
DA:88,0
DA:90,0
DA:91,0
DA:93,0
DA:94,0
DA:96,0
DA:97,0
DA:99,0
DA:100,0
DA:102,0
DA:103,0
DA:105,0
DA:106,0
DA:108,0
DA:109,0
DA:114,0
DA:119,0
LF:36
LH:0
BRDA:16,0,0,0
BRDA:25,1,0,0
BRDA:33,2,0,0
BRDA:43,3,0,0
BRDA:43,3,1,0
BRDA:45,4,0,0
BRDA:45,4,1,0
BRDA:90,5,0,0
BRDA:91,6,0,0
BRDA:91,6,1,0
BRDA:91,6,2,0
BRDA:91,6,3,0
BRDA:91,6,4,0
BRDA:91,6,5,0
BRDA:99,7,0,0
BRDA:99,7,1,0
BRF:16
BRH:0
end_of_record
TN:
SF:src/services/journal-entry.service.ts
FN:27,handleServiceError
FN:53,createEntry
FN:57,(anonymous_2)
FN:66,getOrCreateActiveEntry
FN:70,(anonymous_4)
FN:87,getEntryById
FN:91,(anonymous_6)
FN:103,addTextMessage
FN:113,(anonymous_8)
FN:139,addVoiceMessage
FN:151,(anonymous_10)
FN:179,addVideoMessage
FN:191,(anonymous_12)
FN:214,updateEntryFullText
FN:218,(anonymous_14)
FN:229,(anonymous_15)
FN:237,(anonymous_16)
FN:253,completeEntry
FN:261,(anonymous_18)
FN:287,generateQuestionsForEntry
FN:324,updateEntryAnalysisAndQuestions
FN:332,(anonymous_21)
FN:346,validateEntryBelongsToUser
FN:353,(anonymous_23)
FN:378,generateAndStoreAnalysis
FN:383,(anonymous_25)
FN:408,generateAndStoreQuestions
FN:413,(anonymous_27)
FNF:28
FNH:0
FNDA:0,handleServiceError
FNDA:0,createEntry
FNDA:0,(anonymous_2)
FNDA:0,getOrCreateActiveEntry
FNDA:0,(anonymous_4)
FNDA:0,getEntryById
FNDA:0,(anonymous_6)
FNDA:0,addTextMessage
FNDA:0,(anonymous_8)
FNDA:0,addVoiceMessage
FNDA:0,(anonymous_10)
FNDA:0,addVideoMessage
FNDA:0,(anonymous_12)
FNDA:0,updateEntryFullText
FNDA:0,(anonymous_14)
FNDA:0,(anonymous_15)
FNDA:0,(anonymous_16)
FNDA:0,completeEntry
FNDA:0,(anonymous_18)
FNDA:0,generateQuestionsForEntry
FNDA:0,updateEntryAnalysisAndQuestions
FNDA:0,(anonymous_21)
FNDA:0,validateEntryBelongsToUser
FNDA:0,(anonymous_23)
FNDA:0,generateAndStoreAnalysis
FNDA:0,(anonymous_25)
FNDA:0,generateAndStoreQuestions
FNDA:0,(anonymous_27)
DA:1,0
DA:2,0
DA:3,0
DA:4,0
DA:5,0
DA:18,0
DA:32,0
DA:33,0
DA:35,0
DA:44,0
DA:53,0
DA:54,0
DA:57,0
DA:66,0
DA:67,0
DA:71,0
DA:73,0
DA:74,0
DA:77,0
DA:87,0
DA:88,0
DA:91,0
DA:103,0
DA:109,0
DA:110,0
DA:114,0
DA:122,0
DA:123,0
DA:124,0
DA:139,0
DA:147,0
DA:148,0
DA:152,0
DA:162,0
DA:163,0
DA:164,0
DA:179,0
DA:187,0
DA:188,0
DA:192,0
DA:202,0
DA:203,0
DA:204,0
DA:214,0
DA:215,0
DA:220,0
DA:221,0
DA:222,0
DA:226,0
DA:228,0
DA:230,0
DA:231,0
DA:232,0
DA:233,0
DA:235,0
DA:237,0
DA:240,0
DA:241,0
DA:253,0
DA:258,0
DA:262,0
DA:264,0
DA:265,0
DA:266,0
DA:268,0
DA:269,0
DA:271,0
DA:273,0
DA:274,0
DA:276,0
DA:287,0
DA:291,0
DA:292,0
DA:293,0
DA:294,0
DA:297,0
DA:298,0
DA:300,0
DA:302,0
DA:313,0
DA:324,0
DA:329,0
DA:333,0
DA:334,0
DA:335,0
DA:346,0
DA:350,0
DA:354,0
DA:355,0
DA:356,0
DA:358,0
DA:359,0
DA:360,0
DA:366,0
DA:378,0
DA:379,0
DA:380,0
DA:384,0
DA:385,0
DA:386,0
DA:388,0
DA:389,0
DA:390,0
DA:391,0
DA:394,0
DA:395,0
DA:396,0
DA:408,0
DA:409,0
DA:410,0
DA:414,0
DA:415,0
DA:416,0
DA:418,0
DA:419,0
DA:420,0
DA:421,0
DA:424,0
DA:425,0
DA:426,0
LF:120
LH:0
BRDA:39,0,0,0
BRDA:39,0,1,0
BRDA:73,1,0,0
BRDA:221,2,0,0
BRDA:226,3,0,0
BRDA:226,3,1,0
BRDA:230,4,0,0
BRDA:230,4,1,0
BRDA:231,5,0,0
BRDA:231,5,1,0
BRDA:232,6,0,0
BRDA:232,7,0,0
BRDA:232,7,1,0
BRDA:233,8,0,0
BRDA:233,8,1,0
BRDA:265,9,0,0
BRDA:268,10,0,0
BRDA:268,11,0,0
BRDA:268,11,1,0
BRDA:268,11,2,0
BRDA:293,12,0,0
BRDA:303,13,0,0
BRDA:303,13,1,0
BRDA:355,14,0,0
BRDA:358,15,0,0
BRDA:358,15,1,0
BRDA:359,16,0,0
BRDA:359,17,0,0
BRDA:359,17,1,0
BRDA:363,18,0,0
BRDA:363,18,1,0
BRDA:379,19,0,0
BRDA:379,19,1,0
BRDA:385,20,0,0
BRDA:390,21,0,0
BRDA:409,22,0,0
BRDA:409,22,1,0
BRDA:415,23,0,0
BRDA:420,24,0,0
BRF:39
BRH:0
end_of_record
TN:
SF:src/services/notification.service.ts
FN:15,(anonymous_0)
FN:17,(anonymous_1)
FN:24,(anonymous_2)
FN:31,(anonymous_3)
FN:35,(anonymous_4)
FN:43,(anonymous_5)
FN:66,(anonymous_6)
FN:111,(anonymous_7)
FN:157,(anonymous_8)
FN:185,(anonymous_9)
FN:207,(anonymous_10)
FNF:11
FNH:0
FNDA:0,(anonymous_0)
FNDA:0,(anonymous_1)
FNDA:0,(anonymous_2)
FNDA:0,(anonymous_3)
FNDA:0,(anonymous_4)
FNDA:0,(anonymous_5)
FNDA:0,(anonymous_6)
FNDA:0,(anonymous_7)
FNDA:0,(anonymous_8)
FNDA:0,(anonymous_9)
FNDA:0,(anonymous_10)
DA:1,0
DA:2,0
DA:3,0
DA:4,0
DA:5,0
DA:6,0
DA:9,0
DA:13,0
DA:18,0
DA:19,0
DA:21,0
DA:25,0
DA:26,0
DA:27,0
DA:31,0
DA:32,0
DA:36,0
DA:37,0
DA:38,0
DA:39,0
DA:44,0
DA:45,0
DA:46,0
DA:49,0
DA:58,0
DA:59,0
DA:62,0
DA:67,0
DA:68,0
DA:75,0
DA:76,0
DA:78,0
DA:79,0
DA:80,0
DA:83,0
DA:93,0
DA:97,0
DA:99,0
DA:117,0
DA:118,0
DA:121,0
DA:122,0
DA:123,0
DA:127,0
DA:129,0
DA:130,0
DA:133,0
DA:135,0
DA:136,0
DA:139,0
DA:144,0
DA:146,0
DA:147,0
DA:158,0
DA:159,0
DA:161,0
DA:162,0
DA:165,0
DA:166,0
DA:167,0
DA:169,0
DA:175,0
DA:176,0
DA:189,0
DA:190,0
DA:195,0
DA:197,0
DA:198,0
DA:211,0
DA:212,0
DA:217,0
DA:219,0
DA:220,0
DA:225,0
LF:74
LH:0
BRDA:18,0,0,0
BRDA:25,1,0,0
BRDA:36,2,0,0
BRDA:75,3,0,0
BRDA:75,3,1,0
BRDA:76,4,0,0
BRDA:76,4,1,0
BRDA:78,5,0,0
BRDA:78,6,0,0
BRDA:78,6,1,0
BRDA:85,7,0,0
BRDA:85,7,1,0
BRDA:121,8,0,0
BRDA:127,9,0,0
BRDA:130,10,0,0
BRDA:130,10,1,0
BRDA:130,10,2,0
BRDA:161,11,0,0
BRDA:161,12,0,0
BRDA:161,12,1,0
BRDA:165,13,0,0
BRDA:165,13,1,0
BRF:22
BRH:0
end_of_record
TN:
SF:src/services/ai/journal-ai.service.ts
FN:17,extractContentFromEntry
FN:26,(anonymous_1)
FN:36,(anonymous_2)
FN:44,formatUserInfo
FN:56,analyzeJournalEntry
FN:108,generateJournalQuestions
FN:169,generateJournalInsights
FN:180,(anonymous_7)
FNF:8
FNH:0
FNDA:0,extractContentFromEntry
FNDA:0,(anonymous_1)
FNDA:0,(anonymous_2)
FNDA:0,formatUserInfo
FNDA:0,analyzeJournalEntry
FNDA:0,generateJournalQuestions
FNDA:0,generateJournalInsights
FNDA:0,(anonymous_7)
DA:1,0
DA:2,0
DA:3,0
DA:4,0
DA:5,0
DA:6,0
DA:7,0
DA:10,0
DA:18,0
DA:21,0
DA:22,0
DA:26,0
DA:27,0
DA:29,0
DA:30,0
DA:31,0
DA:32,0
DA:35,0
DA:36,0
DA:45,0
DA:56,0
DA:60,0
DA:61,0
DA:63,0
DA:64,0
DA:68,0
DA:71,0
DA:75,0
DA:81,0
DA:86,0
DA:89,0
DA:101,0
DA:108,0
DA:112,0
DA:113,0
DA:115,0
DA:116,0
DA:120,0
DA:123,0
DA:127,0
DA:133,0
DA:139,0
DA:142,0
DA:147,0
DA:150,0
DA:162,0
DA:169,0
DA:174,0
DA:175,0
DA:176,0
DA:180,0
DA:181,0
DA:182,0
DA:183,0
DA:187,0
DA:188,0
DA:190,0
DA:191,0
DA:193,0
DA:195,0
DA:198,0
DA:202,0
DA:208,0
DA:213,0
DA:216,0
DA:232,0
LF:66
LH:0
BRDA:21,0,0,0
BRDA:29,1,0,0
BRDA:29,1,1,0
BRDA:30,2,0,0
BRDA:30,2,1,0
BRDA:31,3,0,0
BRDA:31,4,0,0
BRDA:31,4,1,0
BRDA:32,5,0,0
BRDA:32,5,1,0
BRDA:46,6,0,0
BRDA:46,6,1,0
BRDA:47,7,0,0
BRDA:47,7,1,0
BRDA:48,8,0,0
BRDA:48,8,1,0
BRDA:49,9,0,0
BRDA:49,9,1,0
BRDA:50,10,0,0
BRDA:50,10,1,0
BRDA:63,11,0,0
BRDA:71,12,0,0
BRDA:71,12,1,0
BRDA:86,13,0,0
BRDA:86,13,1,0
BRDA:90,14,0,0
BRDA:90,14,1,0
BRDA:95,15,0,0
BRDA:95,15,1,0
BRDA:115,16,0,0
BRDA:123,17,0,0
BRDA:123,17,1,0
BRDA:139,18,0,0
BRDA:139,18,1,0
BRDA:147,19,0,0
BRDA:147,19,1,0
BRDA:151,20,0,0
BRDA:151,20,1,0
BRDA:156,21,0,0
BRDA:156,21,1,0
BRDA:175,22,0,0
BRDA:176,23,0,0
BRDA:176,23,1,0
BRDA:190,24,0,0
BRDA:190,24,1,0
BRDA:198,25,0,0
BRDA:198,25,1,0
BRDA:213,26,0,0
BRDA:213,26,1,0
BRDA:217,27,0,0
BRDA:217,27,1,0
BRDA:226,28,0,0
BRDA:226,28,1,0
BRF:53
BRH:0
end_of_record
TN:
SF:src/services/ai/openai-client.service.ts
FN:21,withRetries
FN:33,(anonymous_2)
FN:80,(anonymous_3)
FN:94,(anonymous_4)
FN:109,(anonymous_5)
FN:128,(anonymous_6)
FN:153,(anonymous_7)
FN:159,(anonymous_8)
FN:188,(anonymous_9)
FN:191,(anonymous_10)
FNF:10
FNH:0
FNDA:0,withRetries
FNDA:0,(anonymous_2)
FNDA:0,(anonymous_3)
FNDA:0,(anonymous_4)
FNDA:0,(anonymous_5)
FNDA:0,(anonymous_6)
FNDA:0,(anonymous_7)
FNDA:0,(anonymous_8)
FNDA:0,(anonymous_9)
FNDA:0,(anonymous_10)
DA:1,0
DA:2,0
DA:4,0
DA:5,0
DA:6,0
DA:9,0
DA:11,0
DA:26,0
DA:28,0
DA:29,0
DA:31,0
DA:32,0
DA:33,0
DA:37,0
DA:40,0
DA:44,0
DA:45,0
DA:46,0
DA:50,0
DA:66,0
DA:81,0
DA:103,0
DA:104,0
DA:105,0
DA:106,0
DA:108,0
DA:109,0
DA:129,0
DA:130,0
DA:133,0
DA:142,0
DA:154,0
DA:156,0
DA:158,0
DA:159,0
DA:167,0
DA:169,0
DA:170,0
DA:173,0
DA:189,0
DA:190,0
DA:191,0
DA:202,0
DA:203,0
DA:205,0
DA:206,0
DA:209,0
DA:214,0
DA:215,0
DA:218,0
DA:228,0
LF:51
LH:0
BRDA:31,0,0,0
BRDA:44,1,0,0
BRDA:44,1,1,0
BRDA:45,2,0,0
BRDA:45,3,0,0
BRDA:45,3,1,0
BRDA:45,3,2,0
BRDA:60,4,0,0
BRDA:60,4,1,0
BRDA:69,5,0,0
BRDA:69,5,1,0
BRDA:96,6,0,0
BRDA:103,7,0,0
BRDA:103,7,1,0
BRDA:104,8,0,0
BRDA:104,8,1,0
BRDA:105,9,0,0
BRDA:105,9,1,0
BRDA:114,10,0,0
BRDA:114,10,1,0
BRDA:137,11,0,0
BRDA:137,11,1,0
BRDA:169,12,0,0
BRDA:176,13,0,0
BRDA:176,13,1,0
BRDA:205,14,0,0
BRDA:211,15,0,0
BRDA:211,15,1,0
BRDA:214,16,0,0
BRDA:221,17,0,0
BRDA:221,17,1,0
BRF:31
BRH:0
end_of_record
TN:
SF:src/services/ai/openai.service.ts
FN:14,generateImage
FN:40,promptWithConversationHistory
FN:112,promptText
FN:149,transcribeAudio
FNF:4
FNH:0
FNDA:0,generateImage
FNDA:0,promptWithConversationHistory
FNDA:0,promptText
FNDA:0,transcribeAudio
DA:1,0
DA:2,0
DA:3,0
DA:4,0
DA:5,0
DA:6,0
DA:7,0
DA:14,0
DA:15,0
DA:16,0
DA:18,0
DA:29,0
DA:40,0
DA:45,0
DA:47,0
DA:57,0
DA:58,0
DA:60,0
DA:61,0
DA:62,0
DA:63,0
DA:64,0
DA:65,0
DA:68,0
DA:69,0
DA:77,0
DA:83,0
DA:85,0
DA:86,0
DA:87,0
DA:89,0
DA:91,0
DA:102,0
DA:112,0
DA:113,0
DA:114,0
DA:118,0
DA:123,0
DA:124,0
DA:125,0
DA:127,0
DA:129,0
DA:140,0
DA:149,0
DA:150,0
DA:152,0
DA:153,0
DA:157,0
DA:158,0
DA:159,0
DA:162,0
DA:163,0
DA:167,0
DA:170,0
DA:171,0
DA:172,0
DA:173,0
DA:174,0
DA:175,0
DA:176,0
DA:177,0
DA:178,0
DA:181,0
DA:183,0
DA:195,0
DA:196,0
DA:197,0
DA:198,0
DA:199,0
DA:200,0
DA:201,0
DA:205,0
LF:72
LH:0
BRDA:19,0,0,0
BRDA:19,0,1,0
BRDA:24,1,0,0
BRDA:24,1,1,0
BRDA:50,2,0,0
BRDA:50,2,1,0
BRDA:60,3,0,0
BRDA:60,3,1,0
BRDA:61,4,0,0
BRDA:61,4,1,0
BRDA:62,5,0,0
BRDA:62,5,1,0
BRDA:63,6,0,0
BRDA:63,6,1,0
BRDA:64,7,0,0
BRDA:65,8,0,0
BRDA:65,8,1,0
BRDA:68,9,0,0
BRDA:70,10,0,0
BRDA:70,10,1,0
BRDA:86,11,0,0
BRDA:92,12,0,0
BRDA:92,12,1,0
BRDA:97,13,0,0
BRDA:97,13,1,0
BRDA:114,14,0,0
BRDA:114,14,1,0
BRDA:124,15,0,0
BRDA:130,16,0,0
BRDA:130,16,1,0
BRDA:135,17,0,0
BRDA:135,17,1,0
BRDA:152,18,0,0
BRDA:158,19,0,0
BRDA:162,20,0,0
BRDA:170,21,0,0
BRDA:170,21,1,0
BRDA:171,22,0,0
BRDA:171,22,1,0
BRDA:173,23,0,0
BRDA:173,23,1,0
BRDA:175,24,0,0
BRDA:175,24,1,0
BRDA:177,25,0,0
BRDA:187,26,0,0
BRDA:187,26,1,0
BRDA:195,27,0,0
BRDA:196,28,0,0
BRDA:196,28,1,0
BRDA:198,29,0,0
BRDA:198,29,1,0
BRDA:200,30,0,0
BRF:52
BRH:0
end_of_record
TN:
SF:src/types/errors.ts
FN:10,(anonymous_0)
FN:33,(anonymous_1)
FN:45,(anonymous_2)
FN:57,(anonymous_3)
FN:71,(anonymous_4)
FN:83,(anonymous_5)
FN:96,(anonymous_6)
FNF:7
FNH:0
FNDA:0,(anonymous_0)
FNDA:0,(anonymous_1)
FNDA:0,(anonymous_2)
FNDA:0,(anonymous_3)
FNDA:0,(anonymous_4)
FNDA:0,(anonymous_5)
FNDA:0,(anonymous_6)
DA:5,0
DA:16,0
DA:17,0
DA:18,0
DA:19,0
DA:20,0
DA:23,0
DA:24,0
DA:32,0
DA:37,0
DA:44,0
DA:49,0
DA:56,0
DA:63,0
DA:70,0
DA:75,0
DA:82,0
DA:88,0
DA:95,0
DA:101,0
DA:108,0
LF:21
LH:0
BRDA:12,0,0,0
BRDA:23,1,0,0
BRDA:34,2,0,0
BRDA:46,3,0,0
BRDA:58,4,0,0
BRDA:59,5,0,0
BRDA:72,6,0,0
BRDA:84,7,0,0
BRDA:97,8,0,0
BRF:9
BRH:0
end_of_record
TN:
SF:src/types/models.ts
FN:32,(anonymous_0)
FN:39,(anonymous_1)
FN:68,(anonymous_2)
FNF:3
FNH:0
FNDA:0,(anonymous_0)
FNDA:0,(anonymous_1)
FNDA:0,(anonymous_2)
DA:32,0
DA:33,0
DA:34,0
DA:35,0
DA:36,0
DA:39,0
DA:40,0
DA:41,0
DA:68,0
DA:69,0
DA:70,0
DA:71,0
DA:72,0
LF:13
LH:0
BRDA:32,0,0,0
BRDA:32,0,1,0
BRDA:39,1,0,0
BRDA:39,1,1,0
BRDA:68,2,0,0
BRDA:68,2,1,0
BRF:6
BRH:0
end_of_record
TN:
SF:src/utils/command-logger.ts
FN:15,logCommandStart
FN:24,logCommandEnd
FN:40,serializeArguments
FN:43,(anonymous_3)
FN:64,withCommandLogging
FN:68,(anonymous_5)
FN:98,setCommandLogLevel
FNF:7
FNH:0
FNDA:0,logCommandStart
FNDA:0,logCommandEnd
FNDA:0,serializeArguments
FNDA:0,(anonymous_3)
FNDA:0,withCommandLogging
FNDA:0,(anonymous_5)
FNDA:0,setCommandLogLevel
DA:1,0
DA:2,0
DA:5,0
DA:8,0
DA:15,0
DA:16,0
DA:17,0
DA:24,0
DA:25,0
DA:26,0
DA:27,0
DA:28,0
DA:29,0
DA:31,0
DA:41,0
DA:43,0
DA:44,0
DA:45,0
DA:49,0
DA:50,0
DA:54,0
DA:64,0
DA:68,0
DA:69,0
DA:71,0
DA:72,0
DA:75,0
DA:78,0
DA:80,0
DA:83,0
DA:86,0
DA:89,0
DA:98,0
DA:99,0
LF:34
LH:0
BRDA:26,0,0,0
BRDA:26,0,1,0
BRDA:41,1,0,0
BRDA:44,2,0,0
BRDA:44,3,0,0
BRDA:44,3,1,0
BRDA:49,4,0,0
BRDA:72,5,0,0
BRDA:72,5,1,0
BRF:9
BRH:0
end_of_record
TN:
SF:src/utils/logger.ts
FN:5,(anonymous_9)
FN:5,(anonymous_10)
FN:11,(anonymous_11)
FN:12,(anonymous_12)
FN:13,(anonymous_13)
FN:14,(anonymous_14)
FN:15,(anonymous_15)
FN:20,(anonymous_16)
FN:37,(anonymous_17)
FN:43,(anonymous_18)
FN:49,(anonymous_19)
FN:56,(anonymous_20)
FN:63,(anonymous_21)
FN:70,(anonymous_22)
FN:77,(anonymous_23)
FN:84,(anonymous_24)
FN:91,(anonymous_25)
FN:99,(anonymous_26)
FN:108,createLogger
FNF:19
FNH:0
FNDA:0,(anonymous_9)
FNDA:0,(anonymous_10)
FNDA:0,(anonymous_11)
FNDA:0,(anonymous_12)
FNDA:0,(anonymous_13)
FNDA:0,(anonymous_14)
FNDA:0,(anonymous_15)
FNDA:0,(anonymous_16)
FNDA:0,(anonymous_17)
FNDA:0,(anonymous_18)
FNDA:0,(anonymous_19)
FNDA:0,(anonymous_20)
FNDA:0,(anonymous_21)
FNDA:0,(anonymous_22)
FNDA:0,(anonymous_23)
FNDA:0,(anonymous_24)
FNDA:0,(anonymous_25)
FNDA:0,(anonymous_26)
FNDA:0,createLogger
DA:3,0
DA:5,0
DA:6,0
DA:10,0
DA:11,0
DA:12,0
DA:13,0
DA:14,0
DA:15,0
DA:20,0
DA:21,0
DA:22,0
DA:23,0
DA:24,0
DA:25,0
DA:26,0
DA:30,0
DA:33,0
DA:38,0
DA:39,0
DA:44,0
DA:45,0
DA:50,0
DA:51,0
DA:57,0
DA:58,0
DA:64,0
DA:65,0
DA:71,0
DA:72,0
DA:78,0
DA:79,0
DA:85,0
DA:86,0
DA:87,0
DA:92,0
DA:93,0
DA:94,0
DA:100,0
DA:105,0
DA:108,0
DA:109,0
LF:42
LH:0
BRDA:20,0,0,0
BRDA:20,0,1,0
BRDA:37,1,0,0
BRDA:50,2,0,0
BRDA:51,3,0,0
BRDA:51,3,1,0
BRDA:57,4,0,0
BRDA:58,5,0,0
BRDA:58,5,1,0
BRDA:64,6,0,0
BRDA:65,7,0,0
BRDA:65,7,1,0
BRDA:71,8,0,0
BRDA:72,9,0,0
BRDA:72,9,1,0
BRDA:78,10,0,0
BRDA:79,11,0,0
BRDA:79,11,1,0
BRDA:85,12,0,0
BRDA:86,13,0,0
BRDA:86,13,1,0
BRDA:92,14,0,0
BRDA:93,15,0,0
BRDA:93,15,1,0
BRF:24
BRH:0
end_of_record
TN:
SF:src/utils/timezone.ts
FN:11,convertToUTC
FN:26,(anonymous_1)
FN:27,(anonymous_2)
FN:28,(anonymous_3)
FN:47,convertFromUTC
FN:86,getUserTimezoneOffset
FN:105,(anonymous_6)
FN:150,getAvailableTimezones
FN:168,detectUserTimezone
FN:182,isValidTimezone
FN:197,formatTimeWithTimezone
FNF:11
FNH:10
FNDA:2,convertToUTC
FNDA:10,(anonymous_1)
FNDA:2,(anonymous_2)
FNDA:6,(anonymous_3)
FNDA:1,convertFromUTC
FNDA:2,getUserTimezoneOffset
FNDA:4,(anonymous_6)
FNDA:2,getAvailableTimezones
FNDA:0,detectUserTimezone
FNDA:4,isValidTimezone
FNDA:2,formatTimeWithTimezone
DA:11,1
DA:13,2
DA:16,2
DA:17,2
DA:25,2
DA:26,10
DA:27,2
DA:28,6
DA:31,2
DA:34,2
DA:35,2
DA:38,2
DA:47,1
DA:49,1
DA:52,1
DA:53,1
DA:56,1
DA:64,1
DA:68,1
DA:69,1
DA:71,1
DA:72,1
DA:73,1
DA:74,1
DA:78,0
DA:87,2
DA:90,2
DA:98,2
DA:105,2
DA:106,4
DA:107,4
DA:108,4
DA:110,0
DA:113,2
DA:114,2
DA:117,2
DA:120,2
DA:121,2
DA:123,2
DA:129,1
DA:150,1
DA:151,2
DA:153,2
DA:154,1
DA:161,1
DA:168,1
DA:169,0
DA:170,0
DA:173,0
DA:182,1
DA:183,4
DA:184,4
DA:185,3
DA:187,1
DA:197,1
DA:198,2
DA:200,2
DA:201,2
DA:207,1
DA:208,1
DA:210,1
DA:213,1
LF:62
LH:57
BRDA:26,0,0,2
BRDA:26,0,1,0
BRDA:27,1,0,2
BRDA:27,1,1,0
BRDA:28,2,0,2
BRDA:28,2,1,0
BRDA:71,3,0,1
BRDA:107,4,0,4
BRDA:120,5,0,2
BRDA:121,6,0,0
BRDA:153,7,0,1
BRDA:153,8,0,2
BRDA:153,8,1,2
BRF:13
BRH:9
end_of_record
