TN:
SF:src/config.ts
FN:28,(anonymous_9)
FNF:1
FNH:1
FNDA:1,(anonymous_9)
DA:1,1
DA:2,1
DA:4,1
DA:6,1
DA:7,1
DA:8,1
DA:9,1
DA:10,1
DA:11,1
DA:12,1
DA:13,1
DA:14,1
DA:16,1
DA:20,1
DA:23,1
DA:27,1
DA:28,1
DA:31,1
DA:33,1
LF:19
LH:19
BRDA:16,0,0,0
BRDA:16,0,1,1
BRDA:20,1,0,1
BRDA:20,1,1,0
BRDA:23,2,0,1
BRDA:23,2,1,0
BRDA:27,3,0,1
BRDA:27,3,1,0
BRDA:28,4,0,1
BRDA:28,4,1,0
BRDA:31,5,0,0
BRDA:31,5,1,1
BRDA:33,6,0,0
BRDA:33,6,1,1
BRF:14
BRH:7
end_of_record
TN:
SF:src/index.ts
FN:10,(anonymous_0)
FN:13,(anonymous_1)
FNF:2
FNH:0
FNDA:0,(anonymous_0)
FNDA:0,(anonymous_1)
DA:1,0
DA:2,0
DA:5,0
DA:8,0
DA:9,0
DA:11,0
DA:14,0
DA:15,0
LF:8
LH:0
BRF:0
BRH:0
end_of_record
TN:
SF:src/app/bot.ts
FN:9,createBot
FN:15,(anonymous_1)
FN:25,(anonymous_2)
FNF:3
FNH:0
FNDA:0,createBot
FNDA:0,(anonymous_1)
FNDA:0,(anonymous_2)
DA:1,0
DA:2,0
DA:4,0
DA:5,0
DA:6,0
DA:9,0
DA:11,0
DA:14,0
DA:15,0
DA:22,0
DA:25,0
DA:27,0
DA:28,0
DA:31,0
DA:38,0
LF:15
LH:0
BRDA:27,0,0,0
BRDA:27,0,1,0
BRF:2
BRH:0
end_of_record
TN:
SF:src/app/feature-registry.ts
FN:14,registerFeatures
FNF:1
FNH:0
FNDA:0,registerFeatures
DA:3,0
DA:4,0
DA:5,0
DA:6,0
DA:7,0
DA:8,0
DA:9,0
DA:14,0
DA:16,0
DA:19,0
DA:22,0
DA:23,0
DA:24,0
DA:25,0
DA:26,0
DA:28,0
LF:16
LH:0
BRF:0
BRH:0
end_of_record
TN:
SF:src/app/index.ts
FN:20,startApp
FN:44,(anonymous_1)
FN:51,(anonymous_2)
FN:67,(anonymous_3)
FNF:4
FNH:0
FNDA:0,startApp
FNDA:0,(anonymous_1)
FNDA:0,(anonymous_2)
FNDA:0,(anonymous_3)
DA:2,0
DA:3,0
DA:4,0
DA:5,0
DA:6,0
DA:7,0
DA:11,0
DA:14,0
DA:20,0
DA:21,0
DA:23,0
DA:25,0
DA:26,0
DA:27,0
DA:30,0
DA:33,0
DA:34,0
DA:35,0
DA:38,0
DA:39,0
DA:42,0
DA:43,0
DA:45,0
DA:46,0
DA:48,0
DA:52,0
DA:55,0
DA:58,0
DA:60,0
DA:61,0
DA:66,0
DA:67,0
DA:68,0
DA:69,0
LF:34
LH:0
BRDA:45,0,0,0
BRDA:45,0,1,0
BRDA:66,1,0,0
BRF:3
BRH:0
end_of_record
TN:
SF:src/config/ai-prompts.ts
FNF:0
FNH:0
DA:7,0
DA:86,0
LF:2
LH:0
BRF:0
BRH:0
end_of_record
TN:
SF:src/config/index.ts
FN:107,getEnv
FN:146,(anonymous_11)
FNF:2
FNH:0
FNDA:0,getEnv
FNDA:0,(anonymous_11)
DA:1,0
DA:2,0
DA:3,0
DA:6,0
DA:108,0
DA:110,0
DA:111,0
DA:114,0
DA:120,0
DA:125,0
DA:147,0
DA:164,0
DA:165,0
DA:166,0
DA:167,0
DA:168,0
DA:169,0
DA:170,0
DA:171,0
DA:172,0
DA:173,0
DA:174,0
DA:175,0
LF:23
LH:0
BRDA:7,0,0,0
BRDA:7,0,1,0
BRDA:107,1,0,0
BRDA:108,2,0,0
BRDA:108,2,1,0
BRDA:110,3,0,0
BRDA:110,4,0,0
BRDA:110,4,1,0
BRDA:114,5,0,0
BRDA:114,5,1,0
BRDA:120,6,0,0
BRDA:120,6,1,0
BRDA:147,7,0,0
BRDA:147,7,1,0
BRDA:154,8,0,0
BRDA:154,8,1,0
BRDA:165,9,0,0
BRDA:165,9,1,0
BRF:18
BRH:0
end_of_record
TN:
SF:src/database/connection.ts
FN:5,connectToDatabase
FN:16,disconnectFromDatabase
FN:26,(anonymous_3)
FN:31,(anonymous_4)
FNF:4
FNH:0
FNDA:0,connectToDatabase
FNDA:0,disconnectFromDatabase
FNDA:0,(anonymous_3)
FNDA:0,(anonymous_4)
DA:1,0
DA:2,0
DA:5,0
DA:6,0
DA:7,0
DA:8,0
DA:10,0
DA:11,0
DA:16,0
DA:17,0
DA:18,0
DA:19,0
DA:21,0
DA:26,0
DA:27,0
DA:28,0
DA:31,0
DA:32,0
DA:33,0
LF:19
LH:0
BRF:0
BRH:0
end_of_record
TN:
SF:src/database/index.ts
FNF:0
FNH:0
DA:2,0
DA:5,0
DA:6,0
DA:7,0
DA:8,0
LF:5
LH:0
BRF:0
BRH:0
end_of_record
TN:
SF:src/database/models/conversation.model.ts
FN:31,createConversation
FN:38,getActiveConversation
FN:42,endConversation
FN:50,endAllUserConversations
FN:57,getConversationsByUser
FNF:5
FNH:0
FNDA:0,createConversation
FNDA:0,getActiveConversation
FNDA:0,endConversation
FNDA:0,endAllUserConversations
FNDA:0,getConversationsByUser
DA:1,0
DA:9,0
DA:28,0
DA:31,0
DA:32,0
DA:38,0
DA:39,0
DA:42,0
DA:43,0
DA:50,0
DA:51,0
DA:57,0
DA:58,0
LF:13
LH:0
BRF:0
BRH:0
end_of_record
TN:
SF:src/database/models/journal.model.ts
FN:64,createJournalEntry
FN:72,getJournalEntryById
FN:76,getActiveJournalEntry
FN:83,addMessageToJournalEntry
FN:94,updateJournalEntryStatus
FN:105,updateJournalEntryAnalysis
FN:116,updateJournalEntryQuestions
FN:127,updateJournalEntryInsights
FN:138,completeJournalEntry
FN:156,getUserJournalEntries
FN:163,getAllJournalEntries
FN:167,updateJournalEntryFullText
FNF:12
FNH:0
FNDA:0,createJournalEntry
FNDA:0,getJournalEntryById
FNDA:0,getActiveJournalEntry
FNDA:0,addMessageToJournalEntry
FNDA:0,updateJournalEntryStatus
FNDA:0,updateJournalEntryAnalysis
FNDA:0,updateJournalEntryQuestions
FNDA:0,updateJournalEntryInsights
FNDA:0,completeJournalEntry
FNDA:0,getUserJournalEntries
FNDA:0,getAllJournalEntries
FNDA:0,updateJournalEntryFullText
DA:1,0
DA:2,0
DA:16,0
DA:61,0
DA:64,0
DA:65,0
DA:72,0
DA:73,0
DA:76,0
DA:77,0
DA:83,0
DA:87,0
DA:94,0
DA:98,0
DA:105,0
DA:109,0
DA:116,0
DA:120,0
DA:127,0
DA:131,0
DA:138,0
DA:143,0
DA:156,0
DA:157,0
DA:163,0
DA:164,0
DA:167,0
DA:171,0
LF:28
LH:0
BRF:0
BRH:0
end_of_record
TN:
SF:src/database/models/message.model.ts
FN:85,saveTextMessage
FN:102,saveVoiceMessage
FN:123,saveImageMessage
FN:142,saveVideoMessage
FN:163,getMessagesByUser
FN:167,getMessagesByConversation
FN:171,getLastImageMessageByConversation
FN:178,getMessageById
FN:182,getAllMessages
FNF:9
FNH:0
FNDA:0,saveTextMessage
FNDA:0,saveVoiceMessage
FNDA:0,saveImageMessage
FNDA:0,saveVideoMessage
FNDA:0,getMessagesByUser
FNDA:0,getMessagesByConversation
FNDA:0,getLastImageMessageByConversation
FNDA:0,getMessageById
FNDA:0,getAllMessages
DA:1,0
DA:3,0
DA:20,0
DA:79,0
DA:82,0
DA:85,0
DA:92,0
DA:102,0
DA:111,0
DA:123,0
DA:131,0
DA:142,0
DA:151,0
DA:163,0
DA:164,0
DA:167,0
DA:168,0
DA:171,0
DA:172,0
DA:178,0
DA:179,0
DA:182,0
DA:183,0
LF:23
LH:0
BRDA:90,0,0,0
BRDA:109,1,0,0
BRDA:129,2,0,0
BRDA:149,3,0,0
BRF:4
BRH:0
end_of_record
TN:
SF:src/database/models/user.model.ts
FN:63,(anonymous_9)
FN:67,(anonymous_10)
FN:109,findOrCreateUser
FN:130,getUserById
FN:134,getAllUsers
FN:150,completeUserOnboarding
FNF:6
FNH:0
FNDA:0,(anonymous_9)
FNDA:0,(anonymous_10)
FNDA:0,findOrCreateUser
FNDA:0,getUserById
FNDA:0,getAllUsers
FNDA:0,completeUserOnboarding
DA:1,0
DA:8,0
DA:64,0
DA:65,0
DA:67,0
DA:106,0
DA:109,0
DA:115,0
DA:117,0
DA:118,0
DA:127,0
DA:130,0
DA:131,0
DA:134,0
DA:135,0
DA:139,0
DA:143,0
DA:150,0
DA:153,0
LF:19
LH:0
BRDA:64,0,0,0
BRDA:117,1,0,0
BRF:2
BRH:0
end_of_record
TN:
SF:src/features/core/handlers.ts
FN:16,getRandomGreetingQuestion
FN:46,showMainMenu
FN:58,(anonymous_11)
FN:73,(anonymous_12)
FN:107,(anonymous_13)
FN:139,(anonymous_14)
FN:145,(anonymous_15)
FN:152,(anonymous_16)
FN:158,(anonymous_17)
FN:165,(anonymous_18)
FN:171,(anonymous_19)
FN:179,(anonymous_20)
FN:227,registerCommandHandlers
FNF:13
FNH:0
FNDA:0,getRandomGreetingQuestion
FNDA:0,showMainMenu
FNDA:0,(anonymous_11)
FNDA:0,(anonymous_12)
FNDA:0,(anonymous_13)
FNDA:0,(anonymous_14)
FNDA:0,(anonymous_15)
FNDA:0,(anonymous_16)
FNDA:0,(anonymous_17)
FNDA:0,(anonymous_18)
FNDA:0,(anonymous_19)
FNDA:0,(anonymous_20)
FNDA:0,registerCommandHandlers
DA:3,0
DA:4,0
DA:5,0
DA:6,0
DA:7,0
DA:9,0
DA:10,0
DA:11,0
DA:16,0
DA:17,0
DA:40,0
DA:46,0
DA:48,0
DA:49,0
DA:58,0
DA:59,0
DA:61,0
DA:63,0
DA:64,0
DA:66,0
DA:73,0
DA:74,0
DA:76,0
DA:79,0
DA:80,0
DA:81,0
DA:84,0
DA:85,0
DA:86,0
DA:87,0
DA:90,0
DA:91,0
DA:92,0
DA:95,0
DA:96,0
DA:97,0
DA:100,0
DA:101,0
DA:107,0
DA:108,0
DA:110,0
DA:131,0
DA:139,0
DA:140,0
DA:142,0
DA:145,0
DA:146,0
DA:152,0
DA:153,0
DA:155,0
DA:158,0
DA:159,0
DA:165,0
DA:166,0
DA:168,0
DA:171,0
DA:172,0
DA:179,0
DA:181,0
DA:182,0
DA:185,0
DA:186,0
DA:189,0
DA:192,0
DA:195,0
DA:200,0
DA:201,0
DA:202,0
DA:204,0
DA:205,0
DA:206,0
DA:207,0
DA:210,0
DA:213,0
DA:216,0
DA:219,0
DA:220,0
DA:227,0
DA:229,0
DA:230,0
DA:231,0
DA:234,0
DA:235,0
DA:236,0
DA:240,0
LF:85
LH:0
BRDA:49,0,0,0
BRDA:49,0,1,0
BRDA:59,1,0,0
BRDA:63,2,0,0
BRDA:63,2,1,0
BRDA:74,3,0,0
BRDA:79,4,0,0
BRDA:84,5,0,0
BRDA:90,6,0,0
BRDA:95,7,0,0
BRDA:108,8,0,0
BRDA:140,9,0,0
BRDA:153,10,0,0
BRDA:166,11,0,0
BRDA:181,12,0,0
BRDA:181,13,0,0
BRDA:181,13,1,0
BRDA:201,14,0,0
BRDA:201,14,1,0
BRDA:204,15,0,0
BRDA:204,15,1,0
BRDA:207,16,0,0
BRDA:207,16,1,0
BRF:23
BRH:0
end_of_record
TN:
SF:src/features/core/index.ts
FN:11,registerCoreHandlers
FN:15,(anonymous_1)
FNF:2
FNH:0
FNDA:0,registerCoreHandlers
FNDA:0,(anonymous_1)
DA:3,0
DA:4,0
DA:5,0
DA:6,0
DA:11,0
DA:12,0
DA:15,0
DA:16,0
DA:17,0
DA:19,0
DA:27,0
DA:28,0
DA:30,0
DA:32,0
LF:14
LH:0
BRDA:17,0,0,0
BRF:1
BRH:0
end_of_record
TN:
SF:src/features/core/keyboards.ts
FNF:0
FNH:0
DA:1,0
DA:3,0
LF:2
LH:0
BRF:0
BRH:0
end_of_record
TN:
SF:src/features/journal-chat/handlers.ts
FN:21,startJournalChatHandler
FN:48,formatResponseWithHTML
FN:67,handleJournalChatInput
FN:78,(anonymous_12)
FN:101,(anonymous_13)
FN:114,(anonymous_14)
FN:129,(anonymous_15)
FN:140,(anonymous_16)
FN:148,(anonymous_17)
FN:166,exitJournalChatHandler
FN:182,downloadTelegramFile
FN:200,(anonymous_20)
FN:203,(anonymous_21)
FN:209,(anonymous_22)
FNF:14
FNH:0
FNDA:0,startJournalChatHandler
FNDA:0,formatResponseWithHTML
FNDA:0,handleJournalChatInput
FNDA:0,(anonymous_12)
FNDA:0,(anonymous_13)
FNDA:0,(anonymous_14)
FNDA:0,(anonymous_15)
FNDA:0,(anonymous_16)
FNDA:0,(anonymous_17)
FNDA:0,exitJournalChatHandler
FNDA:0,downloadTelegramFile
FNDA:0,(anonymous_20)
FNDA:0,(anonymous_21)
FNDA:0,(anonymous_22)
DA:3,0
DA:4,0
DA:5,0
DA:6,0
DA:7,0
DA:8,0
DA:9,0
DA:10,0
DA:11,0
DA:12,0
DA:13,0
DA:16,0
DA:21,0
DA:22,0
DA:24,0
DA:26,0
DA:27,0
DA:30,0
DA:31,0
DA:35,0
DA:36,0
DA:38,0
DA:50,0
DA:53,0
DA:56,0
DA:59,0
DA:61,0
DA:67,0
DA:68,0
DA:70,0
DA:71,0
DA:72,0
DA:74,0
DA:76,0
DA:78,0
DA:80,0
DA:83,0
DA:84,0
DA:87,0
DA:90,0
DA:91,0
DA:92,0
DA:94,0
DA:95,0
DA:98,0
DA:101,0
DA:104,0
DA:105,0
DA:108,0
DA:109,0
DA:110,0
DA:114,0
DA:116,0
DA:117,0
DA:120,0
DA:121,0
DA:125,0
DA:126,0
DA:127,0
DA:128,0
DA:129,0
DA:131,0
DA:132,0
DA:136,0
DA:137,0
DA:139,0
DA:140,0
DA:142,0
DA:146,0
DA:147,0
DA:148,0
DA:150,0
DA:153,0
DA:154,0
DA:155,0
DA:157,0
DA:166,0
DA:167,0
DA:168,0
DA:170,0
DA:171,0
DA:173,0
DA:183,0
DA:184,0
DA:186,0
DA:187,0
DA:190,0
DA:192,0
DA:193,0
DA:194,0
DA:195,0
DA:197,0
DA:200,0
DA:203,0
DA:204,0
DA:205,0
DA:206,0
DA:209,0
DA:210,0
DA:211,0
DA:212,0
DA:213,0
DA:215,0
DA:216,0
DA:217,0
DA:219,0
LF:106
LH:0
BRDA:22,0,0,0
BRDA:26,1,0,0
BRDA:27,2,0,0
BRDA:27,2,1,0
BRDA:38,3,0,0
BRDA:38,3,1,0
BRDA:68,4,0,0
BRDA:68,5,0,0
BRDA:68,5,1,0
BRDA:76,6,0,0
BRDA:76,6,1,0
BRDA:83,7,0,0
BRDA:92,8,0,0
BRDA:104,9,0,0
BRDA:104,9,1,0
BRDA:108,10,0,0
BRDA:125,11,0,0
BRDA:127,12,0,0
BRDA:128,13,0,0
BRDA:128,14,0,0
BRDA:128,14,1,0
BRDA:137,15,0,0
BRDA:137,15,1,0
BRDA:139,16,0,0
BRDA:139,17,0,0
BRDA:139,17,1,0
BRDA:147,18,0,0
BRDA:147,19,0,0
BRDA:147,19,1,0
BRDA:153,20,0,0
BRDA:153,21,0,0
BRDA:153,21,1,0
BRDA:167,22,0,0
BRDA:186,23,0,0
BRDA:190,24,0,0
BRDA:190,24,1,0
BRDA:193,25,0,0
BRDA:204,26,0,0
BRDA:210,27,0,0
BRDA:210,27,1,0
BRDA:211,28,0,0
BRDA:215,29,0,0
BRF:42
BRH:0
end_of_record
TN:
SF:src/features/journal-chat/index.ts
FN:14,registerJournalChatHandlers
FN:19,(anonymous_1)
FN:26,(anonymous_2)
FNF:3
FNH:0
FNDA:0,registerJournalChatHandlers
FNDA:0,(anonymous_1)
FNDA:0,(anonymous_2)
DA:3,0
DA:9,0
DA:11,0
DA:12,0
DA:14,0
DA:16,0
DA:19,0
DA:20,0
DA:21,0
DA:22,0
DA:26,0
DA:27,0
LF:12
LH:0
BRDA:20,0,0,0
BRF:1
BRH:0
end_of_record
TN:
SF:src/features/journal-chat/keyboards.ts
FNF:0
FNH:0
DA:1,0
DA:3,0
LF:2
LH:0
BRF:0
BRH:0
end_of_record
TN:
SF:src/features/journal-entry/index.ts
FN:23,registerJournalEntryHandlers
FN:26,(anonymous_1)
FN:77,(anonymous_2)
FN:84,(anonymous_3)
FN:91,(anonymous_4)
FN:99,(anonymous_5)
FN:107,(anonymous_6)
FN:113,(anonymous_7)
FN:120,(anonymous_8)
FN:127,(anonymous_9)
FNF:10
FNH:0
FNDA:0,registerJournalEntryHandlers
FNDA:0,(anonymous_1)
FNDA:0,(anonymous_2)
FNDA:0,(anonymous_3)
FNDA:0,(anonymous_4)
FNDA:0,(anonymous_5)
FNDA:0,(anonymous_6)
FNDA:0,(anonymous_7)
FNDA:0,(anonymous_8)
FNDA:0,(anonymous_9)
DA:3,0
DA:12,0
DA:13,0
DA:16,0
DA:17,0
DA:18,0
DA:19,0
DA:20,0
DA:21,0
DA:23,0
DA:26,0
DA:27,0
DA:32,0
DA:33,0
DA:34,0
DA:38,0
DA:41,0
DA:42,0
DA:45,0
DA:48,0
DA:49,0
DA:50,0
DA:51,0
DA:54,0
DA:55,0
DA:56,0
DA:57,0
DA:60,0
DA:61,0
DA:62,0
DA:63,0
DA:68,0
DA:69,0
DA:72,0
DA:77,0
DA:78,0
DA:79,0
DA:80,0
DA:81,0
DA:84,0
DA:85,0
DA:86,0
DA:87,0
DA:88,0
DA:91,0
DA:92,0
DA:93,0
DA:94,0
DA:95,0
DA:99,0
DA:100,0
DA:101,0
DA:102,0
DA:107,0
DA:108,0
DA:109,0
DA:110,0
DA:113,0
DA:114,0
DA:115,0
DA:116,0
DA:117,0
DA:120,0
DA:121,0
DA:122,0
DA:123,0
DA:124,0
DA:127,0
DA:128,0
DA:129,0
DA:130,0
DA:131,0
LF:72
LH:0
BRDA:27,0,0,0
BRDA:27,0,1,0
BRDA:32,1,0,0
BRDA:32,2,0,0
BRDA:32,2,1,0
BRDA:32,2,2,0
BRDA:32,2,3,0
BRDA:38,3,0,0
BRDA:41,4,0,0
BRDA:41,5,0,0
BRDA:41,5,1,0
BRDA:41,5,2,0
BRDA:48,6,0,0
BRDA:48,7,0,0
BRDA:48,7,1,0
BRDA:54,8,0,0
BRDA:60,9,0,0
BRDA:79,10,0,0
BRDA:86,11,0,0
BRDA:93,12,0,0
BRDA:100,13,0,0
BRDA:108,14,0,0
BRDA:114,15,0,0
BRDA:121,16,0,0
BRDA:128,17,0,0
BRF:25
BRH:0
end_of_record
TN:
SF:src/features/journal-entry/keyboards.ts
FNF:0
FNH:0
DA:1,0
DA:3,0
LF:2
LH:0
BRF:0
BRH:0
end_of_record
TN:
SF:src/features/journal-entry/utils.ts
FN:9,formatTranscription
FN:16,sendTranscriptionReply
FN:38,extractFullText
FN:58,(anonymous_3)
FN:70,(anonymous_4)
FN:80,sanitizeHtmlForTelegram
FN:90,formatErrorMessage
FN:97,formatSystemMessage
FNF:8
FNH:0
FNDA:0,formatTranscription
FNDA:0,sendTranscriptionReply
FNDA:0,extractFullText
FNDA:0,(anonymous_3)
FNDA:0,(anonymous_4)
FNDA:0,sanitizeHtmlForTelegram
FNDA:0,formatErrorMessage
FNDA:0,formatSystemMessage
DA:2,0
DA:3,0
DA:4,0
DA:9,0
DA:10,0
DA:16,0
DA:24,0
DA:25,0
DA:28,0
DA:38,0
DA:40,0
DA:42,0
DA:43,0
DA:44,0
DA:45,0
DA:46,0
DA:49,0
DA:53,0
DA:54,0
DA:57,0
DA:58,0
DA:59,0
DA:61,0
DA:62,0
DA:63,0
DA:64,0
DA:65,0
DA:66,0
DA:69,0
DA:70,0
DA:72,0
DA:80,0
DA:81,0
DA:90,0
DA:91,0
DA:97,0
DA:98,0
DA:104,0
LF:38
LH:0
BRDA:24,0,0,0
BRDA:24,1,0,0
BRDA:24,1,1,0
BRDA:31,2,0,0
BRDA:31,2,1,0
BRDA:40,3,0,0
BRDA:40,4,0,0
BRDA:40,4,1,0
BRDA:40,4,2,0
BRDA:42,5,0,0
BRDA:45,6,0,0
BRDA:45,7,0,0
BRDA:45,7,1,0
BRDA:45,7,2,0
BRDA:61,8,0,0
BRDA:61,8,1,0
BRDA:62,9,0,0
BRDA:62,9,1,0
BRDA:63,10,0,0
BRDA:63,10,1,0
BRDA:64,11,0,0
BRDA:64,11,1,0
BRDA:65,12,0,0
BRDA:66,13,0,0
BRDA:66,13,1,0
BRF:25
BRH:0
end_of_record
TN:
SF:src/features/journal-entry/handlers/button-handlers.ts
FN:9,handleButtonPress
FN:28,handleCallback
FNF:2
FNH:0
FNDA:0,handleButtonPress
FNDA:0,handleCallback
DA:3,0
DA:9,0
DA:13,0
DA:15,0
DA:22,0
DA:28,0
DA:32,0
DA:34,0
DA:36,0
DA:43,0
LF:10
LH:0
BRDA:13,0,0,0
BRDA:32,1,0,0
BRF:2
BRH:0
end_of_record
TN:
SF:src/features/journal-entry/handlers/callback-handlers.ts
FN:20,(anonymous_0)
FN:26,(anonymous_1)
FN:35,registerCallbackHandlers
FN:37,(anonymous_3)
FN:38,(anonymous_4)
FNF:5
FNH:0
FNDA:0,(anonymous_0)
FNDA:0,(anonymous_1)
FNDA:0,registerCallbackHandlers
FNDA:0,(anonymous_3)
FNDA:0,(anonymous_4)
DA:4,0
DA:5,0
DA:6,0
DA:7,0
DA:8,0
DA:16,0
DA:21,0
DA:22,0
DA:23,0
DA:24,0
DA:27,0
DA:28,0
DA:35,0
DA:37,0
DA:38,0
DA:39,0
LF:16
LH:0
BRF:0
BRH:0
end_of_record
TN:
SF:src/features/journal-entry/handlers/index.ts
FNF:0
FNH:0
DA:1,0
DA:2,0
LF:2
LH:0
BRF:0
BRH:0
end_of_record
TN:
SF:src/features/journal-entry/handlers/media-processor.ts
FN:14,processMediaMessage
FN:33,(anonymous_10)
FN:41,(anonymous_11)
FN:52,downloadTelegramFile
FNF:4
FNH:0
FNDA:0,processMediaMessage
FNDA:0,(anonymous_10)
FNDA:0,(anonymous_11)
FNDA:0,downloadTelegramFile
DA:2,0
DA:3,0
DA:4,0
DA:5,0
DA:6,0
DA:7,0
DA:9,0
DA:14,0
DA:20,0
DA:22,0
DA:23,0
DA:24,0
DA:25,0
DA:27,0
DA:28,0
DA:31,0
DA:32,0
DA:33,0
DA:36,0
DA:39,0
DA:40,0
DA:41,0
DA:45,0
DA:53,0
DA:54,0
DA:55,0
DA:56,0
DA:58,0
DA:59,0
DA:61,0
DA:62,0
DA:63,0
DA:64,0
DA:65,0
LF:34
LH:0
BRDA:25,0,0,0
BRDA:31,1,0,0
BRDA:39,2,0,0
BRDA:55,3,0,0
BRDA:58,4,0,0
BRDA:58,4,1,0
BRDA:58,5,0,0
BRDA:58,5,1,0
BRDA:62,6,0,0
BRF:9
BRH:0
end_of_record
TN:
SF:src/features/journal-entry/handlers/message-handlers.ts
FN:11,handleTextMessage
FN:26,(anonymous_10)
FN:30,handleVoiceMessage
FN:38,(anonymous_12)
FN:66,(anonymous_13)
FN:70,handleVideoMessage
FN:78,(anonymous_15)
FN:110,(anonymous_16)
FNF:8
FNH:0
FNDA:0,handleTextMessage
FNDA:0,(anonymous_10)
FNDA:0,handleVoiceMessage
FNDA:0,(anonymous_12)
FNDA:0,(anonymous_13)
FNDA:0,handleVideoMessage
FNDA:0,(anonymous_15)
FNDA:0,(anonymous_16)
DA:4,0
DA:5,0
DA:6,0
DA:7,0
DA:8,0
DA:9,0
DA:11,0
DA:16,0
DA:18,0
DA:26,0
DA:27,0
DA:30,0
DA:35,0
DA:38,0
DA:40,0
DA:43,0
DA:44,0
DA:47,0
DA:50,0
DA:51,0
DA:53,0
DA:63,0
DA:66,0
DA:67,0
DA:70,0
DA:75,0
DA:78,0
DA:80,0
DA:82,0
DA:84,0
DA:85,0
DA:87,0
DA:88,0
DA:89,0
DA:90,0
DA:91,0
DA:93,0
DA:94,0
DA:97,0
DA:107,0
DA:110,0
DA:111,0
LF:42
LH:0
BRDA:16,0,0,0
BRDA:16,1,0,0
BRDA:16,1,1,0
BRDA:22,2,0,0
BRDA:22,2,1,0
BRDA:35,3,0,0
BRDA:35,4,0,0
BRDA:35,4,1,0
BRDA:35,4,2,0
BRDA:43,5,0,0
BRDA:75,6,0,0
BRDA:75,7,0,0
BRDA:75,7,1,0
BRDA:75,7,2,0
BRDA:80,8,0,0
BRDA:80,8,1,0
BRDA:80,8,2,0
BRDA:80,8,3,0
BRDA:80,8,4,0
BRDA:82,9,0,0
BRF:20
BRH:0
end_of_record
TN:
SF:src/features/journal-entry/keyboards/index.ts
FN:30,createReplyMarkup
FNF:1
FNH:0
FNDA:0,createReplyMarkup
DA:1,0
DA:4,0
DA:17,0
DA:25,0
DA:30,0
DA:31,0
DA:38,0
LF:7
LH:0
BRF:0
BRH:0
end_of_record
TN:
SF:src/features/journal-entry/utils/formatting.ts
FN:6,sanitizeHtmlForTelegram
FN:16,formatTranscription
FN:23,formatErrorMessage
FN:30,formatSystemMessage
FNF:4
FNH:0
FNDA:0,sanitizeHtmlForTelegram
FNDA:0,formatTranscription
FNDA:0,formatErrorMessage
FNDA:0,formatSystemMessage
DA:6,0
DA:7,0
DA:16,0
DA:17,0
DA:23,0
DA:24,0
DA:30,0
DA:31,0
DA:37,0
LF:9
LH:0
BRF:0
BRH:0
end_of_record
TN:
SF:src/features/journal-entry/utils/index.ts
FNF:0
FNH:0
DA:1,0
DA:2,0
LF:2
LH:0
BRF:0
BRH:0
end_of_record
TN:
SF:src/features/journal-entry/utils/telegram.ts
FN:9,sendTranscriptionReply
FNF:1
FNH:0
FNDA:0,sendTranscriptionReply
DA:3,0
DA:4,0
DA:9,0
DA:17,0
DA:18,0
DA:21,0
LF:6
LH:0
BRDA:17,0,0,0
BRDA:17,1,0,0
BRDA:17,1,1,0
BRDA:24,2,0,0
BRDA:24,2,1,0
BRF:5
BRH:0
end_of_record
TN:
SF:src/features/journal-history/handlers.ts
FN:11,getUserIdString
FN:26,showJournalHistoryHandler
FN:49,viewJournalEntryHandler
FN:57,(anonymous_3)
FN:67,(anonymous_4)
FN:81,(anonymous_5)
FN:114,(anonymous_6)
FN:117,(anonymous_7)
FN:126,showJournalHistoryCallbackHandler
FNF:9
FNH:0
FNDA:0,getUserIdString
FNDA:0,showJournalHistoryHandler
FNDA:0,viewJournalEntryHandler
FNDA:0,(anonymous_3)
FNDA:0,(anonymous_4)
FNDA:0,(anonymous_5)
FNDA:0,(anonymous_6)
FNDA:0,(anonymous_7)
FNDA:0,showJournalHistoryCallbackHandler
DA:1,0
DA:2,0
DA:5,0
DA:7,0
DA:8,0
DA:12,0
DA:13,0
DA:14,0
DA:15,0
DA:17,0
DA:18,0
DA:26,0
DA:27,0
DA:29,0
DA:30,0
DA:35,0
DA:38,0
DA:39,0
DA:49,0
DA:50,0
DA:51,0
DA:53,0
DA:54,0
DA:55,0
DA:57,0
DA:58,0
DA:62,0
DA:63,0
DA:64,0
DA:65,0
DA:66,0
DA:67,0
DA:68,0
DA:71,0
DA:73,0
DA:74,0
DA:76,0
DA:77,0
DA:79,0
DA:80,0
DA:81,0
DA:84,0
DA:89,0
DA:90,0
DA:91,0
DA:92,0
DA:93,0
DA:95,0
DA:96,0
DA:97,0
DA:100,0
DA:103,0
DA:111,0
DA:112,0
DA:113,0
DA:114,0
DA:116,0
DA:117,0
DA:126,0
DA:127,0
DA:128,0
DA:130,0
DA:131,0
DA:136,0
DA:139,0
DA:140,0
LF:66
LH:0
BRDA:12,0,0,0
BRDA:12,0,1,0
BRDA:14,1,0,0
BRDA:14,1,1,0
BRDA:14,2,0,0
BRDA:14,2,1,0
BRDA:29,3,0,0
BRDA:30,4,0,0
BRDA:30,4,1,0
BRDA:39,5,0,0
BRDA:39,5,1,0
BRDA:54,6,0,0
BRDA:64,7,0,0
BRDA:76,8,0,0
BRDA:76,8,1,0
BRDA:77,9,0,0
BRDA:79,10,0,0
BRDA:79,10,1,0
BRDA:79,11,0,0
BRDA:79,11,1,0
BRDA:81,12,0,0
BRDA:81,12,1,0
BRDA:81,12,2,0
BRDA:90,13,0,0
BRDA:90,13,1,0
BRDA:91,14,0,0
BRDA:91,14,1,0
BRDA:96,15,0,0
BRDA:112,16,0,0
BRDA:112,16,1,0
BRDA:112,17,0,0
BRDA:112,17,1,0
BRDA:130,18,0,0
BRDA:131,19,0,0
BRDA:131,19,1,0
BRDA:140,20,0,0
BRDA:140,20,1,0
BRF:37
BRH:0
end_of_record
TN:
SF:src/features/journal-history/index.ts
FN:14,registerJournalHistoryHandlers
FN:17,(anonymous_1)
FN:24,(anonymous_2)
FN:31,(anonymous_3)
FNF:4
FNH:0
FNDA:0,registerJournalHistoryHandlers
FNDA:0,(anonymous_1)
FNDA:0,(anonymous_2)
FNDA:0,(anonymous_3)
DA:3,0
DA:8,0
DA:10,0
DA:11,0
DA:12,0
DA:14,0
DA:17,0
DA:18,0
DA:19,0
DA:20,0
DA:24,0
DA:25,0
DA:26,0
DA:27,0
DA:28,0
DA:31,0
DA:32,0
DA:33,0
DA:34,0
LF:19
LH:0
BRDA:18,0,0,0
BRDA:25,1,0,0
BRDA:25,2,0,0
BRDA:25,2,1,0
BRDA:32,3,0,0
BRF:5
BRH:0
end_of_record
TN:
SF:src/features/journal-history/keyboards.ts
FN:7,createJournalHistoryKeyboard
FN:11,(anonymous_1)
FN:22,(anonymous_2)
FN:40,createViewEntryKeyboard
FNF:4
FNH:0
FNDA:0,createJournalHistoryKeyboard
FNDA:0,(anonymous_1)
FNDA:0,(anonymous_2)
FNDA:0,createViewEntryKeyboard
DA:1,0
DA:2,0
DA:7,0
DA:8,0
DA:11,0
DA:12,0
DA:14,0
DA:16,0
DA:17,0
DA:18,0
DA:19,0
DA:21,0
DA:22,0
DA:23,0
DA:24,0
DA:28,0
DA:32,0
DA:34,0
DA:40,0
DA:41,0
LF:20
LH:0
BRDA:17,0,0,0
BRDA:17,0,1,0
BRDA:18,1,0,0
BRDA:18,1,1,0
BRDA:19,2,0,0
BRDA:19,3,0,0
BRDA:19,3,1,0
BRDA:22,4,0,0
BRDA:22,4,1,0
BRDA:23,5,0,0
BRDA:24,6,0,0
BRDA:24,6,1,0
BRF:12
BRH:0
end_of_record
TN:
SF:src/features/onboarding/constants.ts
FNF:0
FNH:0
DA:1,0
DA:9,0
DA:16,0
LF:3
LH:0
BRF:0
BRH:0
end_of_record
TN:
SF:src/features/onboarding/handlers.ts
FN:17,extractInterestingFacts
FN:29,(anonymous_10)
FN:38,(anonymous_11)
FN:87,(anonymous_12)
FN:88,(anonymous_13)
FN:89,(anonymous_14)
FN:90,(anonymous_15)
FN:91,(anonymous_16)
FN:112,createStorytelling
FN:147,generateWelcomeGuide
FN:164,generatePersonalizedBioSummary
FN:170,handleOnboarding
FN:260,(anonymous_21)
FN:268,(anonymous_22)
FN:272,(anonymous_23)
FN:325,startOnboarding
FN:344,processMediaForBio
FNF:17
FNH:0
FNDA:0,extractInterestingFacts
FNDA:0,(anonymous_10)
FNDA:0,(anonymous_11)
FNDA:0,(anonymous_12)
FNDA:0,(anonymous_13)
FNDA:0,(anonymous_14)
FNDA:0,(anonymous_15)
FNDA:0,(anonymous_16)
FNDA:0,createStorytelling
FNDA:0,generateWelcomeGuide
FNDA:0,generatePersonalizedBioSummary
FNDA:0,handleOnboarding
FNDA:0,(anonymous_21)
FNDA:0,(anonymous_22)
FNDA:0,(anonymous_23)
FNDA:0,startOnboarding
FNDA:0,processMediaForBio
DA:1,0
DA:4,0
DA:5,0
DA:6,0
DA:7,0
DA:8,0
DA:9,0
DA:10,0
DA:11,0
DA:12,0
DA:13,0
DA:19,0
DA:20,0
DA:23,0
DA:26,0
DA:30,0
DA:31,0
DA:39,0
DA:41,0
DA:65,0
DA:66,0
DA:68,0
DA:69,0
DA:70,0
DA:71,0
DA:72,0
DA:78,0
DA:79,0
DA:80,0
DA:81,0
DA:82,0
DA:83,0
DA:86,0
DA:87,0
DA:88,0
DA:89,0
DA:90,0
DA:91,0
DA:95,0
DA:96,0
DA:97,0
DA:102,0
DA:103,0
DA:108,0
DA:113,0
DA:114,0
DA:117,0
DA:119,0
DA:122,0
DA:123,0
DA:126,0
DA:129,0
DA:132,0
DA:133,0
DA:136,0
DA:137,0
DA:140,0
DA:142,0
DA:148,0
DA:165,0
DA:166,0
DA:170,0
DA:171,0
DA:173,0
DA:175,0
DA:177,0
DA:179,0
DA:180,0
DA:181,0
DA:183,0
DA:184,0
DA:185,0
DA:189,0
DA:192,0
DA:193,0
DA:194,0
DA:196,0
DA:197,0
DA:198,0
DA:202,0
DA:205,0
DA:206,0
DA:207,0
DA:209,0
DA:210,0
DA:211,0
DA:215,0
DA:218,0
DA:219,0
DA:220,0
DA:222,0
DA:223,0
DA:224,0
DA:225,0
DA:229,0
DA:232,0
DA:233,0
DA:234,0
DA:236,0
DA:237,0
DA:238,0
DA:241,0
DA:244,0
DA:248,0
DA:249,0
DA:250,0
DA:251,0
DA:253,0
DA:254,0
DA:256,0
DA:260,0
DA:262,0
DA:264,0
DA:265,0
DA:268,0
DA:271,0
DA:272,0
DA:274,0
DA:277,0
DA:278,0
DA:279,0
DA:281,0
DA:283,0
DA:284,0
DA:288,0
DA:289,0
DA:290,0
DA:291,0
DA:292,0
DA:295,0
DA:298,0
DA:301,0
DA:303,0
DA:306,0
DA:307,0
DA:310,0
DA:311,0
DA:315,0
DA:316,0
DA:317,0
DA:325,0
DA:326,0
DA:328,0
DA:331,0
DA:335,0
DA:349,0
DA:350,0
DA:352,0
DA:353,0
DA:356,0
DA:357,0
DA:359,0
DA:360,0
DA:363,0
DA:364,0
DA:367,0
DA:368,0
DA:369,0
DA:372,0
DA:373,0
DA:375,0
DA:377,0
DA:378,0
DA:381,0
LF:164
LH:0
BRDA:19,0,0,0
BRDA:19,1,0,0
BRDA:19,1,1,0
BRDA:31,2,0,0
BRDA:31,2,1,0
BRDA:31,3,0,0
BRDA:31,3,1,0
BRDA:39,4,0,0
BRDA:39,4,1,0
BRDA:41,5,0,0
BRDA:41,5,1,0
BRDA:41,6,0,0
BRDA:41,6,1,0
BRDA:66,7,0,0
BRDA:68,8,0,0
BRDA:68,8,1,0
BRDA:70,9,0,0
BRDA:71,10,0,0
BRDA:78,11,0,0
BRDA:81,12,0,0
BRDA:81,12,1,0
BRDA:82,13,0,0
BRDA:82,13,1,0
BRDA:83,14,0,0
BRDA:83,14,1,0
BRDA:90,15,0,0
BRDA:90,15,1,0
BRDA:91,16,0,0
BRDA:91,16,1,0
BRDA:96,17,0,0
BRDA:102,18,0,0
BRDA:113,19,0,0
BRDA:113,20,0,0
BRDA:113,20,1,0
BRDA:132,21,0,0
BRDA:136,22,0,0
BRDA:166,23,0,0
BRDA:166,23,1,0
BRDA:171,24,0,0
BRDA:171,25,0,0
BRDA:171,25,1,0
BRDA:175,26,0,0
BRDA:175,26,1,0
BRDA:177,27,0,0
BRDA:177,27,1,0
BRDA:177,27,2,0
BRDA:177,27,3,0
BRDA:177,27,4,0
BRDA:177,27,5,0
BRDA:177,27,6,0
BRDA:179,28,0,0
BRDA:192,29,0,0
BRDA:192,30,0,0
BRDA:192,30,1,0
BRDA:205,31,0,0
BRDA:205,32,0,0
BRDA:205,32,1,0
BRDA:218,33,0,0
BRDA:218,34,0,0
BRDA:218,34,1,0
BRDA:232,35,0,0
BRDA:251,36,0,0
BRDA:251,36,1,0
BRDA:251,36,2,0
BRDA:253,37,0,0
BRDA:253,37,1,0
BRDA:254,38,0,0
BRDA:264,39,0,0
BRDA:264,39,1,0
BRDA:281,40,0,0
BRDA:289,41,0,0
BRDA:301,42,0,0
BRDA:301,42,1,0
BRDA:301,43,0,0
BRDA:301,43,1,0
BRDA:301,44,0,0
BRDA:301,44,1,0
BRDA:301,45,0,0
BRDA:301,45,1,0
BRDA:301,45,2,0
BRDA:301,46,0,0
BRDA:301,46,1,0
BRDA:306,47,0,0
BRDA:306,47,1,0
BRDA:326,48,0,0
BRDA:352,49,0,0
BRDA:359,50,0,0
BRDA:363,51,0,0
BRDA:363,51,1,0
BRDA:363,52,0,0
BRDA:363,52,1,0
BRDA:368,53,0,0
BRF:92
BRH:0
end_of_record
TN:
SF:src/features/onboarding/index.ts
FN:6,registerOnboardingHandlers
FN:8,(anonymous_1)
FNF:2
FNH:0
FNDA:0,registerOnboardingHandlers
FNDA:0,(anonymous_1)
DA:3,0
DA:4,0
DA:6,0
DA:8,0
DA:10,0
DA:12,0
DA:13,0
DA:20,0
DA:23,0
LF:9
LH:0
BRDA:10,0,0,0
BRDA:10,0,1,0
BRDA:12,1,0,0
BRF:3
BRH:0
end_of_record
TN:
SF:src/features/onboarding/keyboards.ts
FN:5,(anonymous_0)
FN:9,(anonymous_1)
FN:13,(anonymous_2)
FNF:3
FNH:0
FNDA:0,(anonymous_0)
FNDA:0,(anonymous_1)
FNDA:0,(anonymous_2)
DA:1,0
DA:2,0
DA:4,0
DA:5,0
DA:6,0
DA:8,0
DA:9,0
DA:10,0
DA:12,0
DA:13,0
DA:14,0
LF:11
LH:0
BRF:0
BRH:0
end_of_record
TN:
SF:src/features/onboarding/utils.ts
FN:3,isValidAgeRange
FN:7,isValidGender
FN:11,isValidTimezone
FN:16,convertToIANATimezone
FNF:4
FNH:0
FNDA:0,isValidAgeRange
FNDA:0,isValidGender
FNDA:0,isValidTimezone
FNDA:0,convertToIANATimezone
DA:1,0
DA:3,0
DA:4,0
DA:7,0
DA:8,0
DA:11,0
DA:12,0
DA:16,0
DA:18,0
DA:19,0
DA:21,0
DA:25,0
DA:44,0
DA:45,0
LF:14
LH:0
BRDA:19,0,0,0
BRDA:45,1,0,0
BRDA:45,1,1,0
BRF:3
BRH:0
end_of_record
TN:
SF:src/features/settings/handlers.ts
FN:14,formatSettingsText
FN:45,showSettingsHandler
FN:72,toggleNotificationsHandler
FN:97,toggleTranscriptionsHandler
FN:128,toggleLanguageHandler
FN:151,setNotificationTimeHandler
FN:197,handleNotificationTimeInput
FN:277,setTimezoneHandler
FN:318,handleTimezoneInput
FN:392,saveTimezone
FN:442,getTimezoneFromUTCOffset
FN:492,getUTCOffsetDisplay
FNF:12
FNH:0
FNDA:0,formatSettingsText
FNDA:0,showSettingsHandler
FNDA:0,toggleNotificationsHandler
FNDA:0,toggleTranscriptionsHandler
FNDA:0,toggleLanguageHandler
FNDA:0,setNotificationTimeHandler
FNDA:0,handleNotificationTimeInput
FNDA:0,setTimezoneHandler
FNDA:0,handleTimezoneInput
FNDA:0,saveTimezone
FNDA:0,getTimezoneFromUTCOffset
FNDA:0,getUTCOffsetDisplay
DA:1,0
DA:4,0
DA:5,0
DA:6,0
DA:7,0
DA:8,0
DA:9,0
DA:15,0
DA:18,0
DA:19,0
DA:20,0
DA:21,0
DA:22,0
DA:26,0
DA:27,0
DA:28,0
DA:29,0
DA:32,0
DA:33,0
DA:35,0
DA:45,0
DA:47,0
DA:48,0
DA:49,0
DA:50,0
DA:57,0
DA:58,0
DA:62,0
DA:63,0
DA:72,0
DA:73,0
DA:74,0
DA:75,0
DA:79,0
DA:81,0
DA:83,0
DA:84,0
DA:89,0
DA:90,0
DA:97,0
DA:98,0
DA:99,0
DA:101,0
DA:102,0
DA:105,0
DA:108,0
DA:112,0
DA:114,0
DA:115,0
DA:120,0
DA:121,0
DA:128,0
DA:129,0
DA:130,0
DA:131,0
DA:133,0
DA:135,0
DA:137,0
DA:138,0
DA:143,0
DA:144,0
DA:151,0
DA:152,0
DA:155,0
DA:156,0
DA:160,0
DA:161,0
DA:164,0
DA:165,0
DA:166,0
DA:167,0
DA:173,0
DA:177,0
DA:178,0
DA:181,0
DA:185,0
DA:197,0
DA:198,0
DA:200,0
DA:203,0
DA:204,0
DA:206,0
DA:207,0
DA:209,0
DA:210,0
DA:211,0
DA:212,0
DA:219,0
DA:220,0
DA:225,0
DA:229,0
DA:237,0
DA:238,0
DA:240,0
DA:243,0
DA:246,0
DA:248,0
DA:250,0
DA:253,0
DA:254,0
DA:257,0
DA:258,0
DA:260,0
DA:261,0
DA:262,0
DA:263,0
DA:265,0
DA:266,0
DA:267,0
DA:268,0
DA:270,0
DA:277,0
DA:278,0
DA:281,0
DA:282,0
DA:286,0
DA:289,0
DA:292,0
DA:293,0
DA:297,0
DA:307,0
DA:318,0
DA:319,0
DA:320,0
DA:324,0
DA:326,0
DA:327,0
DA:328,0
DA:329,0
DA:330,0
DA:333,0
DA:334,0
DA:339,0
DA:342,0
DA:343,0
DA:344,0
DA:345,0
DA:346,0
DA:348,0
DA:352,0
DA:357,0
DA:358,0
DA:359,0
DA:360,0
DA:363,0
DA:366,0
DA:367,0
DA:368,0
DA:370,0
DA:374,0
DA:379,0
DA:380,0
DA:382,0
DA:393,0
DA:395,0
DA:403,0
DA:406,0
DA:409,0
DA:410,0
DA:418,0
DA:419,0
DA:421,0
DA:427,0
DA:429,0
DA:430,0
DA:434,0
DA:435,0
DA:444,0
DA:476,0
DA:478,0
DA:479,0
DA:484,0
DA:485,0
DA:486,0
DA:493,0
DA:494,0
DA:496,0
DA:501,0
DA:504,0
DA:505,0
DA:506,0
DA:509,0
DA:511,0
LF:183
LH:0
BRDA:15,0,0,0
BRDA:15,0,1,0
BRDA:19,1,0,0
BRDA:20,2,0,0
BRDA:20,2,1,0
BRDA:27,3,0,0
BRDA:32,4,0,0
BRDA:32,4,1,0
BRDA:33,5,0,0
BRDA:33,5,1,0
BRDA:47,6,0,0
BRDA:49,7,0,0
BRDA:49,8,0,0
BRDA:49,8,1,0
BRDA:81,9,0,0
BRDA:112,10,0,0
BRDA:131,11,0,0
BRDA:131,11,1,0
BRDA:135,12,0,0
BRDA:155,13,0,0
BRDA:160,14,0,0
BRDA:164,15,0,0
BRDA:166,16,0,0
BRDA:177,17,0,0
BRDA:177,17,1,0
BRDA:198,18,0,0
BRDA:198,19,0,0
BRDA:198,19,1,0
BRDA:198,19,2,0
BRDA:206,20,0,0
BRDA:206,20,1,0
BRDA:206,21,0,0
BRDA:206,21,1,0
BRDA:209,22,0,0
BRDA:211,23,0,0
BRDA:225,24,0,0
BRDA:225,24,1,0
BRDA:238,25,0,0
BRDA:248,26,0,0
BRDA:265,27,0,0
BRDA:265,27,1,0
BRDA:281,28,0,0
BRDA:292,29,0,0
BRDA:310,30,0,0
BRDA:310,30,1,0
BRDA:319,31,0,0
BRDA:319,32,0,0
BRDA:319,32,1,0
BRDA:319,32,2,0
BRDA:324,33,0,0
BRDA:324,33,1,0
BRDA:326,34,0,0
BRDA:333,35,0,0
BRDA:342,36,0,0
BRDA:344,37,0,0
BRDA:344,37,1,0
BRDA:344,38,0,0
BRDA:344,38,1,0
BRDA:358,39,0,0
BRDA:363,40,0,0
BRDA:363,40,1,0
BRDA:363,41,0,0
BRDA:363,41,1,0
BRDA:379,42,0,0
BRDA:379,42,1,0
BRDA:379,43,0,0
BRDA:379,43,1,0
BRDA:478,44,0,0
BRDA:484,45,0,0
BRDA:484,45,1,0
BRDA:505,46,0,0
BRF:71
BRH:0
end_of_record
TN:
SF:src/features/settings/index.ts
FN:22,registerSettingsHandlers
FN:25,(anonymous_1)
FN:43,(anonymous_2)
FN:50,(anonymous_3)
FN:56,(anonymous_4)
FN:61,(anonymous_5)
FN:66,(anonymous_6)
FN:72,(anonymous_7)
FNF:8
FNH:0
FNDA:0,registerSettingsHandlers
FNDA:0,(anonymous_1)
FNDA:0,(anonymous_2)
FNDA:0,(anonymous_3)
FNDA:0,(anonymous_4)
FNDA:0,(anonymous_5)
FNDA:0,(anonymous_6)
FNDA:0,(anonymous_7)
DA:3,0
DA:13,0
DA:15,0
DA:16,0
DA:17,0
DA:18,0
DA:19,0
DA:20,0
DA:22,0
DA:25,0
DA:26,0
DA:28,0
DA:29,0
DA:30,0
DA:31,0
DA:33,0
DA:34,0
DA:35,0
DA:38,0
DA:43,0
DA:44,0
DA:45,0
DA:46,0
DA:50,0
DA:51,0
DA:52,0
DA:53,0
DA:56,0
DA:58,0
DA:61,0
DA:63,0
DA:66,0
DA:67,0
DA:68,0
DA:69,0
DA:72,0
DA:73,0
DA:74,0
DA:75,0
LF:39
LH:0
BRDA:26,0,0,0
BRDA:26,0,1,0
BRDA:28,1,0,0
BRDA:31,2,0,0
BRDA:31,2,1,0
BRDA:33,3,0,0
BRDA:44,4,0,0
BRDA:51,5,0,0
BRDA:67,6,0,0
BRDA:73,7,0,0
BRF:10
BRH:0
end_of_record
TN:
SF:src/features/settings/keyboards.ts
FN:8,createSettingsKeyboard
FNF:1
FNH:0
FNDA:0,createSettingsKeyboard
DA:1,0
DA:8,0
DA:9,0
DA:10,0
DA:11,0
DA:13,0
LF:6
LH:0
BRDA:9,0,0,0
BRDA:9,0,1,0
BRDA:10,1,0,0
BRDA:10,1,1,0
BRDA:11,2,0,0
BRDA:11,2,1,0
BRF:6
BRH:0
end_of_record
TN:
SF:src/services/error.service.ts
FN:13,(anonymous_0)
FN:56,(anonymous_1)
FN:86,(anonymous_2)
FNF:3
FNH:0
FNDA:0,(anonymous_0)
FNDA:0,(anonymous_1)
FNDA:0,(anonymous_2)
DA:2,0
DA:3,0
DA:9,0
DA:18,0
DA:19,0
DA:25,0
DA:26,0
DA:33,0
DA:34,0
DA:43,0
DA:44,0
DA:45,0
DA:46,0
DA:48,0
DA:62,0
DA:69,0
DA:72,0
DA:73,0
DA:76,0
DA:88,0
DA:90,0
DA:91,0
DA:93,0
DA:94,0
DA:96,0
DA:97,0
DA:99,0
DA:100,0
DA:102,0
DA:103,0
DA:105,0
DA:106,0
DA:108,0
DA:109,0
DA:114,0
DA:119,0
LF:36
LH:0
BRDA:16,0,0,0
BRDA:25,1,0,0
BRDA:33,2,0,0
BRDA:43,3,0,0
BRDA:43,3,1,0
BRDA:45,4,0,0
BRDA:45,4,1,0
BRDA:90,5,0,0
BRDA:91,6,0,0
BRDA:91,6,1,0
BRDA:91,6,2,0
BRDA:91,6,3,0
BRDA:91,6,4,0
BRDA:91,6,5,0
BRDA:99,7,0,0
BRDA:99,7,1,0
BRF:16
BRH:0
end_of_record
TN:
SF:src/services/journal-entry.service.ts
FN:27,handleServiceError
FN:53,createEntry
FN:57,(anonymous_2)
FN:66,getOrCreateActiveEntry
FN:70,(anonymous_4)
FN:87,getEntryById
FN:91,(anonymous_6)
FN:103,addTextMessage
FN:113,(anonymous_8)
FN:139,addVoiceMessage
FN:151,(anonymous_10)
FN:179,addVideoMessage
FN:191,(anonymous_12)
FN:214,updateEntryFullText
FN:218,(anonymous_14)
FN:229,(anonymous_15)
FN:237,(anonymous_16)
FN:253,completeEntry
FN:261,(anonymous_18)
FN:287,generateQuestionsForEntry
FN:324,updateEntryAnalysisAndQuestions
FN:332,(anonymous_21)
FN:346,validateEntryBelongsToUser
FN:353,(anonymous_23)
FN:378,generateAndStoreAnalysis
FN:383,(anonymous_25)
FN:408,generateAndStoreQuestions
FN:413,(anonymous_27)
FNF:28
FNH:0
FNDA:0,handleServiceError
FNDA:0,createEntry
FNDA:0,(anonymous_2)
FNDA:0,getOrCreateActiveEntry
FNDA:0,(anonymous_4)
FNDA:0,getEntryById
FNDA:0,(anonymous_6)
FNDA:0,addTextMessage
FNDA:0,(anonymous_8)
FNDA:0,addVoiceMessage
FNDA:0,(anonymous_10)
FNDA:0,addVideoMessage
FNDA:0,(anonymous_12)
FNDA:0,updateEntryFullText
FNDA:0,(anonymous_14)
FNDA:0,(anonymous_15)
FNDA:0,(anonymous_16)
FNDA:0,completeEntry
FNDA:0,(anonymous_18)
FNDA:0,generateQuestionsForEntry
FNDA:0,updateEntryAnalysisAndQuestions
FNDA:0,(anonymous_21)
FNDA:0,validateEntryBelongsToUser
FNDA:0,(anonymous_23)
FNDA:0,generateAndStoreAnalysis
FNDA:0,(anonymous_25)
FNDA:0,generateAndStoreQuestions
FNDA:0,(anonymous_27)
DA:1,0
DA:2,0
DA:3,0
DA:4,0
DA:5,0
DA:18,0
DA:32,0
DA:33,0
DA:35,0
DA:44,0
DA:53,0
DA:54,0
DA:57,0
DA:66,0
DA:67,0
DA:71,0
DA:73,0
DA:74,0
DA:77,0
DA:87,0
DA:88,0
DA:91,0
DA:103,0
DA:109,0
DA:110,0
DA:114,0
DA:122,0
DA:123,0
DA:124,0
DA:139,0
DA:147,0
DA:148,0
DA:152,0
DA:162,0
DA:163,0
DA:164,0
DA:179,0
DA:187,0
DA:188,0
DA:192,0
DA:202,0
DA:203,0
DA:204,0
DA:214,0
DA:215,0
DA:220,0
DA:221,0
DA:222,0
DA:226,0
DA:228,0
DA:230,0
DA:231,0
DA:232,0
DA:233,0
DA:235,0
DA:237,0
DA:240,0
DA:241,0
DA:253,0
DA:258,0
DA:262,0
DA:264,0
DA:265,0
DA:266,0
DA:268,0
DA:269,0
DA:271,0
DA:273,0
DA:274,0
DA:276,0
DA:287,0
DA:291,0
DA:292,0
DA:293,0
DA:294,0
DA:297,0
DA:298,0
DA:300,0
DA:302,0
DA:313,0
DA:324,0
DA:329,0
DA:333,0
DA:334,0
DA:335,0
DA:346,0
DA:350,0
DA:354,0
DA:355,0
DA:356,0
DA:358,0
DA:359,0
DA:360,0
DA:366,0
DA:378,0
DA:379,0
DA:380,0
DA:384,0
DA:385,0
DA:386,0
DA:388,0
DA:389,0
DA:390,0
DA:391,0
DA:394,0
DA:395,0
DA:396,0
DA:408,0
DA:409,0
DA:410,0
DA:414,0
DA:415,0
DA:416,0
DA:418,0
DA:419,0
DA:420,0
DA:421,0
DA:424,0
DA:425,0
DA:426,0
LF:120
LH:0
BRDA:39,0,0,0
BRDA:39,0,1,0
BRDA:73,1,0,0
BRDA:221,2,0,0
BRDA:226,3,0,0
BRDA:226,3,1,0
BRDA:230,4,0,0
BRDA:230,4,1,0
BRDA:231,5,0,0
BRDA:231,5,1,0
BRDA:232,6,0,0
BRDA:232,7,0,0
BRDA:232,7,1,0
BRDA:233,8,0,0
BRDA:233,8,1,0
BRDA:265,9,0,0
BRDA:268,10,0,0
BRDA:268,11,0,0
BRDA:268,11,1,0
BRDA:268,11,2,0
BRDA:293,12,0,0
BRDA:303,13,0,0
BRDA:303,13,1,0
BRDA:355,14,0,0
BRDA:358,15,0,0
BRDA:358,15,1,0
BRDA:359,16,0,0
BRDA:359,17,0,0
BRDA:359,17,1,0
BRDA:363,18,0,0
BRDA:363,18,1,0
BRDA:379,19,0,0
BRDA:379,19,1,0
BRDA:385,20,0,0
BRDA:390,21,0,0
BRDA:409,22,0,0
BRDA:409,22,1,0
BRDA:415,23,0,0
BRDA:420,24,0,0
BRF:39
BRH:0
end_of_record
TN:
SF:src/services/notification.service.ts
FN:25,(anonymous_0)
FN:27,(anonymous_1)
FN:34,(anonymous_2)
FN:41,(anonymous_3)
FN:48,(anonymous_4)
FN:62,(anonymous_5)
FN:85,(anonymous_6)
FN:117,(anonymous_7)
FN:121,(anonymous_8)
FN:144,(anonymous_9)
FN:153,(anonymous_10)
FN:155,(anonymous_11)
FN:172,(anonymous_12)
FN:203,(anonymous_13)
FN:213,(anonymous_14)
FN:223,(anonymous_15)
FN:260,(anonymous_16)
FN:327,(anonymous_17)
FN:358,(anonymous_18)
FN:391,(anonymous_19)
FN:413,(anonymous_20)
FNF:21
FNH:17
FNDA:1,(anonymous_0)
FNDA:1,(anonymous_1)
FNDA:4,(anonymous_2)
FNDA:0,(anonymous_3)
FNDA:3,(anonymous_4)
FNDA:8,(anonymous_5)
FNDA:1,(anonymous_6)
FNDA:1,(anonymous_7)
FNDA:2,(anonymous_8)
FNDA:2,(anonymous_9)
FNDA:2,(anonymous_10)
FNDA:1,(anonymous_11)
FNDA:6,(anonymous_12)
FNDA:0,(anonymous_13)
FNDA:4,(anonymous_14)
FNDA:1,(anonymous_15)
FNDA:2,(anonymous_16)
FNDA:3,(anonymous_17)
FNDA:3,(anonymous_18)
FNDA:0,(anonymous_19)
FNDA:0,(anonymous_20)
DA:1,1
DA:2,1
DA:3,1
DA:4,1
DA:5,1
DA:6,1
DA:9,1
DA:19,1
DA:20,1
DA:28,1
DA:29,1
DA:31,1
DA:35,4
DA:36,1
DA:37,1
DA:41,3
DA:42,3
DA:45,3
DA:49,3
DA:50,3
DA:51,3
DA:52,3
DA:55,3
DA:63,8
DA:64,0
DA:65,0
DA:68,8
DA:69,8
DA:70,8
DA:72,8
DA:76,7
DA:78,1
DA:86,1
DA:87,1
DA:90,1
DA:93,1
DA:94,1
DA:96,1
DA:99,1
DA:101,0
DA:102,0
DA:104,0
DA:105,0
DA:106,0
DA:109,0
DA:118,1
DA:122,2
DA:123,2
DA:124,2
DA:127,2
DA:128,2
DA:131,2
DA:140,2
DA:141,1
DA:144,1
DA:145,2
DA:152,1
DA:154,2
DA:156,1
DA:157,1
DA:163,0
DA:165,0
DA:173,6
DA:176,6
DA:180,6
DA:183,1
DA:189,1
DA:191,1
DA:192,1
DA:193,1
DA:198,5
DA:201,5
DA:204,0
DA:208,5
DA:209,4
DA:212,4
DA:213,4
DA:215,4
DA:219,1
DA:224,1
DA:231,1
DA:232,1
DA:235,1
DA:237,1
DA:239,1
DA:242,1
DA:266,2
DA:267,2
DA:270,2
DA:271,2
DA:272,2
DA:276,2
DA:278,1
DA:279,1
DA:282,1
DA:284,1
DA:285,1
DA:288,2
DA:294,2
DA:295,2
DA:296,0
DA:297,0
DA:300,0
DA:301,0
DA:304,0
DA:305,0
DA:309,0
DA:311,0
DA:313,2
DA:316,0
DA:317,0
DA:328,3
DA:329,3
DA:331,3
DA:332,2
DA:335,1
DA:336,1
DA:339,1
DA:341,1
DA:343,1
DA:349,0
DA:350,0
DA:359,3
DA:361,3
DA:365,3
DA:367,3
DA:369,3
DA:370,2
DA:378,3
DA:380,0
DA:381,0
DA:382,0
DA:395,0
DA:396,0
DA:401,0
DA:403,0
DA:404,0
DA:417,0
DA:418,0
DA:423,0
DA:425,0
DA:426,0
DA:431,1
LF:143
LH:107
BRDA:28,0,0,1
BRDA:35,1,0,1
BRDA:49,2,0,3
BRDA:62,3,0,6
BRDA:63,4,0,0
BRDA:63,5,0,8
BRDA:63,5,1,8
BRDA:70,6,0,2
BRDA:70,6,1,6
BRDA:87,7,0,1
BRDA:87,7,1,0
BRDA:90,8,0,1
BRDA:90,8,1,1
BRDA:99,9,0,0
BRDA:104,10,0,0
BRDA:104,11,0,0
BRDA:104,11,1,0
BRDA:140,12,0,1
BRDA:147,13,0,0
BRDA:147,13,1,2
BRDA:165,14,0,0
BRDA:165,14,1,0
BRDA:172,15,0,2
BRDA:191,16,0,1
BRDA:191,16,1,1
BRDA:192,17,0,0
BRDA:192,17,1,1
BRDA:198,18,0,5
BRDA:198,18,1,0
BRDA:208,19,0,4
BRDA:231,20,0,1
BRDA:231,20,1,0
BRDA:232,21,0,1
BRDA:232,21,1,0
BRDA:235,22,0,1
BRDA:235,23,0,1
BRDA:235,23,1,1
BRDA:244,24,0,1
BRDA:244,24,1,1
BRDA:270,25,0,2
BRDA:276,26,0,1
BRDA:279,27,0,1
BRDA:279,27,1,0
BRDA:279,27,2,0
BRDA:295,28,0,0
BRDA:295,28,1,2
BRDA:295,29,0,2
BRDA:295,29,1,0
BRDA:304,30,0,0
BRDA:313,31,0,0
BRDA:313,31,1,2
BRDA:331,32,0,2
BRDA:331,33,0,3
BRDA:331,33,1,2
BRDA:335,34,0,1
BRDA:335,34,1,0
BRDA:367,35,0,3
BRDA:367,35,1,2
BRDA:369,36,0,2
BRDA:372,37,0,1
BRDA:372,37,1,1
BRDA:373,38,0,1
BRDA:373,38,1,1
BRDA:381,39,0,0
BRDA:381,39,1,0
BRF:65
BRH:43
end_of_record
TN:
SF:src/types/errors.ts
FN:10,(anonymous_0)
FN:33,(anonymous_1)
FN:45,(anonymous_2)
FN:57,(anonymous_3)
FN:71,(anonymous_4)
FN:86,(anonymous_5)
FN:102,(anonymous_6)
FN:128,(anonymous_7)
FN:140,(anonymous_8)
FN:153,isKnownError
FNF:10
FNH:0
FNDA:0,(anonymous_0)
FNDA:0,(anonymous_1)
FNDA:0,(anonymous_2)
FNDA:0,(anonymous_3)
FNDA:0,(anonymous_4)
FNDA:0,(anonymous_5)
FNDA:0,(anonymous_6)
FNDA:0,(anonymous_7)
FNDA:0,(anonymous_8)
FNDA:0,isKnownError
DA:5,0
DA:16,0
DA:17,0
DA:18,0
DA:19,0
DA:20,0
DA:23,0
DA:24,0
DA:32,0
DA:37,0
DA:44,0
DA:49,0
DA:56,0
DA:63,0
DA:70,0
DA:75,0
DA:82,0
DA:91,0
DA:92,0
DA:93,0
DA:94,0
DA:101,0
DA:107,0
DA:114,0
DA:127,0
DA:130,0
DA:131,0
DA:132,0
DA:134,0
DA:135,0
DA:139,0
DA:142,0
DA:143,0
DA:144,0
DA:146,0
DA:147,0
DA:153,0
DA:154,0
LF:38
LH:0
BRDA:12,0,0,0
BRDA:23,1,0,0
BRDA:34,2,0,0
BRDA:46,3,0,0
BRDA:58,4,0,0
BRDA:59,5,0,0
BRDA:72,6,0,0
BRDA:88,7,0,0
BRDA:103,8,0,0
BRDA:154,9,0,0
BRDA:154,9,1,0
BRDA:154,9,2,0
BRF:12
BRH:0
end_of_record
TN:
SF:src/types/models.ts
FN:34,(anonymous_0)
FN:41,(anonymous_1)
FN:70,(anonymous_2)
FNF:3
FNH:0
FNDA:0,(anonymous_0)
FNDA:0,(anonymous_1)
FNDA:0,(anonymous_2)
DA:34,0
DA:35,0
DA:36,0
DA:37,0
DA:38,0
DA:41,0
DA:42,0
DA:43,0
DA:70,0
DA:71,0
DA:72,0
DA:73,0
DA:74,0
LF:13
LH:0
BRDA:34,0,0,0
BRDA:34,0,1,0
BRDA:41,1,0,0
BRDA:41,1,1,0
BRDA:70,2,0,0
BRDA:70,2,1,0
BRF:6
BRH:0
end_of_record
TN:
SF:src/utils/bot-logger-middleware.ts
FN:11,botLoggerMiddleware
FN:12,(anonymous_1)
FNF:2
FNH:0
FNDA:0,botLoggerMiddleware
FNDA:0,(anonymous_1)
DA:3,0
DA:6,0
DA:11,0
DA:12,0
DA:14,0
DA:17,0
DA:18,0
DA:29,0
DA:30,0
DA:42,0
DA:45,0
DA:48,0
LF:12
LH:0
BRDA:17,0,0,0
BRDA:23,1,0,0
BRDA:23,1,1,0
BRDA:23,1,2,0
BRDA:23,1,3,0
BRDA:29,2,0,0
BRDA:34,3,0,0
BRDA:34,3,1,0
BRF:8
BRH:0
end_of_record
TN:
SF:src/utils/command-logger.ts
FN:15,logCommandStart
FN:24,logCommandEnd
FN:40,serializeArguments
FN:43,(anonymous_3)
FN:64,withCommandLogging
FN:68,(anonymous_5)
FN:98,setCommandLogLevel
FNF:7
FNH:0
FNDA:0,logCommandStart
FNDA:0,logCommandEnd
FNDA:0,serializeArguments
FNDA:0,(anonymous_3)
FNDA:0,withCommandLogging
FNDA:0,(anonymous_5)
FNDA:0,setCommandLogLevel
DA:1,0
DA:2,0
DA:5,0
DA:8,0
DA:15,0
DA:16,0
DA:17,0
DA:24,0
DA:25,0
DA:26,0
DA:27,0
DA:28,0
DA:29,0
DA:31,0
DA:41,0
DA:43,0
DA:44,0
DA:45,0
DA:49,0
DA:50,0
DA:54,0
DA:64,0
DA:68,0
DA:69,0
DA:71,0
DA:72,0
DA:75,0
DA:78,0
DA:80,0
DA:83,0
DA:86,0
DA:89,0
DA:98,0
DA:99,0
LF:34
LH:0
BRDA:26,0,0,0
BRDA:26,0,1,0
BRDA:41,1,0,0
BRDA:44,2,0,0
BRDA:44,3,0,0
BRDA:44,3,1,0
BRDA:49,4,0,0
BRDA:72,5,0,0
BRDA:72,5,1,0
BRF:9
BRH:0
end_of_record
TN:
SF:src/utils/logger.ts
FN:5,(anonymous_9)
FN:5,(anonymous_10)
FN:11,(anonymous_11)
FN:12,(anonymous_12)
FN:13,(anonymous_13)
FN:14,(anonymous_14)
FN:15,(anonymous_15)
FN:20,(anonymous_16)
FN:41,(anonymous_17)
FN:52,(anonymous_18)
FN:59,(anonymous_19)
FN:60,(anonymous_20)
FN:72,(anonymous_21)
FN:78,(anonymous_22)
FN:85,(anonymous_23)
FN:92,(anonymous_24)
FN:99,(anonymous_25)
FN:106,(anonymous_26)
FN:113,(anonymous_27)
FN:120,(anonymous_28)
FN:128,(anonymous_29)
FN:133,(anonymous_30)
FN:142,createLogger
FNF:23
FNH:0
FNDA:0,(anonymous_9)
FNDA:0,(anonymous_10)
FNDA:0,(anonymous_11)
FNDA:0,(anonymous_12)
FNDA:0,(anonymous_13)
FNDA:0,(anonymous_14)
FNDA:0,(anonymous_15)
FNDA:0,(anonymous_16)
FNDA:0,(anonymous_17)
FNDA:0,(anonymous_18)
FNDA:0,(anonymous_19)
FNDA:0,(anonymous_20)
FNDA:0,(anonymous_21)
FNDA:0,(anonymous_22)
FNDA:0,(anonymous_23)
FNDA:0,(anonymous_24)
FNDA:0,(anonymous_25)
FNDA:0,(anonymous_26)
FNDA:0,(anonymous_27)
FNDA:0,(anonymous_28)
FNDA:0,(anonymous_29)
FNDA:0,(anonymous_30)
FNDA:0,createLogger
DA:3,0
DA:5,0
DA:6,0
DA:10,0
DA:11,0
DA:12,0
DA:13,0
DA:14,0
DA:15,0
DA:20,0
DA:21,0
DA:22,0
DA:23,0
DA:24,0
DA:25,0
DA:26,0
DA:30,0
DA:33,0
DA:36,0
DA:46,0
DA:47,0
DA:48,0
DA:53,0
DA:54,0
DA:55,0
DA:60,0
DA:62,0
DA:72,0
DA:73,0
DA:79,0
DA:80,0
DA:86,0
DA:87,0
DA:93,0
DA:94,0
DA:100,0
DA:101,0
DA:107,0
DA:108,0
DA:114,0
DA:115,0
DA:116,0
DA:121,0
DA:122,0
DA:123,0
DA:129,0
DA:134,0
DA:139,0
DA:142,0
DA:147,0
LF:50
LH:0
BRDA:20,0,0,0
BRDA:20,0,1,0
BRDA:43,1,0,0
BRDA:44,2,0,0
BRDA:79,3,0,0
BRDA:80,4,0,0
BRDA:80,4,1,0
BRDA:86,5,0,0
BRDA:87,6,0,0
BRDA:87,6,1,0
BRDA:93,7,0,0
BRDA:94,8,0,0
BRDA:94,8,1,0
BRDA:100,9,0,0
BRDA:101,10,0,0
BRDA:101,10,1,0
BRDA:107,11,0,0
BRDA:108,12,0,0
BRDA:108,12,1,0
BRDA:114,13,0,0
BRDA:115,14,0,0
BRDA:115,14,1,0
BRDA:121,15,0,0
BRDA:122,16,0,0
BRDA:122,16,1,0
BRF:25
BRH:0
end_of_record
TN:
SF:src/utils/timezone.ts
FN:12,convertToUTC
FN:27,(anonymous_1)
FN:28,(anonymous_2)
FN:29,(anonymous_3)
FN:48,convertFromUTC
FN:87,getUserTimezoneOffset
FN:106,(anonymous_6)
FN:181,getAvailableTimezones
FN:199,detectUserTimezone
FN:213,isValidTimezone
FN:228,formatTimeWithTimezone
FN:255,guessUserTimezone
FNF:12
FNH:10
FNDA:2,convertToUTC
FNDA:10,(anonymous_1)
FNDA:2,(anonymous_2)
FNDA:6,(anonymous_3)
FNDA:1,convertFromUTC
FNDA:2,getUserTimezoneOffset
FNDA:4,(anonymous_6)
FNDA:2,getAvailableTimezones
FNDA:0,detectUserTimezone
FNDA:4,isValidTimezone
FNDA:2,formatTimeWithTimezone
FNDA:0,guessUserTimezone
DA:12,1
DA:14,2
DA:17,2
DA:18,2
DA:26,2
DA:27,10
DA:28,2
DA:29,6
DA:32,2
DA:35,2
DA:36,2
DA:39,2
DA:48,1
DA:50,1
DA:53,1
DA:54,1
DA:57,1
DA:65,1
DA:69,1
DA:70,1
DA:72,1
DA:73,1
DA:74,1
DA:75,1
DA:79,0
DA:88,2
DA:91,2
DA:99,2
DA:106,2
DA:107,4
DA:108,4
DA:109,4
DA:111,0
DA:114,2
DA:115,2
DA:118,2
DA:121,2
DA:122,2
DA:124,2
DA:130,1
DA:150,1
DA:181,1
DA:182,2
DA:184,2
DA:185,1
DA:192,1
DA:199,1
DA:200,0
DA:201,0
DA:204,0
DA:213,1
DA:214,4
DA:215,4
DA:216,3
DA:218,1
DA:228,1
DA:229,2
DA:231,2
DA:232,2
DA:238,1
DA:239,1
DA:241,1
DA:244,1
DA:255,1
DA:256,0
DA:258,0
DA:261,0
DA:283,0
DA:284,0
DA:288,0
DA:289,0
DA:290,0
DA:291,0
DA:292,0
DA:298,0
DA:300,0
DA:301,0
LF:77
LH:59
BRDA:27,0,0,2
BRDA:27,0,1,0
BRDA:28,1,0,2
BRDA:28,1,1,0
BRDA:29,2,0,2
BRDA:29,2,1,0
BRDA:72,3,0,1
BRDA:108,4,0,4
BRDA:121,5,0,0
BRDA:122,6,0,0
BRDA:184,7,0,1
BRDA:184,8,0,2
BRDA:184,8,1,2
BRDA:258,9,0,0
BRDA:258,9,1,0
BRDA:283,10,0,0
BRDA:283,11,0,0
BRDA:283,11,1,0
BRDA:289,12,0,0
BRDA:291,13,0,0
BRF:20
BRH:8
end_of_record
